2020-04-08 13:30:06,415 [TestNG-PoolService-0] INFO  log - ***************** Starting Test: runScenario *****************
2020-04-08 13:30:38,739 [TestNG-PoolService-0] INFO  log - ***************** Starting Scenario: As a user I Login with invalid password and should get Incorrect username or password massage display *****************
2020-04-08 13:30:39,459 [TestNG-PoolService-0] INFO  log - Method - parseJsonTestData -  : Loaded test data from file: BorrowerPortalVerifyData.json : {"Description":"Incorrect username or password."}
2020-04-08 13:30:47,116 [TestNG-PoolService-0] INFO  log - Method - reportPass - Clicked on Signin Page
2020-04-08 13:31:00,996 [TestNG-PoolService-0] INFO  log - Method - reportPass - Verified Incorrect username or password text
2020-04-08 13:31:01,574 [TestNG-PoolService-0] INFO  log - Method - testPass - Test Passed: As a user I Login with invalid password and should get Incorrect username or password massage display
2020-04-08 13:31:01,575 [TestNG-PoolService-0] INFO  log - ***************** End of Scenario: As a user I Login with invalid password and should get Incorrect username or password massage display *****************
2020-04-08 13:31:06,167 [TestNG-PoolService-0] INFO  log - ***************** End of Test: runScenario *****************
2020-04-08 13:31:06,724 [TestNG-PoolService-0] INFO  log - ***************** Starting Test: runScenario *****************
2020-04-08 13:31:15,706 [TestNG-PoolService-0] INFO  log - ***************** Starting Scenario: As a user I Login with valid email and password and should signin and able to view My Loan heder name *****************
2020-04-08 13:31:15,708 [TestNG-PoolService-0] INFO  log - Method - parseJsonTestData -  : Loaded test data from file: BorrowerPortalVerifyData.json : {"MyLoanAccountNumber":"49265","HeaderNameMyLoan":"My Loan","CurrentNetPrincipalLimitText":"Current Net Principal Limit"}
2020-04-08 13:31:20,714 [TestNG-PoolService-0] INFO  log - Method - reportPass - Navigate to URL
2020-04-08 13:31:28,759 [TestNG-PoolService-0] INFO  log - Method - reportPass - Clicked on Signin Page
2020-04-08 13:31:37,918 [TestNG-PoolService-0] ERROR log - Failure in method: waitForPageReadyState occurred FAIL: Java script load not found. Exception: org.openqa.selenium.WebDriverException: unknown error: jQuery is not defined
  (Session info: chrome=80.0.3987.149)
  (Driver info: chromedriver=2.38.552522 (437e6fbedfa8762dec75e2c5b3ddb86763dc9dcb),platform=Windows NT 10.0.14393 x86_64) (WARNING: The server did not provide any stacktrace information)
Command duration or timeout: 0 milliseconds
Build info: version: '3.14.0', revision: 'aacccce0', time: '2018-08-02T20:19:58.91Z'
System info: host: 'VMT3441', ip: '192.168.0.5', os.name: 'Windows 10', os.arch: 'amd64', os.version: '10.0', java.version: '1.8.0_144'
Driver info: org.openqa.selenium.chrome.ChromeDriver
Capabilities {acceptInsecureCerts: false, acceptSslCerts: false, applicationCacheEnabled: false, browserConnectionEnabled: false, browserName: chrome, chrome: {chromedriverVersion: 2.38.552522 (437e6fbedfa876..., userDataDir: C:\Users\SATISH~2\AppData\L...}, cssSelectorsEnabled: true, databaseEnabled: false, handlesAlerts: true, hasTouchScreen: false, javascriptEnabled: true, locationContextEnabled: true, mobileEmulationEnabled: false, nativeEvents: true, networkConnectionEnabled: false, pageLoadStrategy: normal, platform: XP, platformName: XP, rotatable: false, setWindowRect: true, takesHeapSnapshot: true, takesScreenshot: true, unexpectedAlertBehaviour: , unhandledPromptBehavior: , version: 80.0.3987.149, webStorageEnabled: true}
Session ID: 947cef442666c50485b58c462419cffe
2020-04-08 13:31:37,947 [TestNG-PoolService-0] INFO  log - Method - reportPass - Verified My Loan text
2020-04-08 13:31:43,335 [TestNG-PoolService-0] INFO  log - Method - reportPass - Verified Account Number
2020-04-08 13:31:43,619 [TestNG-PoolService-0] INFO  log - Method - testPass - Test Passed: As a user I Login with valid email and password and should signin and able to view My Loan heder name
2020-04-08 13:31:43,619 [TestNG-PoolService-0] INFO  log - ***************** End of Scenario: As a user I Login with valid email and password and should signin and able to view My Loan heder name *****************
2020-04-08 13:31:44,499 [TestNG-PoolService-0] INFO  log - ***************** End of Test: runScenario *****************
2020-04-08 13:31:44,500 [TestNG-PoolService-0] INFO  log - ***************** Starting Test: runScenario *****************
2020-04-08 13:31:52,735 [TestNG-PoolService-0] INFO  log - ***************** Starting Scenario: As a user I Login to celink and verify common question page title *****************
2020-04-08 13:31:52,737 [TestNG-PoolService-0] INFO  log - Method - parseJsonTestData -  : Loaded test data from file: BorrowerPortalVerifyData.json : {"CommonQuestionPageHeader":"Common Questions"}
2020-04-08 13:31:57,748 [TestNG-PoolService-0] INFO  log - Method - reportPass - Navigate to URL
2020-04-08 13:32:05,842 [TestNG-PoolService-0] INFO  log - Method - reportPass - Clicked on Signin Page
2020-04-08 13:32:21,557 [TestNG-PoolService-0] INFO  log - Method - reportPass - Clicked on common question tab
2020-04-08 13:32:26,909 [TestNG-PoolService-0] INFO  log - Method - reportPass - Verified Common Questions text
2020-04-08 13:32:27,214 [TestNG-PoolService-0] INFO  log - Method - testPass - Test Passed: As a user I Login to celink and verify common question page title
2020-04-08 13:32:27,215 [TestNG-PoolService-0] INFO  log - ***************** End of Scenario: As a user I Login to celink and verify common question page title *****************
2020-04-08 13:32:28,148 [TestNG-PoolService-0] INFO  log - ***************** End of Test: runScenario *****************
2020-04-08 13:32:28,149 [TestNG-PoolService-0] INFO  log - ***************** Starting Test: runScenario *****************
2020-04-08 13:32:37,074 [TestNG-PoolService-0] INFO  log - ***************** Starting Scenario: As a user I Login to celink and navigated to View Loan Details and verified Current Net Principal Limit text *****************
2020-04-08 13:32:37,075 [TestNG-PoolService-0] INFO  log - Method - parseJsonTestData -  : Loaded test data from file: BorrowerPortalVerifyData.json : {"MyLoanAccountNumber":"49265","HeaderNameMyLoan":"My Loan","CurrentNetPrincipalLimitText":"Current Net Principal Limit"}
2020-04-08 13:32:42,082 [TestNG-PoolService-0] INFO  log - Method - reportPass - Navigate to URL
2020-04-08 13:32:50,134 [TestNG-PoolService-0] INFO  log - Method - reportPass - Clicked on Signin Page
2020-04-08 13:33:03,750 [TestNG-PoolService-0] INFO  log - Method - reportPass - Clicked on Loan Details tab
2020-04-08 13:33:09,193 [TestNG-PoolService-0] INFO  log - Method - reportPass - Verified Current Net Principal Limit text in Loan Details Tab 
2020-04-08 13:33:09,466 [TestNG-PoolService-0] INFO  log - Method - testPass - Test Passed: As a user I Login to celink and navigated to View Loan Details and verified Current Net Principal Limit text
2020-04-08 13:33:09,467 [TestNG-PoolService-0] INFO  log - ***************** End of Scenario: As a user I Login to celink and navigated to View Loan Details and verified Current Net Principal Limit text *****************
2020-04-08 13:33:10,428 [TestNG-PoolService-0] INFO  log - ***************** End of Test: runScenario *****************
2020-04-08 13:33:10,429 [TestNG-PoolService-0] INFO  log - ***************** Starting Test: runScenario *****************
2020-04-08 13:33:18,702 [TestNG-PoolService-0] INFO  log - ***************** Starting Scenario: As a user I Login to celink and navigated to borrower details and verified name *****************
2020-04-08 13:33:18,703 [TestNG-PoolService-0] INFO  log - Method - parseJsonTestData -  : Loaded test data from file: BorrowerPortalVerifyData.json : {"BorrowerName":"ANITA Bortest"}
2020-04-08 13:33:23,710 [TestNG-PoolService-0] INFO  log - Method - reportPass - Navigate to URL
2020-04-08 13:33:31,935 [TestNG-PoolService-0] INFO  log - Method - reportPass - Clicked on Signin Page
2020-04-08 13:33:45,703 [TestNG-PoolService-0] INFO  log - Method - reportPass - Clicked on borrower Details tab
2020-04-08 13:33:51,109 [TestNG-PoolService-0] INFO  log - Method - reportPass - Verified borrower details name text in borrower Details Tab 
2020-04-08 13:33:51,377 [TestNG-PoolService-0] INFO  log - Method - testPass - Test Passed: As a user I Login to celink and navigated to borrower details and verified name
2020-04-08 13:33:51,377 [TestNG-PoolService-0] INFO  log - ***************** End of Scenario: As a user I Login to celink and navigated to borrower details and verified name *****************
2020-04-08 13:33:52,335 [TestNG-PoolService-0] INFO  log - ***************** End of Test: runScenario *****************
2020-04-08 13:35:01,301 [TestNG-PoolService-0] INFO  log - ***************** Starting Test: runScenario *****************
2020-04-08 13:35:11,315 [TestNG-PoolService-0] INFO  log - ***************** Starting Scenario: As a user I Login with invalid password and should get Incorrect username or password massage display *****************
2020-04-08 13:35:11,378 [TestNG-PoolService-0] INFO  log - Method - parseJsonTestData -  : Loaded test data from file: BorrowerPortalVerifyData.json : {"Description":"Incorrect username or password."}
2020-04-08 13:35:19,011 [TestNG-PoolService-0] INFO  log - Method - reportPass - Clicked on Signin Page
2020-04-08 13:35:32,675 [TestNG-PoolService-0] INFO  log - Method - reportPass - Verified Incorrect username or password text
2020-04-08 13:35:33,183 [TestNG-PoolService-0] INFO  log - Method - testPass - Test Passed: As a user I Login with invalid password and should get Incorrect username or password massage display
2020-04-08 13:35:33,184 [TestNG-PoolService-0] INFO  log - ***************** End of Scenario: As a user I Login with invalid password and should get Incorrect username or password massage display *****************
2020-04-08 13:35:34,274 [TestNG-PoolService-0] INFO  log - ***************** End of Test: runScenario *****************
2020-04-08 13:35:34,316 [TestNG-PoolService-0] INFO  log - ***************** Starting Test: runScenario *****************
2020-04-08 13:35:41,028 [TestNG-PoolService-0] INFO  log - ***************** Starting Scenario: As a user I Login with valid email and password and should signin and able to view My Loan heder name *****************
2020-04-08 13:35:41,030 [TestNG-PoolService-0] INFO  log - Method - parseJsonTestData -  : Loaded test data from file: BorrowerPortalVerifyData.json : {"MyLoanAccountNumber":"49265","HeaderNameMyLoan":"My Loan Test","CurrentNetPrincipalLimitText":"Current Net Principal Limit"}
2020-04-08 13:35:46,038 [TestNG-PoolService-0] INFO  log - Method - reportPass - Navigate to URL
2020-04-08 13:35:54,060 [TestNG-PoolService-0] INFO  log - Method - reportPass - Clicked on Signin Page
2020-04-08 13:36:02,606 [TestNG-PoolService-0] ERROR log - Failure in method: waitForPageReadyState occurred FAIL: Java script load not found. Exception: org.openqa.selenium.WebDriverException: unknown error: jQuery is not defined
  (Session info: chrome=80.0.3987.149)
  (Driver info: chromedriver=2.38.552522 (437e6fbedfa8762dec75e2c5b3ddb86763dc9dcb),platform=Windows NT 10.0.14393 x86_64) (WARNING: The server did not provide any stacktrace information)
Command duration or timeout: 0 milliseconds
Build info: version: '3.14.0', revision: 'aacccce0', time: '2018-08-02T20:19:58.91Z'
System info: host: 'VMT3441', ip: '192.168.0.5', os.name: 'Windows 10', os.arch: 'amd64', os.version: '10.0', java.version: '1.8.0_144'
Driver info: org.openqa.selenium.chrome.ChromeDriver
Capabilities {acceptInsecureCerts: false, acceptSslCerts: false, applicationCacheEnabled: false, browserConnectionEnabled: false, browserName: chrome, chrome: {chromedriverVersion: 2.38.552522 (437e6fbedfa876..., userDataDir: C:\Users\SATISH~2\AppData\L...}, cssSelectorsEnabled: true, databaseEnabled: false, handlesAlerts: true, hasTouchScreen: false, javascriptEnabled: true, locationContextEnabled: true, mobileEmulationEnabled: false, nativeEvents: true, networkConnectionEnabled: false, pageLoadStrategy: normal, platform: XP, platformName: XP, rotatable: false, setWindowRect: true, takesHeapSnapshot: true, takesScreenshot: true, unexpectedAlertBehaviour: , unhandledPromptBehavior: , version: 80.0.3987.149, webStorageEnabled: true}
Session ID: ae38cb5df1488b7982a0a21a80c5e5b3
2020-04-08 13:36:02,647 [TestNG-PoolService-0] INFO  log - Method - reportHardFail - Unable to verify My Loan text
2020-04-08 13:36:02,930 [TestNG-PoolService-0] INFO  log - Method - testFail - Test Failed in: As a user I Login with valid email and password and should signin and able to view My Loan heder name
2020-04-08 13:36:02,930 [TestNG-PoolService-0] INFO  log - ***************** End of Scenario: As a user I Login with valid email and password and should signin and able to view My Loan heder name *****************
2020-04-08 13:36:03,781 [TestNG-PoolService-0] INFO  log - ***************** End of Test: runScenario *****************
2020-04-08 13:36:03,782 [TestNG-PoolService-0] INFO  log - ***************** Starting Test: runScenario *****************
2020-04-08 13:36:11,753 [TestNG-PoolService-0] INFO  log - ***************** Starting Scenario: As a user I Login to celink and verify common question page title *****************
2020-04-08 13:36:11,754 [TestNG-PoolService-0] INFO  log - Method - parseJsonTestData -  : Loaded test data from file: BorrowerPortalVerifyData.json : {"CommonQuestionPageHeader":"Common Questions"}
2020-04-08 13:36:16,761 [TestNG-PoolService-0] INFO  log - Method - reportPass - Navigate to URL
2020-04-08 13:36:24,737 [TestNG-PoolService-0] INFO  log - Method - reportPass - Clicked on Signin Page
2020-04-08 13:36:39,876 [TestNG-PoolService-0] INFO  log - Method - reportPass - Clicked on common question tab
2020-04-08 13:36:45,212 [TestNG-PoolService-0] INFO  log - Method - reportPass - Verified Common Questions text
2020-04-08 13:36:45,503 [TestNG-PoolService-0] INFO  log - Method - testPass - Test Passed: As a user I Login to celink and verify common question page title
2020-04-08 13:36:45,503 [TestNG-PoolService-0] INFO  log - ***************** End of Scenario: As a user I Login to celink and verify common question page title *****************
2020-04-08 13:36:46,358 [TestNG-PoolService-0] INFO  log - ***************** End of Test: runScenario *****************
2020-04-08 13:36:46,359 [TestNG-PoolService-0] INFO  log - ***************** Starting Test: runScenario *****************
2020-04-08 13:36:53,727 [TestNG-PoolService-0] INFO  log - ***************** Starting Scenario: As a user I Login to celink and navigated to View Loan Details and verified Current Net Principal Limit text *****************
2020-04-08 13:36:53,728 [TestNG-PoolService-0] INFO  log - Method - parseJsonTestData -  : Loaded test data from file: BorrowerPortalVerifyData.json : {"MyLoanAccountNumber":"49265","HeaderNameMyLoan":"My Loan Test","CurrentNetPrincipalLimitText":"Current Net Principal Limit"}
2020-04-08 13:36:58,737 [TestNG-PoolService-0] INFO  log - Method - reportPass - Navigate to URL
2020-04-08 13:37:06,737 [TestNG-PoolService-0] INFO  log - Method - reportPass - Clicked on Signin Page
2020-04-08 13:37:20,421 [TestNG-PoolService-0] INFO  log - Method - reportPass - Clicked on Loan Details tab
2020-04-08 13:37:25,799 [TestNG-PoolService-0] INFO  log - Method - reportPass - Verified Current Net Principal Limit text in Loan Details Tab 
2020-04-08 13:37:26,073 [TestNG-PoolService-0] INFO  log - Method - testPass - Test Passed: As a user I Login to celink and navigated to View Loan Details and verified Current Net Principal Limit text
2020-04-08 13:37:26,073 [TestNG-PoolService-0] INFO  log - ***************** End of Scenario: As a user I Login to celink and navigated to View Loan Details and verified Current Net Principal Limit text *****************
2020-04-08 13:37:26,948 [TestNG-PoolService-0] INFO  log - ***************** End of Test: runScenario *****************
2020-04-08 13:37:26,948 [TestNG-PoolService-0] INFO  log - ***************** Starting Test: runScenario *****************
2020-04-08 13:37:34,167 [TestNG-PoolService-0] INFO  log - ***************** Starting Scenario: As a user I Login to celink and navigated to borrower details and verified name *****************
2020-04-08 13:37:34,168 [TestNG-PoolService-0] INFO  log - Method - parseJsonTestData -  : Loaded test data from file: BorrowerPortalVerifyData.json : {"BorrowerName":"ANITA Bortest Test"}
2020-04-08 13:37:39,178 [TestNG-PoolService-0] INFO  log - Method - reportPass - Navigate to URL
2020-04-08 13:37:47,319 [TestNG-PoolService-0] INFO  log - Method - reportPass - Clicked on Signin Page
2020-04-08 13:38:01,018 [TestNG-PoolService-0] INFO  log - Method - reportPass - Clicked on borrower Details tab
2020-04-08 13:38:06,433 [TestNG-PoolService-0] INFO  log - Method - reportHardFail - Unable to verify borrower details name text in borrower Details Tab 
2020-04-08 13:38:06,735 [TestNG-PoolService-0] INFO  log - Method - testFail - Test Failed in: As a user I Login to celink and navigated to borrower details and verified name
2020-04-08 13:38:06,736 [TestNG-PoolService-0] INFO  log - ***************** End of Scenario: As a user I Login to celink and navigated to borrower details and verified name *****************
2020-04-08 13:38:07,621 [TestNG-PoolService-0] INFO  log - ***************** End of Test: runScenario *****************
2020-04-08 16:36:59,779 [TestNG-PoolService-0] INFO  log - ***************** Starting Test: runScenario *****************
2020-04-08 16:37:29,534 [TestNG-PoolService-0] INFO  log - ***************** Starting Scenario: As a user I Login with invalid password and should get Incorrect username or password massage display *****************
2020-04-08 16:37:29,806 [TestNG-PoolService-0] INFO  log - Method - parseJsonTestData -  : Loaded test data from file: BorrowerPortalVerifyData.json : {"Description":"Incorrect username or password."}
2020-04-08 16:37:34,888 [TestNG-PoolService-0] INFO  log - Method - reportPass - Navigate to URL
2020-04-08 16:37:43,079 [TestNG-PoolService-0] INFO  log - Method - reportPass - Clicked on Signin Page
2020-04-08 16:37:56,644 [TestNG-PoolService-0] INFO  log - Method - reportPass - Verified Incorrect username or password text
2020-04-08 16:37:57,141 [TestNG-PoolService-0] INFO  log - Method - testPass - Test Passed: As a user I Login with invalid password and should get Incorrect username or password massage display
2020-04-08 16:37:57,141 [TestNG-PoolService-0] INFO  log - ***************** End of Scenario: As a user I Login with invalid password and should get Incorrect username or password massage display *****************
2020-04-08 16:37:58,961 [TestNG-PoolService-0] INFO  log - ***************** End of Test: runScenario *****************
2020-04-08 16:37:59,061 [TestNG-PoolService-0] INFO  log - ***************** Starting Test: runScenario *****************
2020-04-08 16:38:06,725 [TestNG-PoolService-0] INFO  log - ***************** Starting Scenario: As a user I Login with valid email and password and should signin and able to view My Loan heder name *****************
2020-04-08 16:38:06,727 [TestNG-PoolService-0] INFO  log - Method - parseJsonTestData -  : Loaded test data from file: BorrowerPortalVerifyData.json : {"MyLoanAccountNumber":"49265","HeaderNameMyLoan":"My Loan Test","CurrentNetPrincipalLimitText":"Current Net Principal Limit"}
2020-04-08 16:38:11,734 [TestNG-PoolService-0] INFO  log - Method - reportPass - Navigate to URL
2020-04-08 16:38:19,699 [TestNG-PoolService-0] INFO  log - Method - reportPass - Clicked on Signin Page
2020-04-08 16:38:28,385 [TestNG-PoolService-0] ERROR log - Failure in method: waitForPageReadyState occurred FAIL: Java script load not found. Exception: org.openqa.selenium.WebDriverException: unknown error: jQuery is not defined
  (Session info: chrome=80.0.3987.149)
  (Driver info: chromedriver=2.38.552522 (437e6fbedfa8762dec75e2c5b3ddb86763dc9dcb),platform=Windows NT 10.0.14393 x86_64) (WARNING: The server did not provide any stacktrace information)
Command duration or timeout: 0 milliseconds
Build info: version: '3.14.0', revision: 'aacccce0', time: '2018-08-02T20:19:58.91Z'
System info: host: 'VMT3441', ip: '192.168.0.5', os.name: 'Windows 10', os.arch: 'amd64', os.version: '10.0', java.version: '1.8.0_144'
Driver info: org.openqa.selenium.chrome.ChromeDriver
Capabilities {acceptInsecureCerts: false, acceptSslCerts: false, applicationCacheEnabled: false, browserConnectionEnabled: false, browserName: chrome, chrome: {chromedriverVersion: 2.38.552522 (437e6fbedfa876..., userDataDir: C:\Users\SATISH~2\AppData\L...}, cssSelectorsEnabled: true, databaseEnabled: false, handlesAlerts: true, hasTouchScreen: false, javascriptEnabled: true, locationContextEnabled: true, mobileEmulationEnabled: false, nativeEvents: true, networkConnectionEnabled: false, pageLoadStrategy: normal, platform: XP, platformName: XP, rotatable: false, setWindowRect: true, takesHeapSnapshot: true, takesScreenshot: true, unexpectedAlertBehaviour: , unhandledPromptBehavior: , version: 80.0.3987.149, webStorageEnabled: true}
Session ID: 01d5bfc41a6a40caa8ecca183e7dabce
2020-04-08 16:38:28,417 [TestNG-PoolService-0] INFO  log - Method - reportHardFail - Unable to verify My Loan text
2020-04-08 16:38:28,688 [TestNG-PoolService-0] INFO  log - Method - testFail - Test Failed in: As a user I Login with valid email and password and should signin and able to view My Loan heder name
2020-04-08 16:38:28,689 [TestNG-PoolService-0] INFO  log - ***************** End of Scenario: As a user I Login with valid email and password and should signin and able to view My Loan heder name *****************
2020-04-08 16:38:29,764 [TestNG-PoolService-0] INFO  log - ***************** End of Test: runScenario *****************
2020-04-08 16:38:29,765 [TestNG-PoolService-0] INFO  log - ***************** Starting Test: runScenario *****************
2020-04-08 16:38:36,709 [TestNG-PoolService-0] INFO  log - ***************** Starting Scenario: As a user I Login to celink and verify common question page title *****************
2020-04-08 16:38:36,710 [TestNG-PoolService-0] INFO  log - Method - parseJsonTestData -  : Loaded test data from file: BorrowerPortalVerifyData.json : {"CommonQuestionPageHeader":"Common Questions"}
2020-04-08 16:38:41,716 [TestNG-PoolService-0] INFO  log - Method - reportPass - Navigate to URL
2020-04-08 16:38:49,791 [TestNG-PoolService-0] INFO  log - Method - reportPass - Clicked on Signin Page
2020-04-08 16:39:05,333 [TestNG-PoolService-0] INFO  log - Method - reportPass - Clicked on common question tab
2020-04-08 16:39:10,730 [TestNG-PoolService-0] INFO  log - Method - reportPass - Verified Common Questions text
2020-04-08 16:39:11,008 [TestNG-PoolService-0] INFO  log - Method - testPass - Test Passed: As a user I Login to celink and verify common question page title
2020-04-08 16:39:11,009 [TestNG-PoolService-0] INFO  log - ***************** End of Scenario: As a user I Login to celink and verify common question page title *****************
2020-04-08 16:39:11,974 [TestNG-PoolService-0] INFO  log - ***************** End of Test: runScenario *****************
2020-04-08 16:39:11,975 [TestNG-PoolService-0] INFO  log - ***************** Starting Test: runScenario *****************
2020-04-08 16:39:20,419 [TestNG-PoolService-0] INFO  log - ***************** Starting Scenario: As a user I Login to celink and navigated to View Loan Details and verified Current Net Principal Limit text *****************
2020-04-08 16:39:20,502 [TestNG-PoolService-0] INFO  log - Method - parseJsonTestData -  : Loaded test data from file: BorrowerPortalVerifyData.json : {"MyLoanAccountNumber":"49265","HeaderNameMyLoan":"My Loan Test","CurrentNetPrincipalLimitText":"Current Net Principal Limit"}
2020-04-08 16:39:25,510 [TestNG-PoolService-0] INFO  log - Method - reportPass - Navigate to URL
2020-04-08 16:39:33,577 [TestNG-PoolService-0] INFO  log - Method - reportPass - Clicked on Signin Page
2020-04-08 16:39:47,281 [TestNG-PoolService-0] INFO  log - Method - reportPass - Clicked on Loan Details tab
2020-04-08 16:39:52,670 [TestNG-PoolService-0] INFO  log - Method - reportPass - Verified Current Net Principal Limit text in Loan Details Tab 
2020-04-08 16:39:52,947 [TestNG-PoolService-0] INFO  log - Method - testPass - Test Passed: As a user I Login to celink and navigated to View Loan Details and verified Current Net Principal Limit text
2020-04-08 16:39:52,948 [TestNG-PoolService-0] INFO  log - ***************** End of Scenario: As a user I Login to celink and navigated to View Loan Details and verified Current Net Principal Limit text *****************
2020-04-08 16:39:53,865 [TestNG-PoolService-0] INFO  log - ***************** End of Test: runScenario *****************
2020-04-08 16:39:53,865 [TestNG-PoolService-0] INFO  log - ***************** Starting Test: runScenario *****************
2020-04-08 16:40:02,885 [TestNG-PoolService-0] INFO  log - ***************** Starting Scenario: As a user I Login to celink and navigated to borrower details and verified name *****************
2020-04-08 16:40:02,890 [TestNG-PoolService-0] INFO  log - Method - parseJsonTestData -  : Loaded test data from file: BorrowerPortalVerifyData.json : {"BorrowerName":"ANITA Bortest Test"}
2020-04-08 16:40:07,898 [TestNG-PoolService-0] INFO  log - Method - reportPass - Navigate to URL
2020-04-08 16:40:15,975 [TestNG-PoolService-0] INFO  log - Method - reportPass - Clicked on Signin Page
2020-04-08 16:40:29,634 [TestNG-PoolService-0] INFO  log - Method - reportPass - Clicked on borrower Details tab
2020-04-08 16:40:34,978 [TestNG-PoolService-0] INFO  log - Method - reportHardFail - Unable to verify borrower details name text in borrower Details Tab 
2020-04-08 16:40:35,257 [TestNG-PoolService-0] INFO  log - Method - testFail - Test Failed in: As a user I Login to celink and navigated to borrower details and verified name
2020-04-08 16:40:35,257 [TestNG-PoolService-0] INFO  log - ***************** End of Scenario: As a user I Login to celink and navigated to borrower details and verified name *****************
2020-04-08 16:40:36,138 [TestNG-PoolService-0] INFO  log - ***************** End of Test: runScenario *****************
2020-04-08 16:41:55,559 [TestNG-PoolService-0] INFO  log - ***************** Starting Test: runScenario *****************
2020-04-08 16:42:03,384 [TestNG-PoolService-0] INFO  log - ***************** Starting Scenario: As a user I Login with invalid password and should get Incorrect username or password massage display *****************
2020-04-08 16:42:03,471 [TestNG-PoolService-0] INFO  log - Method - parseJsonTestData -  : Loaded test data from file: BorrowerPortalVerifyData.json : {"Description":"Incorrect username or password."}
2020-04-08 16:42:08,492 [TestNG-PoolService-0] INFO  log - Method - reportPass - Navigate to URL
2020-04-08 16:42:16,698 [TestNG-PoolService-0] INFO  log - Method - reportPass - Clicked on Signin Page
2020-04-08 16:42:30,254 [TestNG-PoolService-0] INFO  log - Method - reportPass - Verified Incorrect username or password text
2020-04-08 16:42:30,741 [TestNG-PoolService-0] INFO  log - Method - testPass - Test Passed: As a user I Login with invalid password and should get Incorrect username or password massage display
2020-04-08 16:42:30,742 [TestNG-PoolService-0] INFO  log - ***************** End of Scenario: As a user I Login with invalid password and should get Incorrect username or password massage display *****************
2020-04-08 16:42:31,840 [TestNG-PoolService-0] INFO  log - ***************** End of Test: runScenario *****************
2020-04-08 16:42:31,874 [TestNG-PoolService-0] INFO  log - ***************** Starting Test: runScenario *****************
2020-04-08 16:42:38,758 [TestNG-PoolService-0] INFO  log - ***************** Starting Scenario: As a user I Login with valid email and password and should signin and able to view My Loan heder name *****************
2020-04-08 16:42:38,760 [TestNG-PoolService-0] INFO  log - Method - parseJsonTestData -  : Loaded test data from file: BorrowerPortalVerifyData.json : {"MyLoanAccountNumber":"49265","HeaderNameMyLoan":"My Loan","CurrentNetPrincipalLimitText":"Current Net Principal Limit"}
2020-04-08 16:42:43,768 [TestNG-PoolService-0] INFO  log - Method - reportPass - Navigate to URL
2020-04-08 16:42:51,789 [TestNG-PoolService-0] INFO  log - Method - reportPass - Clicked on Signin Page
2020-04-08 16:43:00,335 [TestNG-PoolService-0] ERROR log - Failure in method: waitForPageReadyState occurred FAIL: Java script load not found. Exception: org.openqa.selenium.WebDriverException: unknown error: jQuery is not defined
  (Session info: chrome=80.0.3987.149)
  (Driver info: chromedriver=2.38.552522 (437e6fbedfa8762dec75e2c5b3ddb86763dc9dcb),platform=Windows NT 10.0.14393 x86_64) (WARNING: The server did not provide any stacktrace information)
Command duration or timeout: 0 milliseconds
Build info: version: '3.14.0', revision: 'aacccce0', time: '2018-08-02T20:19:58.91Z'
System info: host: 'VMT3441', ip: '192.168.0.5', os.name: 'Windows 10', os.arch: 'amd64', os.version: '10.0', java.version: '1.8.0_144'
Driver info: org.openqa.selenium.chrome.ChromeDriver
Capabilities {acceptInsecureCerts: false, acceptSslCerts: false, applicationCacheEnabled: false, browserConnectionEnabled: false, browserName: chrome, chrome: {chromedriverVersion: 2.38.552522 (437e6fbedfa876..., userDataDir: C:\Users\SATISH~2\AppData\L...}, cssSelectorsEnabled: true, databaseEnabled: false, handlesAlerts: true, hasTouchScreen: false, javascriptEnabled: true, locationContextEnabled: true, mobileEmulationEnabled: false, nativeEvents: true, networkConnectionEnabled: false, pageLoadStrategy: normal, platform: XP, platformName: XP, rotatable: false, setWindowRect: true, takesHeapSnapshot: true, takesScreenshot: true, unexpectedAlertBehaviour: , unhandledPromptBehavior: , version: 80.0.3987.149, webStorageEnabled: true}
Session ID: ab2de644e1d137dc04b232ee394a2ce4
2020-04-08 16:43:00,375 [TestNG-PoolService-0] INFO  log - Method - reportPass - Verified My Loan text
2020-04-08 16:43:05,679 [TestNG-PoolService-0] INFO  log - Method - reportPass - Verified Account Number
2020-04-08 16:43:05,953 [TestNG-PoolService-0] INFO  log - Method - testPass - Test Passed: As a user I Login with valid email and password and should signin and able to view My Loan heder name
2020-04-08 16:43:05,954 [TestNG-PoolService-0] INFO  log - ***************** End of Scenario: As a user I Login with valid email and password and should signin and able to view My Loan heder name *****************
2020-04-08 16:43:06,807 [TestNG-PoolService-0] INFO  log - ***************** End of Test: runScenario *****************
2020-04-08 16:43:06,807 [TestNG-PoolService-0] INFO  log - ***************** Starting Test: runScenario *****************
2020-04-08 16:43:12,994 [TestNG-PoolService-0] INFO  log - ***************** Starting Scenario: As a user I Login to celink and verify common question page title *****************
2020-04-08 16:43:12,995 [TestNG-PoolService-0] INFO  log - Method - parseJsonTestData -  : Loaded test data from file: BorrowerPortalVerifyData.json : {"CommonQuestionPageHeader":"Common Questions"}
2020-04-08 16:43:18,005 [TestNG-PoolService-0] INFO  log - Method - reportPass - Navigate to URL
2020-04-08 16:43:26,077 [TestNG-PoolService-0] INFO  log - Method - reportPass - Clicked on Signin Page
2020-04-08 16:43:41,385 [TestNG-PoolService-0] INFO  log - Method - reportPass - Clicked on common question tab
2020-04-08 16:43:46,711 [TestNG-PoolService-0] INFO  log - Method - reportPass - Verified Common Questions text
2020-04-08 16:43:46,992 [TestNG-PoolService-0] INFO  log - Method - testPass - Test Passed: As a user I Login to celink and verify common question page title
2020-04-08 16:43:46,992 [TestNG-PoolService-0] INFO  log - ***************** End of Scenario: As a user I Login to celink and verify common question page title *****************
2020-04-08 16:43:47,832 [TestNG-PoolService-0] INFO  log - ***************** End of Test: runScenario *****************
2020-04-08 16:43:47,833 [TestNG-PoolService-0] INFO  log - ***************** Starting Test: runScenario *****************
2020-04-08 16:43:53,310 [TestNG-PoolService-0] INFO  log - ***************** Starting Scenario: As a user I Login to celink and navigated to View Loan Details and verified Current Net Principal Limit text *****************
2020-04-08 16:43:53,311 [TestNG-PoolService-0] INFO  log - Method - parseJsonTestData -  : Loaded test data from file: BorrowerPortalVerifyData.json : {"MyLoanAccountNumber":"49265","HeaderNameMyLoan":"My Loan","CurrentNetPrincipalLimitText":"Current Net Principal Limit"}
2020-04-08 16:43:58,318 [TestNG-PoolService-0] INFO  log - Method - reportPass - Navigate to URL
2020-04-08 16:44:06,327 [TestNG-PoolService-0] INFO  log - Method - reportPass - Clicked on Signin Page
2020-04-08 16:44:19,909 [TestNG-PoolService-0] INFO  log - Method - reportPass - Clicked on Loan Details tab
2020-04-08 16:44:25,300 [TestNG-PoolService-0] INFO  log - Method - reportPass - Verified Current Net Principal Limit text in Loan Details Tab 
2020-04-08 16:44:25,573 [TestNG-PoolService-0] INFO  log - Method - testPass - Test Passed: As a user I Login to celink and navigated to View Loan Details and verified Current Net Principal Limit text
2020-04-08 16:44:25,573 [TestNG-PoolService-0] INFO  log - ***************** End of Scenario: As a user I Login to celink and navigated to View Loan Details and verified Current Net Principal Limit text *****************
2020-04-08 16:44:26,410 [TestNG-PoolService-0] INFO  log - ***************** End of Test: runScenario *****************
2020-04-08 16:44:26,410 [TestNG-PoolService-0] INFO  log - ***************** Starting Test: runScenario *****************
2020-04-08 16:44:34,842 [TestNG-PoolService-0] INFO  log - ***************** Starting Scenario: As a user I Login to celink and navigated to borrower details and verified name *****************
2020-04-08 16:44:34,843 [TestNG-PoolService-0] INFO  log - Method - parseJsonTestData -  : Loaded test data from file: BorrowerPortalVerifyData.json : {"BorrowerName":"ANITA Bortest"}
2020-04-08 16:44:39,849 [TestNG-PoolService-0] INFO  log - Method - reportPass - Navigate to URL
2020-04-08 16:44:47,814 [TestNG-PoolService-0] INFO  log - Method - reportPass - Clicked on Signin Page
2020-04-08 16:45:01,478 [TestNG-PoolService-0] INFO  log - Method - reportPass - Clicked on borrower Details tab
2020-04-08 16:45:06,840 [TestNG-PoolService-0] INFO  log - Method - reportPass - Verified borrower details name text in borrower Details Tab 
2020-04-08 16:45:07,115 [TestNG-PoolService-0] INFO  log - Method - testPass - Test Passed: As a user I Login to celink and navigated to borrower details and verified name
2020-04-08 16:45:07,116 [TestNG-PoolService-0] INFO  log - ***************** End of Scenario: As a user I Login to celink and navigated to borrower details and verified name *****************
2020-04-08 16:45:08,031 [TestNG-PoolService-0] INFO  log - ***************** End of Test: runScenario *****************
2020-04-08 18:04:32,529 [TestNG-PoolService-0] INFO  log - ***************** Starting Test: runScenario *****************
2020-04-08 18:04:56,980 [TestNG-PoolService-0] INFO  log - ***************** Starting Scenario: As a user I Login with invalid password and should get Incorrect username or password massage display *****************
2020-04-08 18:04:57,355 [TestNG-PoolService-0] INFO  log - Method - parseJsonTestData -  : Loaded test data from file: BorrowerPortalVerifyData.json : {"Description":"Incorrect username or password."}
2020-04-08 18:05:02,403 [TestNG-PoolService-0] INFO  log - Method - reportPass - Navigate to URL
2020-04-08 18:05:13,171 [TestNG-PoolService-0] INFO  log - Method - reportPass - Clicked on Signin Page
2020-04-08 18:05:26,753 [TestNG-PoolService-0] INFO  log - Method - reportPass - Verified Incorrect username or password text
2020-04-08 18:05:27,286 [TestNG-PoolService-0] INFO  log - Method - testPass - Test Passed: As a user I Login with invalid password and should get Incorrect username or password massage display
2020-04-08 18:05:27,287 [TestNG-PoolService-0] INFO  log - ***************** End of Scenario: As a user I Login with invalid password and should get Incorrect username or password massage display *****************
2020-04-08 18:05:31,447 [TestNG-PoolService-0] INFO  log - ***************** End of Test: runScenario *****************
2020-04-08 18:05:32,324 [TestNG-PoolService-0] INFO  log - ***************** Starting Test: runScenario *****************
2020-04-08 18:05:45,831 [TestNG-PoolService-0] INFO  log - ***************** Starting Scenario: As a user I Login with valid email and password and should signin and able to view My Loan heder name *****************
2020-04-08 18:05:45,833 [TestNG-PoolService-0] INFO  log - Method - parseJsonTestData -  : Loaded test data from file: BorrowerPortalVerifyData.json : {"MyLoanAccountNumber":"49265","HeaderNameMyLoan":"My Loan","CurrentNetPrincipalLimitText":"Current Net Principal Limit"}
2020-04-08 18:05:50,843 [TestNG-PoolService-0] INFO  log - Method - reportPass - Navigate to URL
2020-04-08 18:05:58,503 [TestNG-PoolService-0] ERROR log - Failure in method: waitForPageReadyState occurred FAIL: Java script load not found. Exception: org.openqa.selenium.WebDriverException: unknown error: jQuery is not defined
  (Session info: chrome=80.0.3987.149)
  (Driver info: chromedriver=2.38.552522 (437e6fbedfa8762dec75e2c5b3ddb86763dc9dcb),platform=Windows NT 10.0.14393 x86_64) (WARNING: The server did not provide any stacktrace information)
Command duration or timeout: 0 milliseconds
Build info: version: '3.14.0', revision: 'aacccce0', time: '2018-08-02T20:19:58.91Z'
System info: host: 'VMT3441', ip: '192.168.0.5', os.name: 'Windows 10', os.arch: 'amd64', os.version: '10.0', java.version: '1.8.0_144'
Driver info: org.openqa.selenium.chrome.ChromeDriver
Capabilities {acceptInsecureCerts: false, acceptSslCerts: false, applicationCacheEnabled: false, browserConnectionEnabled: false, browserName: chrome, chrome: {chromedriverVersion: 2.38.552522 (437e6fbedfa876..., userDataDir: C:\Users\SATISH~2\AppData\L...}, cssSelectorsEnabled: true, databaseEnabled: false, handlesAlerts: true, hasTouchScreen: false, javascriptEnabled: true, locationContextEnabled: true, mobileEmulationEnabled: false, nativeEvents: true, networkConnectionEnabled: false, pageLoadStrategy: normal, platform: XP, platformName: XP, rotatable: false, setWindowRect: true, takesHeapSnapshot: true, takesScreenshot: true, unexpectedAlertBehaviour: , unhandledPromptBehavior: , version: 80.0.3987.149, webStorageEnabled: true}
Session ID: b832d3fd5a6566456bfaa971d8f48ba9
2020-04-08 18:05:58,522 [TestNG-PoolService-0] ERROR log - Failure in method: BorrowerPortalVerify occurred Unable to verify Home Page Exception: org.openqa.selenium.NoSuchElementException: no such element: Unable to locate element: {"method":"id","selector":"title"}
  (Session info: chrome=80.0.3987.149)
  (Driver info: chromedriver=2.38.552522 (437e6fbedfa8762dec75e2c5b3ddb86763dc9dcb),platform=Windows NT 10.0.14393 x86_64) (WARNING: The server did not provide any stacktrace information)
Command duration or timeout: 0 milliseconds
For documentation on this error, please visit: http://seleniumhq.org/exceptions/no_such_element.html
Build info: version: '3.14.0', revision: 'aacccce0', time: '2018-08-02T20:19:58.91Z'
System info: host: 'VMT3441', ip: '192.168.0.5', os.name: 'Windows 10', os.arch: 'amd64', os.version: '10.0', java.version: '1.8.0_144'
Driver info: org.openqa.selenium.chrome.ChromeDriver
Capabilities {acceptInsecureCerts: false, acceptSslCerts: false, applicationCacheEnabled: false, browserConnectionEnabled: false, browserName: chrome, chrome: {chromedriverVersion: 2.38.552522 (437e6fbedfa876..., userDataDir: C:\Users\SATISH~2\AppData\L...}, cssSelectorsEnabled: true, databaseEnabled: false, handlesAlerts: true, hasTouchScreen: false, javascriptEnabled: true, locationContextEnabled: true, mobileEmulationEnabled: false, nativeEvents: true, networkConnectionEnabled: false, pageLoadStrategy: normal, platform: XP, platformName: XP, rotatable: false, setWindowRect: true, takesHeapSnapshot: true, takesScreenshot: true, unexpectedAlertBehaviour: , unhandledPromptBehavior: , version: 80.0.3987.149, webStorageEnabled: true}
Session ID: b832d3fd5a6566456bfaa971d8f48ba9
*** Element info: {Using=id, value=title}
2020-04-08 18:05:58,523 [TestNG-PoolService-0] INFO  log - Method - reportHardFail - Unable to verify My Loan text
2020-04-08 18:05:59,169 [TestNG-PoolService-0] INFO  log - Method - testFail - Test Failed in: As a user I Login with valid email and password and should signin and able to view My Loan heder name
2020-04-08 18:05:59,169 [TestNG-PoolService-0] INFO  log - ***************** End of Scenario: As a user I Login with valid email and password and should signin and able to view My Loan heder name *****************
2020-04-08 18:06:01,121 [TestNG-PoolService-0] INFO  log - ***************** End of Test: runScenario *****************
2020-04-08 18:06:01,122 [TestNG-PoolService-0] INFO  log - ***************** Starting Test: runScenario *****************
2020-04-08 18:06:15,064 [TestNG-PoolService-0] INFO  log - ***************** Starting Scenario: As a user I Login to celink and verify common question page title *****************
2020-04-08 18:06:15,067 [TestNG-PoolService-0] INFO  log - Method - parseJsonTestData -  : Loaded test data from file: BorrowerPortalVerifyData.json : {"CommonQuestionPageHeader":"Common Questions"}
2020-04-08 18:06:20,077 [TestNG-PoolService-0] INFO  log - Method - reportPass - Navigate to URL
2020-04-08 18:06:34,368 [TestNG-PoolService-0] INFO  log - Method - reportPass - Clicked on common question tab
2020-04-08 18:06:40,123 [TestNG-PoolService-0] INFO  log - Method - reportPass - Verified Common Questions text
2020-04-08 18:06:40,412 [TestNG-PoolService-0] INFO  log - Method - testPass - Test Passed: As a user I Login to celink and verify common question page title
2020-04-08 18:06:40,413 [TestNG-PoolService-0] INFO  log - ***************** End of Scenario: As a user I Login to celink and verify common question page title *****************
2020-04-08 18:06:41,549 [TestNG-PoolService-0] INFO  log - ***************** End of Test: runScenario *****************
2020-04-08 18:06:41,549 [TestNG-PoolService-0] INFO  log - ***************** Starting Test: runScenario *****************
2020-04-08 18:06:57,620 [TestNG-PoolService-0] INFO  log - ***************** Starting Scenario: As a user I Login to celink and navigated to View Loan Details and verified Current Net Principal Limit text *****************
2020-04-08 18:06:57,621 [TestNG-PoolService-0] INFO  log - Method - parseJsonTestData -  : Loaded test data from file: BorrowerPortalVerifyData.json : {"MyLoanAccountNumber":"49265","HeaderNameMyLoan":"My Loan","CurrentNetPrincipalLimitText":"Current Net Principal Limit"}
2020-04-08 18:07:02,633 [TestNG-PoolService-0] INFO  log - Method - reportPass - Navigate to URL
2020-04-08 18:07:13,746 [TestNG-PoolService-0] ERROR log - Failure in method: BorrowerPortalVerify occurred Unable to Click on common question tab Exception: org.openqa.selenium.NoSuchElementException: no such element: Unable to locate element: {"method":"id","selector":"my-loan-tabs-tab-loan-details"}
  (Session info: chrome=80.0.3987.149)
  (Driver info: chromedriver=2.38.552522 (437e6fbedfa8762dec75e2c5b3ddb86763dc9dcb),platform=Windows NT 10.0.14393 x86_64) (WARNING: The server did not provide any stacktrace information)
Command duration or timeout: 0 milliseconds
For documentation on this error, please visit: http://seleniumhq.org/exceptions/no_such_element.html
Build info: version: '3.14.0', revision: 'aacccce0', time: '2018-08-02T20:19:58.91Z'
System info: host: 'VMT3441', ip: '192.168.0.5', os.name: 'Windows 10', os.arch: 'amd64', os.version: '10.0', java.version: '1.8.0_144'
Driver info: org.openqa.selenium.chrome.ChromeDriver
Capabilities {acceptInsecureCerts: false, acceptSslCerts: false, applicationCacheEnabled: false, browserConnectionEnabled: false, browserName: chrome, chrome: {chromedriverVersion: 2.38.552522 (437e6fbedfa876..., userDataDir: C:\Users\SATISH~2\AppData\L...}, cssSelectorsEnabled: true, databaseEnabled: false, handlesAlerts: true, hasTouchScreen: false, javascriptEnabled: true, locationContextEnabled: true, mobileEmulationEnabled: false, nativeEvents: true, networkConnectionEnabled: false, pageLoadStrategy: normal, platform: XP, platformName: XP, rotatable: false, setWindowRect: true, takesHeapSnapshot: true, takesScreenshot: true, unexpectedAlertBehaviour: , unhandledPromptBehavior: , version: 80.0.3987.149, webStorageEnabled: true}
Session ID: f8968d0b0c98c38fc408eac4ad38b0eb
*** Element info: {Using=id, value=my-loan-tabs-tab-loan-details}
2020-04-08 18:07:13,747 [TestNG-PoolService-0] INFO  log - Method - reportHardFail - Unable to Click on common question tab
2020-04-08 18:07:14,032 [TestNG-PoolService-0] INFO  log - Method - testFail - Test Failed in: As a user I Login to celink and navigated to View Loan Details and verified Current Net Principal Limit text
2020-04-08 18:07:14,032 [TestNG-PoolService-0] INFO  log - ***************** End of Scenario: As a user I Login to celink and navigated to View Loan Details and verified Current Net Principal Limit text *****************
2020-04-08 18:07:15,008 [TestNG-PoolService-0] INFO  log - ***************** End of Test: runScenario *****************
2020-04-08 18:07:15,009 [TestNG-PoolService-0] INFO  log - ***************** Starting Test: runScenario *****************
2020-04-08 18:07:24,331 [TestNG-PoolService-0] INFO  log - ***************** Starting Scenario: As a user I Login to celink and navigated to borrower details and verified name *****************
2020-04-08 18:07:24,340 [TestNG-PoolService-0] INFO  log - Method - parseJsonTestData -  : Loaded test data from file: BorrowerPortalVerifyData.json : {"BorrowerName":"ANITA Bortest"}
2020-04-08 18:07:29,349 [TestNG-PoolService-0] INFO  log - Method - reportPass - Navigate to URL
2020-04-08 18:07:40,435 [TestNG-PoolService-0] ERROR log - Failure in method: BorrowerPortalVerify occurred Unable to Click on borrower Details tab Exception: org.openqa.selenium.NoSuchElementException: no such element: Unable to locate element: {"method":"id","selector":"my-loan-tabs-tab-borrower-details"}
  (Session info: chrome=80.0.3987.149)
  (Driver info: chromedriver=2.38.552522 (437e6fbedfa8762dec75e2c5b3ddb86763dc9dcb),platform=Windows NT 10.0.14393 x86_64) (WARNING: The server did not provide any stacktrace information)
Command duration or timeout: 0 milliseconds
For documentation on this error, please visit: http://seleniumhq.org/exceptions/no_such_element.html
Build info: version: '3.14.0', revision: 'aacccce0', time: '2018-08-02T20:19:58.91Z'
System info: host: 'VMT3441', ip: '192.168.0.5', os.name: 'Windows 10', os.arch: 'amd64', os.version: '10.0', java.version: '1.8.0_144'
Driver info: org.openqa.selenium.chrome.ChromeDriver
Capabilities {acceptInsecureCerts: false, acceptSslCerts: false, applicationCacheEnabled: false, browserConnectionEnabled: false, browserName: chrome, chrome: {chromedriverVersion: 2.38.552522 (437e6fbedfa876..., userDataDir: C:\Users\SATISH~2\AppData\L...}, cssSelectorsEnabled: true, databaseEnabled: false, handlesAlerts: true, hasTouchScreen: false, javascriptEnabled: true, locationContextEnabled: true, mobileEmulationEnabled: false, nativeEvents: true, networkConnectionEnabled: false, pageLoadStrategy: normal, platform: XP, platformName: XP, rotatable: false, setWindowRect: true, takesHeapSnapshot: true, takesScreenshot: true, unexpectedAlertBehaviour: , unhandledPromptBehavior: , version: 80.0.3987.149, webStorageEnabled: true}
Session ID: e930e878a496cb3aa9abadcd835f427f
*** Element info: {Using=id, value=my-loan-tabs-tab-borrower-details}
2020-04-08 18:07:40,436 [TestNG-PoolService-0] INFO  log - Method - reportHardFail - Unable to Click on borrower Details tab
2020-04-08 18:07:40,714 [TestNG-PoolService-0] INFO  log - Method - testFail - Test Failed in: As a user I Login to celink and navigated to borrower details and verified name
2020-04-08 18:07:40,714 [TestNG-PoolService-0] INFO  log - ***************** End of Scenario: As a user I Login to celink and navigated to borrower details and verified name *****************
2020-04-08 18:07:41,675 [TestNG-PoolService-0] INFO  log - ***************** End of Test: runScenario *****************
2020-04-08 18:14:22,913 [TestNG-PoolService-0] INFO  log - ***************** Starting Test: runScenario *****************
2020-04-08 18:14:41,936 [TestNG-PoolService-0] INFO  log - ***************** Starting Scenario: As a user I Login with invalid password and should get Incorrect username or password massage display *****************
2020-04-08 18:14:42,062 [TestNG-PoolService-0] INFO  log - Method - parseJsonTestData -  : Loaded test data from file: BorrowerPortalVerifyData.json : {"Description":"Incorrect username or password."}
2020-04-08 18:14:47,071 [TestNG-PoolService-0] INFO  log - Method - reportPass - Navigate to URL
2020-04-08 18:14:56,040 [TestNG-PoolService-0] INFO  log - Method - reportPass - Clicked on Signin Page
2020-04-08 18:15:16,451 [TestNG-PoolService-0] INFO  log - Method - reportPass - Verified Incorrect username or password text
2020-04-08 18:15:16,957 [TestNG-PoolService-0] INFO  log - Method - testPass - Test Passed: As a user I Login with invalid password and should get Incorrect username or password massage display
2020-04-08 18:15:16,957 [TestNG-PoolService-0] INFO  log - ***************** End of Scenario: As a user I Login with invalid password and should get Incorrect username or password massage display *****************
2020-04-08 18:15:18,516 [TestNG-PoolService-0] INFO  log - ***************** End of Test: runScenario *****************
2020-04-08 18:15:18,662 [TestNG-PoolService-0] INFO  log - ***************** Starting Test: runScenario *****************
2020-04-08 18:15:27,421 [TestNG-PoolService-0] INFO  log - ***************** Starting Scenario: As a user I Login with valid email and password and should signin and able to view My Loan heder name *****************
2020-04-08 18:15:27,422 [TestNG-PoolService-0] INFO  log - Method - parseJsonTestData -  : Loaded test data from file: BorrowerPortalVerifyData.json : {"MyLoanAccountNumber":"49265","HeaderNameMyLoan":"My Loan","CurrentNetPrincipalLimitText":"Current Net Principal Limit"}
2020-04-08 18:15:32,430 [TestNG-PoolService-0] INFO  log - Method - reportPass - Navigate to URL
2020-04-08 18:15:43,600 [TestNG-PoolService-0] ERROR log - Failure in method: waitForPageReadyState occurred FAIL: Java script load not found. Exception: org.openqa.selenium.WebDriverException: unknown error: jQuery is not defined
  (Session info: chrome=80.0.3987.163)
  (Driver info: chromedriver=2.38.552522 (437e6fbedfa8762dec75e2c5b3ddb86763dc9dcb),platform=Windows NT 10.0.14393 x86_64) (WARNING: The server did not provide any stacktrace information)
Command duration or timeout: 0 milliseconds
Build info: version: '3.14.0', revision: 'aacccce0', time: '2018-08-02T20:19:58.91Z'
System info: host: 'VMT3441', ip: '192.168.0.5', os.name: 'Windows 10', os.arch: 'amd64', os.version: '10.0', java.version: '1.8.0_144'
Driver info: org.openqa.selenium.chrome.ChromeDriver
Capabilities {acceptInsecureCerts: false, acceptSslCerts: false, applicationCacheEnabled: false, browserConnectionEnabled: false, browserName: chrome, chrome: {chromedriverVersion: 2.38.552522 (437e6fbedfa876..., userDataDir: C:\Users\SATISH~2\AppData\L...}, cssSelectorsEnabled: true, databaseEnabled: false, handlesAlerts: true, hasTouchScreen: false, javascriptEnabled: true, locationContextEnabled: true, mobileEmulationEnabled: false, nativeEvents: true, networkConnectionEnabled: false, pageLoadStrategy: normal, platform: XP, platformName: XP, rotatable: false, setWindowRect: true, takesHeapSnapshot: true, takesScreenshot: true, unexpectedAlertBehaviour: , unhandledPromptBehavior: , version: 80.0.3987.163, webStorageEnabled: true}
Session ID: f77570fe7f08fa614f71380565637e6f
2020-04-08 18:15:43,618 [TestNG-PoolService-0] ERROR log - Failure in method: BorrowerPortalVerify occurred Unable to verify Home Page Exception: org.openqa.selenium.NoSuchElementException: no such element: Unable to locate element: {"method":"id","selector":"title"}
  (Session info: chrome=80.0.3987.163)
  (Driver info: chromedriver=2.38.552522 (437e6fbedfa8762dec75e2c5b3ddb86763dc9dcb),platform=Windows NT 10.0.14393 x86_64) (WARNING: The server did not provide any stacktrace information)
Command duration or timeout: 0 milliseconds
For documentation on this error, please visit: http://seleniumhq.org/exceptions/no_such_element.html
Build info: version: '3.14.0', revision: 'aacccce0', time: '2018-08-02T20:19:58.91Z'
System info: host: 'VMT3441', ip: '192.168.0.5', os.name: 'Windows 10', os.arch: 'amd64', os.version: '10.0', java.version: '1.8.0_144'
Driver info: org.openqa.selenium.chrome.ChromeDriver
Capabilities {acceptInsecureCerts: false, acceptSslCerts: false, applicationCacheEnabled: false, browserConnectionEnabled: false, browserName: chrome, chrome: {chromedriverVersion: 2.38.552522 (437e6fbedfa876..., userDataDir: C:\Users\SATISH~2\AppData\L...}, cssSelectorsEnabled: true, databaseEnabled: false, handlesAlerts: true, hasTouchScreen: false, javascriptEnabled: true, locationContextEnabled: true, mobileEmulationEnabled: false, nativeEvents: true, networkConnectionEnabled: false, pageLoadStrategy: normal, platform: XP, platformName: XP, rotatable: false, setWindowRect: true, takesHeapSnapshot: true, takesScreenshot: true, unexpectedAlertBehaviour: , unhandledPromptBehavior: , version: 80.0.3987.163, webStorageEnabled: true}
Session ID: f77570fe7f08fa614f71380565637e6f
*** Element info: {Using=id, value=title}
2020-04-08 18:15:43,618 [TestNG-PoolService-0] INFO  log - Method - reportHardFail - Unable to verify My Loan text
2020-04-08 18:15:43,893 [TestNG-PoolService-0] INFO  log - Method - testFail - Test Failed in: As a user I Login with valid email and password and should signin and able to view My Loan heder name
2020-04-08 18:15:43,893 [TestNG-PoolService-0] INFO  log - ***************** End of Scenario: As a user I Login with valid email and password and should signin and able to view My Loan heder name *****************
2020-04-08 18:15:44,908 [TestNG-PoolService-0] INFO  log - ***************** End of Test: runScenario *****************
2020-04-08 18:15:44,909 [TestNG-PoolService-0] INFO  log - ***************** Starting Test: runScenario *****************
2020-04-08 18:15:50,751 [TestNG-PoolService-0] INFO  log - ***************** Starting Scenario: As a user I Login to celink and verify common question page title *****************
2020-04-08 18:15:50,752 [TestNG-PoolService-0] INFO  log - Method - parseJsonTestData -  : Loaded test data from file: BorrowerPortalVerifyData.json : {"CommonQuestionPageHeader":"Common Questions"}
2020-04-08 18:15:55,761 [TestNG-PoolService-0] INFO  log - Method - reportPass - Navigate to URL
2020-04-08 18:16:14,267 [TestNG-PoolService-0] INFO  log - Method - reportPass - Clicked on common question tab
2020-04-08 18:16:19,603 [TestNG-PoolService-0] INFO  log - Method - reportPass - Verified Common Questions text
2020-04-08 18:16:19,892 [TestNG-PoolService-0] INFO  log - Method - testPass - Test Passed: As a user I Login to celink and verify common question page title
2020-04-08 18:16:19,893 [TestNG-PoolService-0] INFO  log - ***************** End of Scenario: As a user I Login to celink and verify common question page title *****************
2020-04-08 18:16:20,971 [TestNG-PoolService-0] INFO  log - ***************** End of Test: runScenario *****************
2020-04-08 18:16:20,972 [TestNG-PoolService-0] INFO  log - ***************** Starting Test: runScenario *****************
2020-04-08 18:16:27,515 [TestNG-PoolService-0] INFO  log - ***************** Starting Scenario: As a user I Login to celink and navigated to View Loan Details and verified Current Net Principal Limit text *****************
2020-04-08 18:16:27,515 [TestNG-PoolService-0] INFO  log - Method - parseJsonTestData -  : Loaded test data from file: BorrowerPortalVerifyData.json : {"MyLoanAccountNumber":"49265","HeaderNameMyLoan":"My Loan","CurrentNetPrincipalLimitText":"Current Net Principal Limit"}
2020-04-08 18:16:32,524 [TestNG-PoolService-0] INFO  log - Method - reportPass - Navigate to URL
2020-04-08 18:16:48,673 [TestNG-PoolService-0] INFO  log - Method - reportPass - Clicked on Loan Details tab
2020-04-08 18:16:54,046 [TestNG-PoolService-0] INFO  log - Method - reportPass - Verified Current Net Principal Limit text in Loan Details Tab 
2020-04-08 18:16:54,322 [TestNG-PoolService-0] INFO  log - Method - testPass - Test Passed: As a user I Login to celink and navigated to View Loan Details and verified Current Net Principal Limit text
2020-04-08 18:16:54,322 [TestNG-PoolService-0] INFO  log - ***************** End of Scenario: As a user I Login to celink and navigated to View Loan Details and verified Current Net Principal Limit text *****************
2020-04-08 18:16:55,232 [TestNG-PoolService-0] INFO  log - ***************** End of Test: runScenario *****************
2020-04-08 18:16:55,233 [TestNG-PoolService-0] INFO  log - ***************** Starting Test: runScenario *****************
2020-04-08 18:17:03,911 [TestNG-PoolService-0] INFO  log - ***************** Starting Scenario: As a user I Login to celink and navigated to borrower details and verified name *****************
2020-04-08 18:17:03,912 [TestNG-PoolService-0] INFO  log - Method - parseJsonTestData -  : Loaded test data from file: BorrowerPortalVerifyData.json : {"BorrowerName":"ANITA Bortest"}
2020-04-08 18:17:08,923 [TestNG-PoolService-0] INFO  log - Method - reportPass - Navigate to URL
2020-04-08 18:17:25,098 [TestNG-PoolService-0] INFO  log - Method - reportPass - Clicked on borrower Details tab
2020-04-08 18:17:30,470 [TestNG-PoolService-0] INFO  log - Method - reportPass - Verified borrower details name text in borrower Details Tab 
2020-04-08 18:17:30,802 [TestNG-PoolService-0] INFO  log - Method - testPass - Test Passed: As a user I Login to celink and navigated to borrower details and verified name
2020-04-08 18:17:30,802 [TestNG-PoolService-0] INFO  log - ***************** End of Scenario: As a user I Login to celink and navigated to borrower details and verified name *****************
2020-04-08 18:17:31,824 [TestNG-PoolService-0] INFO  log - ***************** End of Test: runScenario *****************
2020-04-08 18:19:21,599 [TestNG-PoolService-0] INFO  log - ***************** Starting Test: runScenario *****************
2020-04-08 18:19:36,041 [TestNG-PoolService-0] INFO  log - ***************** Starting Scenario: As a user I Login with invalid password and should get Incorrect username or password massage display *****************
2020-04-08 18:19:36,610 [TestNG-PoolService-0] INFO  log - Method - parseJsonTestData -  : Loaded test data from file: BorrowerPortalVerifyData.json : {"Description":"Incorrect username or password."}
2020-04-08 18:19:41,618 [TestNG-PoolService-0] INFO  log - Method - reportPass - Navigate to URL
2020-04-08 18:19:49,842 [TestNG-PoolService-0] INFO  log - Method - reportPass - Clicked on Signin Page
2020-04-08 18:20:00,403 [TestNG-PoolService-0] INFO  log - Method - reportPass - Verified Incorrect username or password text
2020-04-08 18:20:00,909 [TestNG-PoolService-0] INFO  log - Method - testPass - Test Passed: As a user I Login with invalid password and should get Incorrect username or password massage display
2020-04-08 18:20:00,909 [TestNG-PoolService-0] INFO  log - ***************** End of Scenario: As a user I Login with invalid password and should get Incorrect username or password massage display *****************
2020-04-08 18:20:02,525 [TestNG-PoolService-0] INFO  log - ***************** End of Test: runScenario *****************
2020-04-08 18:20:02,646 [TestNG-PoolService-0] INFO  log - ***************** Starting Test: runScenario *****************
2020-04-08 18:20:09,729 [TestNG-PoolService-0] INFO  log - ***************** Starting Scenario: As a user I Login with valid email and password and should signin and able to view My Loan heder name *****************
2020-04-08 18:20:09,735 [TestNG-PoolService-0] INFO  log - Method - parseJsonTestData -  : Loaded test data from file: BorrowerPortalVerifyData.json : {"MyLoanAccountNumber":"49265","HeaderNameMyLoan":"My Loan","CurrentNetPrincipalLimitText":"Current Net Principal Limit"}
2020-04-08 18:20:14,743 [TestNG-PoolService-0] INFO  log - Method - reportPass - Navigate to URL
2020-04-08 18:20:21,344 [TestNG-PoolService-0] ERROR log - Failure in method: waitForPageReadyState occurred FAIL: Java script load not found. Exception: org.openqa.selenium.WebDriverException: unknown error: jQuery is not defined
  (Session info: chrome=80.0.3987.163)
  (Driver info: chromedriver=2.38.552522 (437e6fbedfa8762dec75e2c5b3ddb86763dc9dcb),platform=Windows NT 10.0.14393 x86_64) (WARNING: The server did not provide any stacktrace information)
Command duration or timeout: 0 milliseconds
Build info: version: '3.14.0', revision: 'aacccce0', time: '2018-08-02T20:19:58.91Z'
System info: host: 'VMT3441', ip: '192.168.0.5', os.name: 'Windows 10', os.arch: 'amd64', os.version: '10.0', java.version: '1.8.0_144'
Driver info: org.openqa.selenium.chrome.ChromeDriver
Capabilities {acceptInsecureCerts: false, acceptSslCerts: false, applicationCacheEnabled: false, browserConnectionEnabled: false, browserName: chrome, chrome: {chromedriverVersion: 2.38.552522 (437e6fbedfa876..., userDataDir: C:\Users\SATISH~2\AppData\L...}, cssSelectorsEnabled: true, databaseEnabled: false, handlesAlerts: true, hasTouchScreen: false, javascriptEnabled: true, locationContextEnabled: true, mobileEmulationEnabled: false, nativeEvents: true, networkConnectionEnabled: false, pageLoadStrategy: normal, platform: XP, platformName: XP, rotatable: false, setWindowRect: true, takesHeapSnapshot: true, takesScreenshot: true, unexpectedAlertBehaviour: , unhandledPromptBehavior: , version: 80.0.3987.163, webStorageEnabled: true}
Session ID: 1bbc369796b8bad10fe117d24f3dd6a2
2020-04-08 18:20:21,358 [TestNG-PoolService-0] ERROR log - Failure in method: waitForPageReadyState occurred FAIL: Java script load not found. Exception: org.openqa.selenium.WebDriverException: unknown error: jQuery is not defined
  (Session info: chrome=80.0.3987.163)
  (Driver info: chromedriver=2.38.552522 (437e6fbedfa8762dec75e2c5b3ddb86763dc9dcb),platform=Windows NT 10.0.14393 x86_64) (WARNING: The server did not provide any stacktrace information)
Command duration or timeout: 0 milliseconds
Build info: version: '3.14.0', revision: 'aacccce0', time: '2018-08-02T20:19:58.91Z'
System info: host: 'VMT3441', ip: '192.168.0.5', os.name: 'Windows 10', os.arch: 'amd64', os.version: '10.0', java.version: '1.8.0_144'
Driver info: org.openqa.selenium.chrome.ChromeDriver
Capabilities {acceptInsecureCerts: false, acceptSslCerts: false, applicationCacheEnabled: false, browserConnectionEnabled: false, browserName: chrome, chrome: {chromedriverVersion: 2.38.552522 (437e6fbedfa876..., userDataDir: C:\Users\SATISH~2\AppData\L...}, cssSelectorsEnabled: true, databaseEnabled: false, handlesAlerts: true, hasTouchScreen: false, javascriptEnabled: true, locationContextEnabled: true, mobileEmulationEnabled: false, nativeEvents: true, networkConnectionEnabled: false, pageLoadStrategy: normal, platform: XP, platformName: XP, rotatable: false, setWindowRect: true, takesHeapSnapshot: true, takesScreenshot: true, unexpectedAlertBehaviour: , unhandledPromptBehavior: , version: 80.0.3987.163, webStorageEnabled: true}
Session ID: 1bbc369796b8bad10fe117d24f3dd6a2
2020-04-08 18:20:21,376 [TestNG-PoolService-0] ERROR log - Failure in method: BorrowerPortalVerify occurred Unable to verify Home Page Exception: org.openqa.selenium.NoSuchElementException: no such element: Unable to locate element: {"method":"id","selector":"title"}
  (Session info: chrome=80.0.3987.163)
  (Driver info: chromedriver=2.38.552522 (437e6fbedfa8762dec75e2c5b3ddb86763dc9dcb),platform=Windows NT 10.0.14393 x86_64) (WARNING: The server did not provide any stacktrace information)
Command duration or timeout: 0 milliseconds
For documentation on this error, please visit: http://seleniumhq.org/exceptions/no_such_element.html
Build info: version: '3.14.0', revision: 'aacccce0', time: '2018-08-02T20:19:58.91Z'
System info: host: 'VMT3441', ip: '192.168.0.5', os.name: 'Windows 10', os.arch: 'amd64', os.version: '10.0', java.version: '1.8.0_144'
Driver info: org.openqa.selenium.chrome.ChromeDriver
Capabilities {acceptInsecureCerts: false, acceptSslCerts: false, applicationCacheEnabled: false, browserConnectionEnabled: false, browserName: chrome, chrome: {chromedriverVersion: 2.38.552522 (437e6fbedfa876..., userDataDir: C:\Users\SATISH~2\AppData\L...}, cssSelectorsEnabled: true, databaseEnabled: false, handlesAlerts: true, hasTouchScreen: false, javascriptEnabled: true, locationContextEnabled: true, mobileEmulationEnabled: false, nativeEvents: true, networkConnectionEnabled: false, pageLoadStrategy: normal, platform: XP, platformName: XP, rotatable: false, setWindowRect: true, takesHeapSnapshot: true, takesScreenshot: true, unexpectedAlertBehaviour: , unhandledPromptBehavior: , version: 80.0.3987.163, webStorageEnabled: true}
Session ID: 1bbc369796b8bad10fe117d24f3dd6a2
*** Element info: {Using=id, value=title}
2020-04-08 18:20:21,377 [TestNG-PoolService-0] INFO  log - Method - reportHardFail - Unable to verify My Loan text
2020-04-08 18:20:21,896 [TestNG-PoolService-0] INFO  log - Method - testFail - Test Failed in: As a user I Login with valid email and password and should signin and able to view My Loan heder name
2020-04-08 18:20:21,896 [TestNG-PoolService-0] INFO  log - ***************** End of Scenario: As a user I Login with valid email and password and should signin and able to view My Loan heder name *****************
2020-04-08 18:20:23,330 [TestNG-PoolService-0] INFO  log - ***************** End of Test: runScenario *****************
2020-04-08 18:20:23,330 [TestNG-PoolService-0] INFO  log - ***************** Starting Test: runScenario *****************
2020-04-08 18:20:30,234 [TestNG-PoolService-0] INFO  log - ***************** Starting Scenario: As a user I Login to celink and verify common question page title *****************
2020-04-08 18:20:30,241 [TestNG-PoolService-0] INFO  log - Method - parseJsonTestData -  : Loaded test data from file: BorrowerPortalVerifyData.json : {"CommonQuestionPageHeader":"Common Questions"}
2020-04-08 18:20:35,249 [TestNG-PoolService-0] INFO  log - Method - reportPass - Navigate to URL
2020-04-08 18:20:41,387 [TestNG-PoolService-0] ERROR log - Failure in method: waitForPageReadyState occurred FAIL: Java script load not found. Exception: org.openqa.selenium.WebDriverException: unknown error: jQuery is not defined
  (Session info: chrome=80.0.3987.163)
  (Driver info: chromedriver=2.38.552522 (437e6fbedfa8762dec75e2c5b3ddb86763dc9dcb),platform=Windows NT 10.0.14393 x86_64) (WARNING: The server did not provide any stacktrace information)
Command duration or timeout: 0 milliseconds
Build info: version: '3.14.0', revision: 'aacccce0', time: '2018-08-02T20:19:58.91Z'
System info: host: 'VMT3441', ip: '192.168.0.5', os.name: 'Windows 10', os.arch: 'amd64', os.version: '10.0', java.version: '1.8.0_144'
Driver info: org.openqa.selenium.chrome.ChromeDriver
Capabilities {acceptInsecureCerts: false, acceptSslCerts: false, applicationCacheEnabled: false, browserConnectionEnabled: false, browserName: chrome, chrome: {chromedriverVersion: 2.38.552522 (437e6fbedfa876..., userDataDir: C:\Users\SATISH~2\AppData\L...}, cssSelectorsEnabled: true, databaseEnabled: false, handlesAlerts: true, hasTouchScreen: false, javascriptEnabled: true, locationContextEnabled: true, mobileEmulationEnabled: false, nativeEvents: true, networkConnectionEnabled: false, pageLoadStrategy: normal, platform: XP, platformName: XP, rotatable: false, setWindowRect: true, takesHeapSnapshot: true, takesScreenshot: true, unexpectedAlertBehaviour: , unhandledPromptBehavior: , version: 80.0.3987.163, webStorageEnabled: true}
Session ID: e8222dae1fea9a12e0731628d1dee02b
2020-04-08 18:20:48,507 [TestNG-PoolService-0] INFO  log - Method - reportPass - Clicked on common question tab
2020-04-08 18:20:53,836 [TestNG-PoolService-0] INFO  log - Method - reportPass - Verified Common Questions text
2020-04-08 18:20:54,113 [TestNG-PoolService-0] INFO  log - Method - testPass - Test Passed: As a user I Login to celink and verify common question page title
2020-04-08 18:20:54,113 [TestNG-PoolService-0] INFO  log - ***************** End of Scenario: As a user I Login to celink and verify common question page title *****************
2020-04-08 18:20:55,089 [TestNG-PoolService-0] INFO  log - ***************** End of Test: runScenario *****************
2020-04-08 18:20:55,090 [TestNG-PoolService-0] INFO  log - ***************** Starting Test: runScenario *****************
2020-04-08 18:21:00,936 [TestNG-PoolService-0] INFO  log - ***************** Starting Scenario: As a user I Login to celink and navigated to View Loan Details and verified Current Net Principal Limit text *****************
2020-04-08 18:21:00,940 [TestNG-PoolService-0] INFO  log - Method - parseJsonTestData -  : Loaded test data from file: BorrowerPortalVerifyData.json : {"MyLoanAccountNumber":"49265","HeaderNameMyLoan":"My Loan","CurrentNetPrincipalLimitText":"Current Net Principal Limit"}
2020-04-08 18:21:05,953 [TestNG-PoolService-0] INFO  log - Method - reportPass - Navigate to URL
2020-04-08 18:21:11,971 [TestNG-PoolService-0] ERROR log - Failure in method: waitForPageReadyState occurred FAIL: Java script load not found. Exception: org.openqa.selenium.WebDriverException: unknown error: jQuery is not defined
  (Session info: chrome=80.0.3987.163)
  (Driver info: chromedriver=2.38.552522 (437e6fbedfa8762dec75e2c5b3ddb86763dc9dcb),platform=Windows NT 10.0.14393 x86_64) (WARNING: The server did not provide any stacktrace information)
Command duration or timeout: 0 milliseconds
Build info: version: '3.14.0', revision: 'aacccce0', time: '2018-08-02T20:19:58.91Z'
System info: host: 'VMT3441', ip: '192.168.0.5', os.name: 'Windows 10', os.arch: 'amd64', os.version: '10.0', java.version: '1.8.0_144'
Driver info: org.openqa.selenium.chrome.ChromeDriver
Capabilities {acceptInsecureCerts: false, acceptSslCerts: false, applicationCacheEnabled: false, browserConnectionEnabled: false, browserName: chrome, chrome: {chromedriverVersion: 2.38.552522 (437e6fbedfa876..., userDataDir: C:\Users\SATISH~2\AppData\L...}, cssSelectorsEnabled: true, databaseEnabled: false, handlesAlerts: true, hasTouchScreen: false, javascriptEnabled: true, locationContextEnabled: true, mobileEmulationEnabled: false, nativeEvents: true, networkConnectionEnabled: false, pageLoadStrategy: normal, platform: XP, platformName: XP, rotatable: false, setWindowRect: true, takesHeapSnapshot: true, takesScreenshot: true, unexpectedAlertBehaviour: , unhandledPromptBehavior: , version: 80.0.3987.163, webStorageEnabled: true}
Session ID: 8ccd28d5c7741aa6383aa37d135aa685
2020-04-08 18:21:16,991 [TestNG-PoolService-0] ERROR log - Failure in method: BorrowerPortalVerify occurred Unable to Click on common question tab Exception: org.openqa.selenium.NoSuchElementException: no such element: Unable to locate element: {"method":"id","selector":"my-loan-tabs-tab-loan-details"}
  (Session info: chrome=80.0.3987.163)
  (Driver info: chromedriver=2.38.552522 (437e6fbedfa8762dec75e2c5b3ddb86763dc9dcb),platform=Windows NT 10.0.14393 x86_64) (WARNING: The server did not provide any stacktrace information)
Command duration or timeout: 0 milliseconds
For documentation on this error, please visit: http://seleniumhq.org/exceptions/no_such_element.html
Build info: version: '3.14.0', revision: 'aacccce0', time: '2018-08-02T20:19:58.91Z'
System info: host: 'VMT3441', ip: '192.168.0.5', os.name: 'Windows 10', os.arch: 'amd64', os.version: '10.0', java.version: '1.8.0_144'
Driver info: org.openqa.selenium.chrome.ChromeDriver
Capabilities {acceptInsecureCerts: false, acceptSslCerts: false, applicationCacheEnabled: false, browserConnectionEnabled: false, browserName: chrome, chrome: {chromedriverVersion: 2.38.552522 (437e6fbedfa876..., userDataDir: C:\Users\SATISH~2\AppData\L...}, cssSelectorsEnabled: true, databaseEnabled: false, handlesAlerts: true, hasTouchScreen: false, javascriptEnabled: true, locationContextEnabled: true, mobileEmulationEnabled: false, nativeEvents: true, networkConnectionEnabled: false, pageLoadStrategy: normal, platform: XP, platformName: XP, rotatable: false, setWindowRect: true, takesHeapSnapshot: true, takesScreenshot: true, unexpectedAlertBehaviour: , unhandledPromptBehavior: , version: 80.0.3987.163, webStorageEnabled: true}
Session ID: 8ccd28d5c7741aa6383aa37d135aa685
*** Element info: {Using=id, value=my-loan-tabs-tab-loan-details}
2020-04-08 18:21:16,991 [TestNG-PoolService-0] INFO  log - Method - reportHardFail - Unable to Click on common question tab
2020-04-08 18:21:17,271 [TestNG-PoolService-0] INFO  log - Method - testFail - Test Failed in: As a user I Login to celink and navigated to View Loan Details and verified Current Net Principal Limit text
2020-04-08 18:21:17,272 [TestNG-PoolService-0] INFO  log - ***************** End of Scenario: As a user I Login to celink and navigated to View Loan Details and verified Current Net Principal Limit text *****************
2020-04-08 18:21:18,179 [TestNG-PoolService-0] INFO  log - ***************** End of Test: runScenario *****************
2020-04-08 18:21:18,179 [TestNG-PoolService-0] INFO  log - ***************** Starting Test: runScenario *****************
2020-04-08 18:21:25,203 [TestNG-PoolService-0] INFO  log - ***************** Starting Scenario: As a user I Login to celink and navigated to borrower details and verified name *****************
2020-04-08 18:21:25,205 [TestNG-PoolService-0] INFO  log - Method - parseJsonTestData -  : Loaded test data from file: BorrowerPortalVerifyData.json : {"BorrowerName":"ANITA Bortest"}
2020-04-08 18:21:30,212 [TestNG-PoolService-0] INFO  log - Method - reportPass - Navigate to URL
2020-04-08 18:21:36,267 [TestNG-PoolService-0] ERROR log - Failure in method: waitForPageReadyState occurred FAIL: Java script load not found. Exception: org.openqa.selenium.WebDriverException: unknown error: jQuery is not defined
  (Session info: chrome=80.0.3987.163)
  (Driver info: chromedriver=2.38.552522 (437e6fbedfa8762dec75e2c5b3ddb86763dc9dcb),platform=Windows NT 10.0.14393 x86_64) (WARNING: The server did not provide any stacktrace information)
Command duration or timeout: 0 milliseconds
Build info: version: '3.14.0', revision: 'aacccce0', time: '2018-08-02T20:19:58.91Z'
System info: host: 'VMT3441', ip: '192.168.0.5', os.name: 'Windows 10', os.arch: 'amd64', os.version: '10.0', java.version: '1.8.0_144'
Driver info: org.openqa.selenium.chrome.ChromeDriver
Capabilities {acceptInsecureCerts: false, acceptSslCerts: false, applicationCacheEnabled: false, browserConnectionEnabled: false, browserName: chrome, chrome: {chromedriverVersion: 2.38.552522 (437e6fbedfa876..., userDataDir: C:\Users\SATISH~2\AppData\L...}, cssSelectorsEnabled: true, databaseEnabled: false, handlesAlerts: true, hasTouchScreen: false, javascriptEnabled: true, locationContextEnabled: true, mobileEmulationEnabled: false, nativeEvents: true, networkConnectionEnabled: false, pageLoadStrategy: normal, platform: XP, platformName: XP, rotatable: false, setWindowRect: true, takesHeapSnapshot: true, takesScreenshot: true, unexpectedAlertBehaviour: , unhandledPromptBehavior: , version: 80.0.3987.163, webStorageEnabled: true}
Session ID: 748d6486f00444865531c334cc2bbe33
2020-04-08 18:21:41,284 [TestNG-PoolService-0] ERROR log - Failure in method: BorrowerPortalVerify occurred Unable to Click on borrower Details tab Exception: org.openqa.selenium.NoSuchElementException: no such element: Unable to locate element: {"method":"id","selector":"my-loan-tabs-tab-borrower-details"}
  (Session info: chrome=80.0.3987.163)
  (Driver info: chromedriver=2.38.552522 (437e6fbedfa8762dec75e2c5b3ddb86763dc9dcb),platform=Windows NT 10.0.14393 x86_64) (WARNING: The server did not provide any stacktrace information)
Command duration or timeout: 0 milliseconds
For documentation on this error, please visit: http://seleniumhq.org/exceptions/no_such_element.html
Build info: version: '3.14.0', revision: 'aacccce0', time: '2018-08-02T20:19:58.91Z'
System info: host: 'VMT3441', ip: '192.168.0.5', os.name: 'Windows 10', os.arch: 'amd64', os.version: '10.0', java.version: '1.8.0_144'
Driver info: org.openqa.selenium.chrome.ChromeDriver
Capabilities {acceptInsecureCerts: false, acceptSslCerts: false, applicationCacheEnabled: false, browserConnectionEnabled: false, browserName: chrome, chrome: {chromedriverVersion: 2.38.552522 (437e6fbedfa876..., userDataDir: C:\Users\SATISH~2\AppData\L...}, cssSelectorsEnabled: true, databaseEnabled: false, handlesAlerts: true, hasTouchScreen: false, javascriptEnabled: true, locationContextEnabled: true, mobileEmulationEnabled: false, nativeEvents: true, networkConnectionEnabled: false, pageLoadStrategy: normal, platform: XP, platformName: XP, rotatable: false, setWindowRect: true, takesHeapSnapshot: true, takesScreenshot: true, unexpectedAlertBehaviour: , unhandledPromptBehavior: , version: 80.0.3987.163, webStorageEnabled: true}
Session ID: 748d6486f00444865531c334cc2bbe33
*** Element info: {Using=id, value=my-loan-tabs-tab-borrower-details}
2020-04-08 18:21:41,285 [TestNG-PoolService-0] INFO  log - Method - reportHardFail - Unable to Click on borrower Details tab
2020-04-08 18:21:41,561 [TestNG-PoolService-0] INFO  log - Method - testFail - Test Failed in: As a user I Login to celink and navigated to borrower details and verified name
2020-04-08 18:21:41,562 [TestNG-PoolService-0] INFO  log - ***************** End of Scenario: As a user I Login to celink and navigated to borrower details and verified name *****************
2020-04-08 18:21:42,519 [TestNG-PoolService-0] INFO  log - ***************** End of Test: runScenario *****************
2020-04-08 18:23:07,454 [TestNG-PoolService-0] INFO  log - ***************** Starting Test: runScenario *****************
2020-04-08 18:23:25,152 [TestNG-PoolService-0] INFO  log - ***************** Starting Scenario: As a user I Login with invalid password and should get Incorrect username or password massage display *****************
2020-04-08 18:23:25,372 [TestNG-PoolService-0] INFO  log - Method - parseJsonTestData -  : Loaded test data from file: BorrowerPortalVerifyData.json : {"Description":"Incorrect username or password."}
2020-04-08 18:23:30,382 [TestNG-PoolService-0] INFO  log - Method - reportPass - Navigate to URL
2020-04-08 18:23:38,540 [TestNG-PoolService-0] INFO  log - Method - reportPass - Clicked on Signin Page
2020-04-08 18:23:49,083 [TestNG-PoolService-0] INFO  log - Method - reportPass - Verified Incorrect username or password text
2020-04-08 18:23:49,582 [TestNG-PoolService-0] INFO  log - Method - testPass - Test Passed: As a user I Login with invalid password and should get Incorrect username or password massage display
2020-04-08 18:23:49,582 [TestNG-PoolService-0] INFO  log - ***************** End of Scenario: As a user I Login with invalid password and should get Incorrect username or password massage display *****************
2020-04-08 18:23:52,090 [TestNG-PoolService-0] INFO  log - ***************** End of Test: runScenario *****************
2020-04-08 18:23:52,399 [TestNG-PoolService-0] INFO  log - ***************** Starting Test: runScenario *****************
2020-04-08 18:24:00,762 [TestNG-PoolService-0] INFO  log - ***************** Starting Scenario: As a user I Login with valid email and password and should signin and able to view My Loan heder name *****************
2020-04-08 18:24:00,769 [TestNG-PoolService-0] INFO  log - Method - parseJsonTestData -  : Loaded test data from file: BorrowerPortalVerifyData.json : {"MyLoanAccountNumber":"49265","HeaderNameMyLoan":"My Loan","CurrentNetPrincipalLimitText":"Current Net Principal Limit"}
2020-04-08 18:24:05,778 [TestNG-PoolService-0] INFO  log - Method - reportPass - Navigate to URL
2020-04-08 18:24:16,929 [TestNG-PoolService-0] ERROR log - Failure in method: waitForPageReadyState occurred FAIL: Java script load not found. Exception: org.openqa.selenium.WebDriverException: unknown error: jQuery is not defined
  (Session info: chrome=80.0.3987.163)
  (Driver info: chromedriver=2.38.552522 (437e6fbedfa8762dec75e2c5b3ddb86763dc9dcb),platform=Windows NT 10.0.14393 x86_64) (WARNING: The server did not provide any stacktrace information)
Command duration or timeout: 0 milliseconds
Build info: version: '3.14.0', revision: 'aacccce0', time: '2018-08-02T20:19:58.91Z'
System info: host: 'VMT3441', ip: '192.168.0.5', os.name: 'Windows 10', os.arch: 'amd64', os.version: '10.0', java.version: '1.8.0_144'
Driver info: org.openqa.selenium.chrome.ChromeDriver
Capabilities {acceptInsecureCerts: false, acceptSslCerts: false, applicationCacheEnabled: false, browserConnectionEnabled: false, browserName: chrome, chrome: {chromedriverVersion: 2.38.552522 (437e6fbedfa876..., userDataDir: C:\Users\SATISH~2\AppData\L...}, cssSelectorsEnabled: true, databaseEnabled: false, handlesAlerts: true, hasTouchScreen: false, javascriptEnabled: true, locationContextEnabled: true, mobileEmulationEnabled: false, nativeEvents: true, networkConnectionEnabled: false, pageLoadStrategy: normal, platform: XP, platformName: XP, rotatable: false, setWindowRect: true, takesHeapSnapshot: true, takesScreenshot: true, unexpectedAlertBehaviour: , unhandledPromptBehavior: , version: 80.0.3987.163, webStorageEnabled: true}
Session ID: 64893d8a46c13a8d8961a299d8c9c70e
2020-04-08 18:24:16,948 [TestNG-PoolService-0] ERROR log - Failure in method: BorrowerPortalVerify occurred Unable to verify Home Page Exception: org.openqa.selenium.NoSuchElementException: no such element: Unable to locate element: {"method":"id","selector":"title"}
  (Session info: chrome=80.0.3987.163)
  (Driver info: chromedriver=2.38.552522 (437e6fbedfa8762dec75e2c5b3ddb86763dc9dcb),platform=Windows NT 10.0.14393 x86_64) (WARNING: The server did not provide any stacktrace information)
Command duration or timeout: 0 milliseconds
For documentation on this error, please visit: http://seleniumhq.org/exceptions/no_such_element.html
Build info: version: '3.14.0', revision: 'aacccce0', time: '2018-08-02T20:19:58.91Z'
System info: host: 'VMT3441', ip: '192.168.0.5', os.name: 'Windows 10', os.arch: 'amd64', os.version: '10.0', java.version: '1.8.0_144'
Driver info: org.openqa.selenium.chrome.ChromeDriver
Capabilities {acceptInsecureCerts: false, acceptSslCerts: false, applicationCacheEnabled: false, browserConnectionEnabled: false, browserName: chrome, chrome: {chromedriverVersion: 2.38.552522 (437e6fbedfa876..., userDataDir: C:\Users\SATISH~2\AppData\L...}, cssSelectorsEnabled: true, databaseEnabled: false, handlesAlerts: true, hasTouchScreen: false, javascriptEnabled: true, locationContextEnabled: true, mobileEmulationEnabled: false, nativeEvents: true, networkConnectionEnabled: false, pageLoadStrategy: normal, platform: XP, platformName: XP, rotatable: false, setWindowRect: true, takesHeapSnapshot: true, takesScreenshot: true, unexpectedAlertBehaviour: , unhandledPromptBehavior: , version: 80.0.3987.163, webStorageEnabled: true}
Session ID: 64893d8a46c13a8d8961a299d8c9c70e
*** Element info: {Using=id, value=title}
2020-04-08 18:24:16,949 [TestNG-PoolService-0] INFO  log - Method - reportHardFail - Unable to verify My Loan text
2020-04-08 18:24:17,230 [TestNG-PoolService-0] INFO  log - Method - testFail - Test Failed in: As a user I Login with valid email and password and should signin and able to view My Loan heder name
2020-04-08 18:24:17,230 [TestNG-PoolService-0] INFO  log - ***************** End of Scenario: As a user I Login with valid email and password and should signin and able to view My Loan heder name *****************
2020-04-08 18:24:18,151 [TestNG-PoolService-0] INFO  log - ***************** End of Test: runScenario *****************
2020-04-08 18:24:18,152 [TestNG-PoolService-0] INFO  log - ***************** Starting Test: runScenario *****************
2020-04-08 18:24:24,828 [TestNG-PoolService-0] INFO  log - ***************** Starting Scenario: As a user I Login to celink and verify common question page title *****************
2020-04-08 18:24:24,829 [TestNG-PoolService-0] INFO  log - Method - parseJsonTestData -  : Loaded test data from file: BorrowerPortalVerifyData.json : {"CommonQuestionPageHeader":"Common Questions"}
2020-04-08 18:24:29,842 [TestNG-PoolService-0] INFO  log - Method - reportPass - Navigate to URL
2020-04-08 18:24:47,807 [TestNG-PoolService-0] INFO  log - Method - reportPass - Clicked on common question tab
2020-04-08 18:24:53,144 [TestNG-PoolService-0] INFO  log - Method - reportPass - Verified Common Questions text
2020-04-08 18:24:53,470 [TestNG-PoolService-0] INFO  log - Method - testPass - Test Passed: As a user I Login to celink and verify common question page title
2020-04-08 18:24:53,470 [TestNG-PoolService-0] INFO  log - ***************** End of Scenario: As a user I Login to celink and verify common question page title *****************
2020-04-08 18:24:54,401 [TestNG-PoolService-0] INFO  log - ***************** End of Test: runScenario *****************
2020-04-08 18:24:54,402 [TestNG-PoolService-0] INFO  log - ***************** Starting Test: runScenario *****************
2020-04-08 18:24:59,677 [TestNG-PoolService-0] INFO  log - ***************** Starting Scenario: As a user I Login to celink and navigated to View Loan Details and verified Current Net Principal Limit text *****************
2020-04-08 18:24:59,678 [TestNG-PoolService-0] INFO  log - Method - parseJsonTestData -  : Loaded test data from file: BorrowerPortalVerifyData.json : {"MyLoanAccountNumber":"49265","HeaderNameMyLoan":"My Loan","CurrentNetPrincipalLimitText":"Current Net Principal Limit"}
2020-04-08 18:25:04,685 [TestNG-PoolService-0] INFO  log - Method - reportPass - Navigate to URL
2020-04-08 18:25:20,855 [TestNG-PoolService-0] INFO  log - Method - reportPass - Clicked on Loan Details tab
2020-04-08 18:25:26,234 [TestNG-PoolService-0] INFO  log - Method - reportPass - Verified Current Net Principal Limit text in Loan Details Tab 
2020-04-08 18:25:26,504 [TestNG-PoolService-0] INFO  log - Method - testPass - Test Passed: As a user I Login to celink and navigated to View Loan Details and verified Current Net Principal Limit text
2020-04-08 18:25:26,504 [TestNG-PoolService-0] INFO  log - ***************** End of Scenario: As a user I Login to celink and navigated to View Loan Details and verified Current Net Principal Limit text *****************
2020-04-08 18:25:27,395 [TestNG-PoolService-0] INFO  log - ***************** End of Test: runScenario *****************
2020-04-08 18:25:27,396 [TestNG-PoolService-0] INFO  log - ***************** Starting Test: runScenario *****************
2020-04-08 18:25:33,717 [TestNG-PoolService-0] INFO  log - ***************** Starting Scenario: As a user I Login to celink and navigated to borrower details and verified name *****************
2020-04-08 18:25:33,718 [TestNG-PoolService-0] INFO  log - Method - parseJsonTestData -  : Loaded test data from file: BorrowerPortalVerifyData.json : {"BorrowerName":"ANITA Bortest"}
2020-04-08 18:25:38,725 [TestNG-PoolService-0] INFO  log - Method - reportPass - Navigate to URL
2020-04-08 18:25:55,070 [TestNG-PoolService-0] INFO  log - Method - reportPass - Clicked on borrower Details tab
2020-04-08 18:26:00,441 [TestNG-PoolService-0] INFO  log - Method - reportPass - Verified borrower details name text in borrower Details Tab 
2020-04-08 18:26:00,717 [TestNG-PoolService-0] INFO  log - Method - testPass - Test Passed: As a user I Login to celink and navigated to borrower details and verified name
2020-04-08 18:26:00,718 [TestNG-PoolService-0] INFO  log - ***************** End of Scenario: As a user I Login to celink and navigated to borrower details and verified name *****************
2020-04-08 18:26:01,631 [TestNG-PoolService-0] INFO  log - ***************** End of Test: runScenario *****************
2020-04-08 18:36:09,911 [TestNG-PoolService-0] INFO  log - ***************** Starting Test: runScenario *****************
2020-04-08 18:36:41,442 [TestNG-PoolService-0] INFO  log - ***************** Starting Scenario: As a user I Login with valid email and password and should signin and able to view My Loan heder name *****************
2020-04-08 18:36:41,931 [TestNG-PoolService-0] INFO  log - Method - parseJsonTestData -  : Loaded test data from file: BorrowerPortalVerifyData.json : {"MyLoanAccountNumber":"49265","HeaderNameMyLoan":"My Loan","CurrentNetPrincipalLimitText":"Current Net Principal Limit"}
2020-04-08 18:36:47,037 [TestNG-PoolService-0] INFO  log - Method - reportPass - Navigate to URL
2020-04-08 18:36:58,810 [TestNG-PoolService-0] ERROR log - Failure in method: waitForPageReadyState occurred FAIL: Java script load not found. Exception: org.openqa.selenium.WebDriverException: unknown error: jQuery is not defined
  (Session info: chrome=80.0.3987.163)
  (Driver info: chromedriver=2.38.552522 (437e6fbedfa8762dec75e2c5b3ddb86763dc9dcb),platform=Windows NT 10.0.14393 x86_64) (WARNING: The server did not provide any stacktrace information)
Command duration or timeout: 0 milliseconds
Build info: version: '3.14.0', revision: 'aacccce0', time: '2018-08-02T20:19:58.91Z'
System info: host: 'VMT3441', ip: '192.168.0.5', os.name: 'Windows 10', os.arch: 'amd64', os.version: '10.0', java.version: '1.8.0_144'
Driver info: org.openqa.selenium.chrome.ChromeDriver
Capabilities {acceptInsecureCerts: false, acceptSslCerts: false, applicationCacheEnabled: false, browserConnectionEnabled: false, browserName: chrome, chrome: {chromedriverVersion: 2.38.552522 (437e6fbedfa876..., userDataDir: C:\Users\SATISH~2\AppData\L...}, cssSelectorsEnabled: true, databaseEnabled: false, handlesAlerts: true, hasTouchScreen: false, javascriptEnabled: true, locationContextEnabled: true, mobileEmulationEnabled: false, nativeEvents: true, networkConnectionEnabled: false, pageLoadStrategy: normal, platform: XP, platformName: XP, rotatable: false, setWindowRect: true, takesHeapSnapshot: true, takesScreenshot: true, unexpectedAlertBehaviour: , unhandledPromptBehavior: , version: 80.0.3987.163, webStorageEnabled: true}
Session ID: 270a99c6f4f93c488bfa6b3953e1eda9
2020-04-08 18:38:47,225 [TestNG-PoolService-0] INFO  log - ***************** Starting Test: runScenario *****************
2020-04-08 18:39:03,309 [TestNG-PoolService-0] INFO  log - ***************** Starting Scenario: As a user I Login with valid email and password and should signin and able to view My Loan heder name *****************
2020-04-08 18:39:03,638 [TestNG-PoolService-0] INFO  log - Method - parseJsonTestData -  : Loaded test data from file: BorrowerPortalVerifyData.json : {"MyLoanAccountNumber":"49265","HeaderNameMyLoan":"My Loan","CurrentNetPrincipalLimitText":"Current Net Principal Limit"}
2020-04-08 18:39:08,687 [TestNG-PoolService-0] INFO  log - Method - reportPass - Navigate to URL
2020-04-08 18:39:25,331 [TestNG-PoolService-0] INFO  log - Method - reportPass - Verified My Loan text
2020-04-08 18:39:30,676 [TestNG-PoolService-0] INFO  log - Method - reportPass - Verified Account Number
2020-04-08 18:39:30,980 [TestNG-PoolService-0] INFO  log - Method - testPass - Test Passed: As a user I Login with valid email and password and should signin and able to view My Loan heder name
2020-04-08 18:39:30,981 [TestNG-PoolService-0] INFO  log - ***************** End of Scenario: As a user I Login with valid email and password and should signin and able to view My Loan heder name *****************
2020-04-08 18:39:33,884 [TestNG-PoolService-0] INFO  log - ***************** End of Test: runScenario *****************
2020-04-08 18:57:07,212 [TestNG-PoolService-0] INFO  log - ***************** Starting Test: runScenario *****************
2020-04-08 18:57:25,622 [TestNG-PoolService-0] INFO  log - ***************** Starting Scenario: As a user I Login with invalid password and should get Incorrect username or password massage display *****************
2020-04-08 18:57:26,434 [TestNG-PoolService-0] INFO  log - Method - parseJsonTestData -  : Loaded test data from file: BorrowerPortalVerifyData.json : {"Description":"Incorrect username or password."}
2020-04-08 18:57:31,653 [TestNG-PoolService-0] INFO  log - Method - reportPass - Navigate to URL
2020-04-08 18:57:40,228 [TestNG-PoolService-0] INFO  log - Method - reportPass - Clicked on Signin Page
2020-04-08 18:57:50,864 [TestNG-PoolService-0] INFO  log - Method - reportPass - Verified Incorrect username or password text
2020-04-08 18:57:51,446 [TestNG-PoolService-0] INFO  log - Method - testPass - Test Passed: As a user I Login with invalid password and should get Incorrect username or password massage display
2020-04-08 18:57:51,447 [TestNG-PoolService-0] INFO  log - ***************** End of Scenario: As a user I Login with invalid password and should get Incorrect username or password massage display *****************
2020-04-08 18:57:53,952 [TestNG-PoolService-0] INFO  log - ***************** End of Test: runScenario *****************
2020-04-08 18:57:54,266 [TestNG-PoolService-0] INFO  log - ***************** Starting Test: runScenario *****************
2020-04-08 18:58:08,588 [TestNG-PoolService-0] INFO  log - ***************** Starting Scenario: As a user I Login with valid email and password and should signin and able to view My Loan heder name *****************
2020-04-08 18:58:08,625 [TestNG-PoolService-0] INFO  log - Method - parseJsonTestData -  : Loaded test data from file: BorrowerPortalVerifyData.json : {"MyLoanAccountNumber":"49265","HeaderNameMyLoan":"My Loan","CurrentNetPrincipalLimitText":"Current Net Principal Limit"}
2020-04-08 18:58:13,646 [TestNG-PoolService-0] INFO  log - Method - reportPass - Navigate to URL
2020-04-08 18:58:30,337 [TestNG-PoolService-0] INFO  log - Method - reportPass - Verified My Loan text
2020-04-08 18:58:35,701 [TestNG-PoolService-0] INFO  log - Method - reportPass - Verified Account Number
2020-04-08 18:58:35,978 [TestNG-PoolService-0] INFO  log - Method - testPass - Test Passed: As a user I Login with valid email and password and should signin and able to view My Loan heder name
2020-04-08 18:58:35,979 [TestNG-PoolService-0] INFO  log - ***************** End of Scenario: As a user I Login with valid email and password and should signin and able to view My Loan heder name *****************
2020-04-08 18:58:37,222 [TestNG-PoolService-0] INFO  log - ***************** End of Test: runScenario *****************
2020-04-08 18:58:37,223 [TestNG-PoolService-0] INFO  log - ***************** Starting Test: runScenario *****************
2020-04-08 18:58:46,111 [TestNG-PoolService-0] INFO  log - ***************** Starting Scenario: As a user I Login to celink and verify common question page title *****************
2020-04-08 18:58:46,112 [TestNG-PoolService-0] INFO  log - Method - parseJsonTestData -  : Loaded test data from file: BorrowerPortalVerifyData.json : {"CommonQuestionPageHeader":"Common Questions"}
2020-04-08 18:58:51,122 [TestNG-PoolService-0] INFO  log - Method - reportPass - Navigate to URL
2020-04-08 18:59:14,170 [TestNG-PoolService-0] INFO  log - Method - reportPass - Clicked on common question tab
2020-04-08 18:59:19,569 [TestNG-PoolService-0] INFO  log - Method - reportPass - Verified Common Questions text
2020-04-08 18:59:19,857 [TestNG-PoolService-0] INFO  log - Method - testPass - Test Passed: As a user I Login to celink and verify common question page title
2020-04-08 18:59:19,857 [TestNG-PoolService-0] INFO  log - ***************** End of Scenario: As a user I Login to celink and verify common question page title *****************
2020-04-08 18:59:21,053 [TestNG-PoolService-0] INFO  log - ***************** End of Test: runScenario *****************
2020-04-08 18:59:21,056 [TestNG-PoolService-0] INFO  log - ***************** Starting Test: runScenario *****************
2020-04-08 18:59:29,828 [TestNG-PoolService-0] INFO  log - ***************** Starting Scenario: As a user I Login to celink and navigated to View Loan Details and verified Current Net Principal Limit text *****************
2020-04-08 18:59:29,848 [TestNG-PoolService-0] INFO  log - Method - parseJsonTestData -  : Loaded test data from file: BorrowerPortalVerifyData.json : {"MyLoanAccountNumber":"49265","HeaderNameMyLoan":"My Loan","CurrentNetPrincipalLimitText":"Current Net Principal Limit"}
2020-04-08 18:59:34,856 [TestNG-PoolService-0] INFO  log - Method - reportPass - Navigate to URL
2020-04-08 18:59:51,189 [TestNG-PoolService-0] INFO  log - Method - reportPass - Clicked on Loan Details tab
2020-04-08 18:59:56,613 [TestNG-PoolService-0] INFO  log - Method - reportPass - Verified Current Net Principal Limit text in Loan Details Tab 
2020-04-08 18:59:56,908 [TestNG-PoolService-0] INFO  log - Method - testPass - Test Passed: As a user I Login to celink and navigated to View Loan Details and verified Current Net Principal Limit text
2020-04-08 18:59:56,908 [TestNG-PoolService-0] INFO  log - ***************** End of Scenario: As a user I Login to celink and navigated to View Loan Details and verified Current Net Principal Limit text *****************
2020-04-08 18:59:58,039 [TestNG-PoolService-0] INFO  log - ***************** End of Test: runScenario *****************
2020-04-08 18:59:58,041 [TestNG-PoolService-0] INFO  log - ***************** Starting Test: runScenario *****************
2020-04-08 19:00:06,074 [TestNG-PoolService-0] INFO  log - ***************** Starting Scenario: As a user I Login to celink and navigated to borrower details and verified name *****************
2020-04-08 19:00:06,075 [TestNG-PoolService-0] INFO  log - Method - parseJsonTestData -  : Loaded test data from file: BorrowerPortalVerifyData.json : {"BorrowerName":"ANITA Bortest"}
2020-04-08 19:00:11,087 [TestNG-PoolService-0] INFO  log - Method - reportPass - Navigate to URL
2020-04-08 19:00:27,311 [TestNG-PoolService-0] INFO  log - Method - reportPass - Clicked on borrower Details tab
2020-04-08 19:00:32,682 [TestNG-PoolService-0] INFO  log - Method - reportPass - Verified borrower details name text in borrower Details Tab 
2020-04-08 19:00:32,965 [TestNG-PoolService-0] INFO  log - Method - testPass - Test Passed: As a user I Login to celink and navigated to borrower details and verified name
2020-04-08 19:00:32,966 [TestNG-PoolService-0] INFO  log - ***************** End of Scenario: As a user I Login to celink and navigated to borrower details and verified name *****************
2020-04-08 19:00:34,001 [TestNG-PoolService-0] INFO  log - ***************** End of Test: runScenario *****************
2020-04-08 19:36:47,785 [TestNG-PoolService-0] INFO  log - ***************** Starting Test: runScenario *****************
2020-04-08 19:37:05,434 [TestNG-PoolService-0] INFO  log - Method - parseJsonTestData -  : Loaded test data from file: BorrowerPortalVerifyData.json : {"CommonQuestionPageHeader":"Common Questions"}
2020-04-08 19:37:10,448 [TestNG-PoolService-0] INFO  log - Method - reportPass - Navigate to URL
2020-04-08 19:37:30,887 [TestNG-PoolService-0] INFO  log - Method - reportPass - Clicked on common question tab
2020-04-08 19:37:36,392 [TestNG-PoolService-0] INFO  log - Method - reportPass - Verified Common Questions text
2020-04-08 19:37:39,786 [TestNG-PoolService-0] INFO  log - ***************** End of Test: runScenario *****************
2020-04-08 19:37:39,790 [TestNG-PoolService-0] INFO  log - ***************** Starting Test: runScenario *****************
2020-04-08 19:37:50,262 [TestNG-PoolService-0] INFO  log - Method - parseJsonTestData -  : Loaded test data from file: BorrowerPortalVerifyData.json : {"MyLoanAccountNumber":"49265","HeaderNameMyLoan":"My Loan","CurrentNetPrincipalLimitText":"Current Net Principal Limit"}
2020-04-08 19:37:55,270 [TestNG-PoolService-0] INFO  log - Method - reportPass - Navigate to URL
2020-04-08 19:38:11,892 [TestNG-PoolService-0] ERROR log - Failure in method: BorrowerPortalVerify occurred Unable to Click on common question tab Exception: org.openqa.selenium.NoSuchElementException: no such element: Unable to locate element: {"method":"id","selector":"my-loan-tabs-tab-loan-details"}
  (Session info: chrome=80.0.3987.163)
  (Driver info: chromedriver=2.38.552522 (437e6fbedfa8762dec75e2c5b3ddb86763dc9dcb),platform=Windows NT 10.0.14393 x86_64) (WARNING: The server did not provide any stacktrace information)
Command duration or timeout: 0 milliseconds
For documentation on this error, please visit: http://seleniumhq.org/exceptions/no_such_element.html
Build info: version: '3.14.0', revision: 'aacccce0', time: '2018-08-02T20:19:58.91Z'
System info: host: 'VMT3441', ip: '192.168.0.5', os.name: 'Windows 10', os.arch: 'amd64', os.version: '10.0', java.version: '1.8.0_144'
Driver info: org.openqa.selenium.chrome.ChromeDriver
Capabilities {acceptInsecureCerts: false, acceptSslCerts: false, applicationCacheEnabled: false, browserConnectionEnabled: false, browserName: chrome, chrome: {chromedriverVersion: 2.38.552522 (437e6fbedfa876..., userDataDir: C:\Users\SATISH~2\AppData\L...}, cssSelectorsEnabled: true, databaseEnabled: false, handlesAlerts: true, hasTouchScreen: false, javascriptEnabled: true, locationContextEnabled: true, mobileEmulationEnabled: false, nativeEvents: true, networkConnectionEnabled: false, pageLoadStrategy: normal, platform: XP, platformName: XP, rotatable: false, setWindowRect: true, takesHeapSnapshot: true, takesScreenshot: true, unexpectedAlertBehaviour: , unhandledPromptBehavior: , version: 80.0.3987.163, webStorageEnabled: true}
Session ID: e2ef8a71ea060db64002da099c7d1ea1
*** Element info: {Using=id, value=my-loan-tabs-tab-loan-details}
2020-04-08 19:38:11,893 [TestNG-PoolService-0] INFO  log - Method - reportHardFail - Unable to Click on common question tab
2020-04-08 19:38:13,365 [TestNG-PoolService-0] INFO  log - ***************** End of Test: runScenario *****************
2020-04-08 19:38:13,366 [TestNG-PoolService-0] INFO  log - ***************** Starting Test: runScenario *****************
2020-04-08 19:38:20,434 [TestNG-PoolService-0] INFO  log - Method - parseJsonTestData -  : Loaded test data from file: BorrowerPortalVerifyData.json : {"BorrowerName":"ANITA Bortest"}
2020-04-08 19:38:25,442 [TestNG-PoolService-0] INFO  log - Method - reportPass - Navigate to URL
2020-04-08 19:38:41,864 [TestNG-PoolService-0] INFO  log - Method - reportPass - Clicked on borrower Details tab
2020-04-08 19:38:47,241 [TestNG-PoolService-0] INFO  log - Method - reportPass - Verified borrower details name text in borrower Details Tab 
2020-04-08 19:38:49,162 [TestNG-PoolService-0] INFO  log - ***************** End of Test: runScenario *****************
2020-04-08 19:38:49,162 [TestNG-PoolService-0] INFO  log - ***************** Starting Test: runScenario *****************
2020-04-08 19:39:03,071 [TestNG-PoolService-0] INFO  log - Method - parseJsonTestData -  : Loaded test data from file: BorrowerPortalVerifyData.json : {"Description":"Incorrect username or password."}
2020-04-08 19:39:08,083 [TestNG-PoolService-0] INFO  log - Method - reportPass - Navigate to URL
2020-04-08 19:39:16,446 [TestNG-PoolService-0] INFO  log - Method - reportPass - Clicked on Signin Page
2020-04-08 19:39:27,092 [TestNG-PoolService-0] INFO  log - Method - reportPass - Verified Incorrect username or password text
2020-04-08 19:39:28,803 [TestNG-PoolService-0] INFO  log - ***************** End of Test: runScenario *****************
2020-04-08 19:39:28,804 [TestNG-PoolService-0] INFO  log - ***************** Starting Test: runScenario *****************
2020-04-08 19:39:37,554 [TestNG-PoolService-0] INFO  log - Method - parseJsonTestData -  : Loaded test data from file: BorrowerPortalVerifyData.json : {"MyLoanAccountNumber":"49265","HeaderNameMyLoan":"My Loan","CurrentNetPrincipalLimitText":"Current Net Principal Limit"}
2020-04-08 19:39:42,561 [TestNG-PoolService-0] INFO  log - Method - reportPass - Navigate to URL
2020-04-08 19:39:59,298 [TestNG-PoolService-0] INFO  log - Method - reportPass - Verified My Loan text
2020-04-08 19:40:04,629 [TestNG-PoolService-0] INFO  log - Method - reportPass - Verified Account Number
2020-04-08 19:40:06,059 [TestNG-PoolService-0] INFO  log - ***************** End of Test: runScenario *****************
2020-04-08 19:43:57,073 [TestNG-PoolService-0] INFO  log - ***************** Starting Test: runScenario *****************
2020-04-08 19:44:10,981 [TestNG-PoolService-0] INFO  log - Method - parseJsonTestData -  : Loaded test data from file: BorrowerPortalVerifyData.json : {"MyLoanAccountNumber":"49265","HeaderNameMyLoan":"My Loan","CurrentNetPrincipalLimitText":"Current Net Principal Limit"}
2020-04-08 19:44:15,996 [TestNG-PoolService-0] INFO  log - Method - reportPass - Navigate to URL
2020-04-08 19:44:33,528 [TestNG-PoolService-0] INFO  log - Method - reportPass - Clicked on Loan Details tab
2020-04-08 19:44:38,928 [TestNG-PoolService-0] INFO  log - Method - reportPass - Verified Current Net Principal Limit text in Loan Details Tab 
2020-04-08 19:44:41,880 [TestNG-PoolService-0] INFO  log - ***************** End of Test: runScenario *****************
2020-04-08 19:44:41,882 [TestNG-PoolService-0] INFO  log - ***************** Starting Test: runScenario *****************
2020-04-08 19:44:50,292 [TestNG-PoolService-0] INFO  log - Method - parseJsonTestData -  : Loaded test data from file: BorrowerPortalVerifyData.json : {"Description":"Incorrect username or password."}
2020-04-08 19:44:55,307 [TestNG-PoolService-0] INFO  log - Method - reportPass - Navigate to URL
2020-04-08 19:45:03,671 [TestNG-PoolService-0] INFO  log - Method - reportPass - Clicked on Signin Page
2020-04-08 19:45:14,347 [TestNG-PoolService-0] INFO  log - Method - reportPass - Verified Incorrect username or password text
2020-04-08 19:45:15,897 [TestNG-PoolService-0] INFO  log - ***************** End of Test: runScenario *****************
2020-04-08 19:45:15,897 [TestNG-PoolService-0] INFO  log - ***************** Starting Test: runScenario *****************
2020-04-08 19:45:25,428 [TestNG-PoolService-0] INFO  log - Method - parseJsonTestData -  : Loaded test data from file: BorrowerPortalVerifyData.json : {"MyLoanAccountNumber":"49265","HeaderNameMyLoan":"My Loan","CurrentNetPrincipalLimitText":"Current Net Principal Limit"}
2020-04-08 19:45:30,438 [TestNG-PoolService-0] INFO  log - Method - reportPass - Navigate to URL
2020-04-08 19:45:46,597 [TestNG-PoolService-0] INFO  log - Method - reportPass - Verified My Loan text
2020-04-08 19:45:51,941 [TestNG-PoolService-0] INFO  log - Method - reportPass - Verified Account Number
2020-04-08 19:45:53,178 [TestNG-PoolService-0] INFO  log - ***************** End of Test: runScenario *****************
