2020-04-01 15:13:09,742 [TestNG-PoolService-0] INFO  log - ***************** Starting Test: runScenario *****************
2020-04-01 15:13:36,525 [TestNG-PoolService-0] ERROR log - Failure in method: BeforeMethod occurred There was a configuration issue. Exception: org.openqa.selenium.WebDriverException: Timed out waiting for driver server to start.
Build info: version: '3.14.0', revision: 'aacccce0', time: '2018-08-02T20:19:58.91Z'
System info: host: 'VMT3441', ip: '192.168.0.5', os.name: 'Windows 10', os.arch: 'amd64', os.version: '10.0', java.version: '1.8.0_144'
Driver info: driver.version: ChromeDriver
2020-04-01 15:13:37,275 [TestNG-PoolService-0] INFO  log - ***************** End of Test: runScenario *****************
2020-04-01 15:14:37,122 [TestNG-PoolService-0] INFO  log - ***************** Starting Test: runScenario *****************
2020-04-01 15:14:50,145 [TestNG-PoolService-0] INFO  log - ***************** Starting Scenario: As a user I want to Login and verify TransferFund Tab *****************
2020-04-01 15:14:50,262 [TestNG-PoolService-0] INFO  log - Method - reportPass - Extered Username
2020-04-01 15:14:50,817 [TestNG-PoolService-0] INFO  log - Method - reportPass - Extered password
2020-04-01 15:14:53,850 [TestNG-PoolService-0] INFO  log - Method - reportPass - Clicked on Signin Page
2020-04-01 15:14:54,374 [TestNG-PoolService-0] INFO  log - Method - reportPass - Verified Account Summary tab text
2020-04-01 15:14:55,220 [TestNG-PoolService-0] INFO  log - Method - reportPass - Clicked on TransferFundsTab
2020-04-01 15:14:55,982 [TestNG-PoolService-0] INFO  log - Method - reportPass - Entered Amount
2020-04-01 15:14:56,475 [TestNG-PoolService-0] INFO  log - Method - reportPass - Entered description
2020-04-01 15:14:57,193 [TestNG-PoolService-0] INFO  log - Method - reportPass - Clicked on Continue Button
2020-04-01 15:14:58,563 [TestNG-PoolService-0] INFO  log - Method - reportPass - Clicked on Submit Button
2020-04-01 15:14:58,954 [TestNG-PoolService-0] INFO  log - Method - reportPass - Verified Transfer Success message
2020-04-01 15:14:59,266 [TestNG-PoolService-0] INFO  log - Method - testPass - Test Passed: As a user I want to Login and verify TransferFund Tab
2020-04-01 15:14:59,267 [TestNG-PoolService-0] INFO  log - ***************** End of Scenario: As a user I want to Login and verify TransferFund Tab *****************
2020-04-01 15:15:03,039 [TestNG-PoolService-0] INFO  log - ***************** End of Test: runScenario *****************
2020-04-01 16:27:08,742 [TestNG-PoolService-0] INFO  log - ***************** Starting Test: runScenario *****************
2020-04-01 16:27:32,891 [TestNG-PoolService-0] INFO  log - ***************** Starting Scenario: As a user I want to Login and verify TransferFund Tab *****************
2020-04-01 16:27:33,913 [TestNG-PoolService-0] INFO  log - Method - parseJsonTestData -  : Loaded test data from file: TransferFundTabData.json : {"Description":"Selected Default From and To Accounts","Amount":"100"}
2020-04-01 16:27:34,308 [TestNG-PoolService-0] INFO  log - Method - reportPass - Extered Username
2020-04-01 16:27:37,363 [TestNG-PoolService-0] INFO  log - Method - reportPass - Extered password
2020-04-01 16:27:40,468 [TestNG-PoolService-0] INFO  log - Method - reportPass - Clicked on Signin Page
2020-04-01 16:27:40,898 [TestNG-PoolService-0] INFO  log - Method - reportPass - Verified Account Summary tab text
2020-04-01 16:27:41,831 [TestNG-PoolService-0] INFO  log - Method - reportPass - Clicked on TransferFundsTab
2020-04-01 16:29:24,404 [TestNG-PoolService-0] INFO  log - Method - reportPass - Entered Amount
2020-04-01 16:29:24,972 [TestNG-PoolService-0] INFO  log - Method - reportPass - Entered description
2020-04-01 16:29:26,005 [TestNG-PoolService-0] INFO  log - Method - reportPass - Clicked on Continue Button
2020-04-01 16:29:26,645 [TestNG-PoolService-0] INFO  log - Method - reportPass - Clicked on Submit Button
2020-04-01 16:29:26,988 [TestNG-PoolService-0] INFO  log - Method - reportPass - Verified Transfer Success message
2020-04-01 16:29:27,283 [TestNG-PoolService-0] INFO  log - Method - testPass - Test Passed: As a user I want to Login and verify TransferFund Tab
2020-04-01 16:29:27,284 [TestNG-PoolService-0] INFO  log - ***************** End of Scenario: As a user I want to Login and verify TransferFund Tab *****************
2020-04-01 16:29:29,540 [TestNG-PoolService-0] INFO  log - ***************** End of Test: runScenario *****************
2020-04-01 16:29:57,885 [TestNG-PoolService-0] INFO  log - ***************** Starting Test: runScenario *****************
2020-04-01 16:30:06,998 [TestNG-PoolService-0] INFO  log - ***************** Starting Scenario: As a user I want to Login and verify TransferFund Tab *****************
2020-04-01 16:30:07,392 [TestNG-PoolService-0] INFO  log - Method - parseJsonTestData -  : Loaded test data from file: TransferFundTabData.json : {"Description":"Selected Default From and To Accounts","Amount":"100"}
2020-04-01 16:30:07,628 [TestNG-PoolService-0] INFO  log - Method - reportPass - Extered Username
2020-04-01 16:30:08,195 [TestNG-PoolService-0] INFO  log - Method - reportPass - Extered password
2020-04-01 16:30:11,141 [TestNG-PoolService-0] INFO  log - Method - reportPass - Clicked on Signin Page
2020-04-01 16:30:11,707 [TestNG-PoolService-0] INFO  log - Method - reportPass - Verified Account Summary tab text
2020-04-01 16:30:12,579 [TestNG-PoolService-0] INFO  log - Method - reportPass - Clicked on TransferFundsTab
2020-04-01 16:30:12,935 [TestNG-PoolService-0] INFO  log - Method - reportPass - Entered Amount
2020-04-01 16:30:13,393 [TestNG-PoolService-0] INFO  log - Method - reportPass - Entered description
2020-04-01 16:30:14,037 [TestNG-PoolService-0] INFO  log - Method - reportPass - Clicked on Continue Button
2020-04-01 16:30:14,667 [TestNG-PoolService-0] INFO  log - Method - reportPass - Clicked on Submit Button
2020-04-01 16:30:15,407 [TestNG-PoolService-0] INFO  log - Method - reportPass - Verified Transfer Success message
2020-04-01 16:30:15,685 [TestNG-PoolService-0] INFO  log - Method - testPass - Test Passed: As a user I want to Login and verify TransferFund Tab
2020-04-01 16:30:15,686 [TestNG-PoolService-0] INFO  log - ***************** End of Scenario: As a user I want to Login and verify TransferFund Tab *****************
2020-04-01 16:30:16,806 [TestNG-PoolService-0] INFO  log - ***************** End of Test: runScenario *****************
2020-04-01 16:32:00,788 [TestNG-PoolService-0] INFO  log - ***************** Starting Test: runScenario *****************
2020-04-01 16:32:09,949 [TestNG-PoolService-0] INFO  log - ***************** Starting Scenario: As a user I want to Login and verify TransferFund Tab *****************
2020-04-01 16:32:09,966 [TestNG-PoolService-0] INFO  log - Method - parseJsonTestData -  : Loaded test data from file: TransferFundTabData.json : {"Description":"Selected Default From and To Accounts","Amount":"100"}
2020-04-01 16:32:10,074 [TestNG-PoolService-0] INFO  log - Method - reportPass - Extered Username
2020-04-01 16:32:10,519 [TestNG-PoolService-0] INFO  log - Method - reportPass - Extered password
2020-04-01 16:32:13,398 [TestNG-PoolService-0] INFO  log - Method - reportPass - Clicked on Signin Page
2020-04-01 16:32:13,811 [TestNG-PoolService-0] INFO  log - Method - reportPass - Verified Account Summary tab text
2020-04-01 16:32:14,619 [TestNG-PoolService-0] INFO  log - Method - reportPass - Clicked on TransferFundsTab
2020-04-01 16:32:14,984 [TestNG-PoolService-0] INFO  log - Method - reportPass - Entered Amount
2020-04-01 16:32:15,449 [TestNG-PoolService-0] INFO  log - Method - reportPass - Entered description
2020-04-01 16:32:16,055 [TestNG-PoolService-0] INFO  log - Method - reportPass - Clicked on Continue Button
2020-04-01 16:32:16,681 [TestNG-PoolService-0] INFO  log - Method - reportPass - Clicked on Submit Button
2020-04-01 16:32:17,018 [TestNG-PoolService-0] INFO  log - Method - reportPass - Verified Transfer Success message
2020-04-01 16:32:17,298 [TestNG-PoolService-0] INFO  log - Method - testPass - Test Passed: As a user I want to Login and verify TransferFund Tab
2020-04-01 16:32:17,298 [TestNG-PoolService-0] INFO  log - ***************** End of Scenario: As a user I want to Login and verify TransferFund Tab *****************
2020-04-01 16:32:18,478 [TestNG-PoolService-0] INFO  log - ***************** End of Test: runScenario *****************
2020-04-01 16:34:12,228 [TestNG-PoolService-0] INFO  log - ***************** Starting Test: runScenario *****************
2020-04-01 16:34:19,947 [TestNG-PoolService-0] INFO  log - ***************** Starting Scenario: As a user I want to Login and verify TransferFund Tab *****************
2020-04-01 16:34:19,967 [TestNG-PoolService-0] INFO  log - Method - parseJsonTestData -  : Loaded test data from file: TransferFundTabData.json : {"Description":"Selected Default From and To Accounts","Amount":"100"}
2020-04-01 16:34:20,179 [TestNG-PoolService-0] INFO  log - Method - reportPass - Extered Username
2020-04-01 16:34:20,976 [TestNG-PoolService-0] INFO  log - Method - reportPass - Extered password
2020-04-01 16:34:24,071 [TestNG-PoolService-0] INFO  log - Method - reportPass - Clicked on Signin Page
2020-04-01 16:34:24,513 [TestNG-PoolService-0] INFO  log - Method - reportPass - Verified Account Summary tab text
2020-04-01 16:34:25,366 [TestNG-PoolService-0] INFO  log - Method - reportPass - Clicked on TransferFundsTab
2020-04-01 16:34:25,738 [TestNG-PoolService-0] INFO  log - Method - reportPass - Entered Amount
2020-04-01 16:34:26,185 [TestNG-PoolService-0] INFO  log - Method - reportPass - Entered description
2020-04-01 16:34:27,055 [TestNG-PoolService-0] INFO  log - Method - reportPass - Clicked on Continue Button
2020-04-01 16:34:27,685 [TestNG-PoolService-0] INFO  log - Method - reportPass - Clicked on Submit Button
2020-04-01 16:34:28,008 [TestNG-PoolService-0] INFO  log - Method - reportPass - Verified Transfer Success message
2020-04-01 16:34:28,286 [TestNG-PoolService-0] INFO  log - Method - testPass - Test Passed: As a user I want to Login and verify TransferFund Tab
2020-04-01 16:34:28,287 [TestNG-PoolService-0] INFO  log - ***************** End of Scenario: As a user I want to Login and verify TransferFund Tab *****************
2020-04-01 16:34:29,352 [TestNG-PoolService-0] INFO  log - ***************** End of Test: runScenario *****************
2020-04-01 17:08:23,806 [TestNG-PoolService-0] INFO  log - ***************** Starting Test: runScenario *****************
2020-04-01 17:08:44,456 [TestNG-PoolService-0] INFO  log - ***************** Starting Scenario: Successfully transfer funds from one account to another account *****************
2020-04-01 17:08:44,717 [TestNG-PoolService-0] INFO  log - Method - reportPass - Navigate to URL
2020-04-01 17:08:45,919 [TestNG-PoolService-0] INFO  log - Method - testFail - Test Failed in: Successfully transfer funds from one account to another account
2020-04-01 17:08:45,920 [TestNG-PoolService-0] INFO  log - ***************** End of Scenario: Successfully transfer funds from one account to another account *****************
2020-04-01 17:08:45,921 [TestNG-PoolService-0] ERROR log - Failure in method: runScenario occurred There was an issue with the test run. Exception: org.testng.SkipException: There are undefined steps
2020-04-01 17:08:49,299 [TestNG-PoolService-0] INFO  log - ***************** End of Test: runScenario *****************
2020-04-01 17:08:49,300 [TestNG-PoolService-0] INFO  log - ***************** Starting Test: runScenario *****************
2020-04-01 17:08:55,978 [TestNG-PoolService-0] INFO  log - ***************** Starting Scenario: Successfully transfer funds from one account to another account *****************
2020-04-01 17:08:55,989 [TestNG-PoolService-0] INFO  log - Method - reportPass - Navigate to URL
2020-04-01 17:08:56,292 [TestNG-PoolService-0] INFO  log - Method - testFail - Test Failed in: Successfully transfer funds from one account to another account
2020-04-01 17:08:56,293 [TestNG-PoolService-0] INFO  log - ***************** End of Scenario: Successfully transfer funds from one account to another account *****************
2020-04-01 17:08:56,293 [TestNG-PoolService-0] ERROR log - Failure in method: runScenario occurred There was an issue with the test run. Exception: org.testng.SkipException: There are undefined steps
2020-04-01 17:08:57,045 [TestNG-PoolService-0] INFO  log - ***************** End of Test: runScenario *****************
2020-04-01 17:18:35,095 [TestNG-PoolService-0] INFO  log - ***************** Starting Test: runScenario *****************
2020-04-01 17:18:47,776 [TestNG-PoolService-0] INFO  log - ***************** Starting Scenario: Successfully transfer funds from one account to another account *****************
2020-04-01 17:18:48,440 [TestNG-PoolService-0] INFO  log - Method - reportPass - Navigate to URL
2020-04-01 17:18:49,303 [TestNG-PoolService-0] INFO  log - Method - testFail - Test Failed in: Successfully transfer funds from one account to another account
2020-04-01 17:18:49,304 [TestNG-PoolService-0] INFO  log - ***************** End of Scenario: Successfully transfer funds from one account to another account *****************
2020-04-01 17:18:49,306 [TestNG-PoolService-0] ERROR log - Failure in method: runScenario occurred There was an issue with the test run. Exception: org.openqa.selenium.NoSuchElementException: no such element: Unable to locate element: {"method":"id","selector":"submit"}
  (Session info: chrome=80.0.3987.149)
  (Driver info: chromedriver=2.38.552522 (437e6fbedfa8762dec75e2c5b3ddb86763dc9dcb),platform=Windows NT 10.0.14393 x86_64) (WARNING: The server did not provide any stacktrace information)
Command duration or timeout: 0 milliseconds
For documentation on this error, please visit: http://seleniumhq.org/exceptions/no_such_element.html
Build info: version: '3.14.0', revision: 'aacccce0', time: '2018-08-02T20:19:58.91Z'
System info: host: 'VMT3441', ip: '192.168.0.5', os.name: 'Windows 10', os.arch: 'amd64', os.version: '10.0', java.version: '1.8.0_144'
Driver info: org.openqa.selenium.chrome.ChromeDriver
Capabilities {acceptInsecureCerts: false, acceptSslCerts: false, applicationCacheEnabled: false, browserConnectionEnabled: false, browserName: chrome, chrome: {chromedriverVersion: 2.38.552522 (437e6fbedfa876..., userDataDir: C:\Users\SATISH~2\AppData\L...}, cssSelectorsEnabled: true, databaseEnabled: false, handlesAlerts: true, hasTouchScreen: false, javascriptEnabled: true, locationContextEnabled: true, mobileEmulationEnabled: false, nativeEvents: true, networkConnectionEnabled: false, pageLoadStrategy: normal, platform: XP, platformName: XP, rotatable: false, setWindowRect: true, takesHeapSnapshot: true, takesScreenshot: true, unexpectedAlertBehaviour: , unhandledPromptBehavior: , version: 80.0.3987.149, webStorageEnabled: true}
Session ID: a82d840f2f412d7e788c9868ac46a0c9
*** Element info: {Using=id, value=submit}
2020-04-01 17:18:50,760 [TestNG-PoolService-0] INFO  log - ***************** End of Test: runScenario *****************
2020-04-01 17:18:50,761 [TestNG-PoolService-0] INFO  log - ***************** Starting Test: runScenario *****************
2020-04-01 17:18:56,782 [TestNG-PoolService-0] INFO  log - ***************** Starting Scenario: Successfully transfer funds from one account to another account *****************
2020-04-01 17:18:56,795 [TestNG-PoolService-0] INFO  log - Method - reportPass - Navigate to URL
2020-04-01 17:18:57,251 [TestNG-PoolService-0] INFO  log - Method - testFail - Test Failed in: Successfully transfer funds from one account to another account
2020-04-01 17:18:57,252 [TestNG-PoolService-0] INFO  log - ***************** End of Scenario: Successfully transfer funds from one account to another account *****************
2020-04-01 17:18:57,252 [TestNG-PoolService-0] ERROR log - Failure in method: runScenario occurred There was an issue with the test run. Exception: org.openqa.selenium.NoSuchElementException: no such element: Unable to locate element: {"method":"id","selector":"submit"}
  (Session info: chrome=80.0.3987.149)
  (Driver info: chromedriver=2.38.552522 (437e6fbedfa8762dec75e2c5b3ddb86763dc9dcb),platform=Windows NT 10.0.14393 x86_64) (WARNING: The server did not provide any stacktrace information)
Command duration or timeout: 0 milliseconds
For documentation on this error, please visit: http://seleniumhq.org/exceptions/no_such_element.html
Build info: version: '3.14.0', revision: 'aacccce0', time: '2018-08-02T20:19:58.91Z'
System info: host: 'VMT3441', ip: '192.168.0.5', os.name: 'Windows 10', os.arch: 'amd64', os.version: '10.0', java.version: '1.8.0_144'
Driver info: org.openqa.selenium.chrome.ChromeDriver
Capabilities {acceptInsecureCerts: false, acceptSslCerts: false, applicationCacheEnabled: false, browserConnectionEnabled: false, browserName: chrome, chrome: {chromedriverVersion: 2.38.552522 (437e6fbedfa876..., userDataDir: C:\Users\SATISH~2\AppData\L...}, cssSelectorsEnabled: true, databaseEnabled: false, handlesAlerts: true, hasTouchScreen: false, javascriptEnabled: true, locationContextEnabled: true, mobileEmulationEnabled: false, nativeEvents: true, networkConnectionEnabled: false, pageLoadStrategy: normal, platform: XP, platformName: XP, rotatable: false, setWindowRect: true, takesHeapSnapshot: true, takesScreenshot: true, unexpectedAlertBehaviour: , unhandledPromptBehavior: , version: 80.0.3987.149, webStorageEnabled: true}
Session ID: 0d68976f287ff6b3371564ff7dee17f7
*** Element info: {Using=id, value=submit}
2020-04-01 17:18:58,058 [TestNG-PoolService-0] INFO  log - ***************** End of Test: runScenario *****************
2020-04-01 17:19:39,464 [TestNG-PoolService-0] INFO  log - ***************** Starting Test: runScenario *****************
2020-04-01 17:19:45,050 [TestNG-PoolService-0] INFO  log - ***************** Starting Scenario: As a user verify Balances for IM & ST3 accounts in summary page *****************
2020-04-01 17:19:45,053 [TestNG-PoolService-0] INFO  log - Method - testFail - Test Failed in: As a user verify Balances for IM & ST3 accounts in summary page
2020-04-01 17:19:45,059 [TestNG-PoolService-0] INFO  log - ***************** End of Scenario: As a user verify Balances for IM & ST3 accounts in summary page *****************
2020-04-01 17:19:45,060 [TestNG-PoolService-0] ERROR log - Failure in method: runScenario occurred There was an issue with the test run. Exception: org.testng.SkipException: There are undefined steps
2020-04-01 17:19:46,074 [TestNG-PoolService-0] INFO  log - ***************** End of Test: runScenario *****************
2020-04-01 17:19:46,075 [TestNG-PoolService-0] INFO  log - ***************** Starting Test: runScenario *****************
2020-04-01 17:19:51,438 [TestNG-PoolService-0] INFO  log - ***************** Starting Scenario: As a user I logged into ZeroBank *****************
2020-04-01 17:19:51,470 [TestNG-PoolService-0] INFO  log - Method - reportPass - Navigate to URL
2020-04-01 17:19:51,978 [TestNG-PoolService-0] INFO  log - Method - testFail - Test Failed in: As a user I logged into ZeroBank
2020-04-01 17:19:51,979 [TestNG-PoolService-0] INFO  log - ***************** End of Scenario: As a user I logged into ZeroBank *****************
2020-04-01 17:19:51,980 [TestNG-PoolService-0] ERROR log - Failure in method: runScenario occurred There was an issue with the test run. Exception: org.openqa.selenium.NoSuchElementException: no such element: Unable to locate element: {"method":"id","selector":"submit"}
  (Session info: chrome=80.0.3987.149)
  (Driver info: chromedriver=2.38.552522 (437e6fbedfa8762dec75e2c5b3ddb86763dc9dcb),platform=Windows NT 10.0.14393 x86_64) (WARNING: The server did not provide any stacktrace information)
Command duration or timeout: 0 milliseconds
For documentation on this error, please visit: http://seleniumhq.org/exceptions/no_such_element.html
Build info: version: '3.14.0', revision: 'aacccce0', time: '2018-08-02T20:19:58.91Z'
System info: host: 'VMT3441', ip: '192.168.0.5', os.name: 'Windows 10', os.arch: 'amd64', os.version: '10.0', java.version: '1.8.0_144'
Driver info: org.openqa.selenium.chrome.ChromeDriver
Capabilities {acceptInsecureCerts: false, acceptSslCerts: false, applicationCacheEnabled: false, browserConnectionEnabled: false, browserName: chrome, chrome: {chromedriverVersion: 2.38.552522 (437e6fbedfa876..., userDataDir: C:\Users\SATISH~2\AppData\L...}, cssSelectorsEnabled: true, databaseEnabled: false, handlesAlerts: true, hasTouchScreen: false, javascriptEnabled: true, locationContextEnabled: true, mobileEmulationEnabled: false, nativeEvents: true, networkConnectionEnabled: false, pageLoadStrategy: normal, platform: XP, platformName: XP, rotatable: false, setWindowRect: true, takesHeapSnapshot: true, takesScreenshot: true, unexpectedAlertBehaviour: , unhandledPromptBehavior: , version: 80.0.3987.149, webStorageEnabled: true}
Session ID: 61d1d4c2d469003d46f9e8e1ce4a2cd8
*** Element info: {Using=id, value=submit}
2020-04-01 17:19:53,339 [TestNG-PoolService-0] INFO  log - ***************** End of Test: runScenario *****************
2020-04-01 17:19:53,340 [TestNG-PoolService-0] INFO  log - ***************** Starting Test: runScenario *****************
2020-04-01 17:20:00,331 [TestNG-PoolService-0] INFO  log - ***************** Starting Scenario: Successfully transfer funds from one account to another account *****************
2020-04-01 17:20:00,344 [TestNG-PoolService-0] INFO  log - Method - reportPass - Navigate to URL
2020-04-01 17:20:00,827 [TestNG-PoolService-0] INFO  log - Method - testFail - Test Failed in: Successfully transfer funds from one account to another account
2020-04-01 17:20:00,827 [TestNG-PoolService-0] INFO  log - ***************** End of Scenario: Successfully transfer funds from one account to another account *****************
2020-04-01 17:20:00,828 [TestNG-PoolService-0] ERROR log - Failure in method: runScenario occurred There was an issue with the test run. Exception: org.openqa.selenium.NoSuchElementException: no such element: Unable to locate element: {"method":"id","selector":"submit"}
  (Session info: chrome=80.0.3987.149)
  (Driver info: chromedriver=2.38.552522 (437e6fbedfa8762dec75e2c5b3ddb86763dc9dcb),platform=Windows NT 10.0.14393 x86_64) (WARNING: The server did not provide any stacktrace information)
Command duration or timeout: 0 milliseconds
For documentation on this error, please visit: http://seleniumhq.org/exceptions/no_such_element.html
Build info: version: '3.14.0', revision: 'aacccce0', time: '2018-08-02T20:19:58.91Z'
System info: host: 'VMT3441', ip: '192.168.0.5', os.name: 'Windows 10', os.arch: 'amd64', os.version: '10.0', java.version: '1.8.0_144'
Driver info: org.openqa.selenium.chrome.ChromeDriver
Capabilities {acceptInsecureCerts: false, acceptSslCerts: false, applicationCacheEnabled: false, browserConnectionEnabled: false, browserName: chrome, chrome: {chromedriverVersion: 2.38.552522 (437e6fbedfa876..., userDataDir: C:\Users\SATISH~2\AppData\L...}, cssSelectorsEnabled: true, databaseEnabled: false, handlesAlerts: true, hasTouchScreen: false, javascriptEnabled: true, locationContextEnabled: true, mobileEmulationEnabled: false, nativeEvents: true, networkConnectionEnabled: false, pageLoadStrategy: normal, platform: XP, platformName: XP, rotatable: false, setWindowRect: true, takesHeapSnapshot: true, takesScreenshot: true, unexpectedAlertBehaviour: , unhandledPromptBehavior: , version: 80.0.3987.149, webStorageEnabled: true}
Session ID: 5bfd09aa6595552746e744174060f8e7
*** Element info: {Using=id, value=submit}
2020-04-01 17:20:02,227 [TestNG-PoolService-0] INFO  log - ***************** End of Test: runScenario *****************
2020-04-01 17:20:02,227 [TestNG-PoolService-0] INFO  log - ***************** Starting Test: runScenario *****************
2020-04-01 17:20:06,801 [TestNG-PoolService-0] INFO  log - ***************** Starting Scenario: Successfully transfer funds from one account to another account *****************
2020-04-01 17:20:06,808 [TestNG-PoolService-0] INFO  log - Method - reportPass - Navigate to URL
2020-04-01 17:20:07,276 [TestNG-PoolService-0] INFO  log - Method - testFail - Test Failed in: Successfully transfer funds from one account to another account
2020-04-01 17:20:07,277 [TestNG-PoolService-0] INFO  log - ***************** End of Scenario: Successfully transfer funds from one account to another account *****************
2020-04-01 17:20:07,278 [TestNG-PoolService-0] ERROR log - Failure in method: runScenario occurred There was an issue with the test run. Exception: org.openqa.selenium.NoSuchElementException: no such element: Unable to locate element: {"method":"id","selector":"submit"}
  (Session info: chrome=80.0.3987.149)
  (Driver info: chromedriver=2.38.552522 (437e6fbedfa8762dec75e2c5b3ddb86763dc9dcb),platform=Windows NT 10.0.14393 x86_64) (WARNING: The server did not provide any stacktrace information)
Command duration or timeout: 0 milliseconds
For documentation on this error, please visit: http://seleniumhq.org/exceptions/no_such_element.html
Build info: version: '3.14.0', revision: 'aacccce0', time: '2018-08-02T20:19:58.91Z'
System info: host: 'VMT3441', ip: '192.168.0.5', os.name: 'Windows 10', os.arch: 'amd64', os.version: '10.0', java.version: '1.8.0_144'
Driver info: org.openqa.selenium.chrome.ChromeDriver
Capabilities {acceptInsecureCerts: false, acceptSslCerts: false, applicationCacheEnabled: false, browserConnectionEnabled: false, browserName: chrome, chrome: {chromedriverVersion: 2.38.552522 (437e6fbedfa876..., userDataDir: C:\Users\SATISH~2\AppData\L...}, cssSelectorsEnabled: true, databaseEnabled: false, handlesAlerts: true, hasTouchScreen: false, javascriptEnabled: true, locationContextEnabled: true, mobileEmulationEnabled: false, nativeEvents: true, networkConnectionEnabled: false, pageLoadStrategy: normal, platform: XP, platformName: XP, rotatable: false, setWindowRect: true, takesHeapSnapshot: true, takesScreenshot: true, unexpectedAlertBehaviour: , unhandledPromptBehavior: , version: 80.0.3987.149, webStorageEnabled: true}
Session ID: 5d80df152d7da1d494d12a9c67dadcad
*** Element info: {Using=id, value=submit}
2020-04-01 17:20:08,032 [TestNG-PoolService-0] INFO  log - ***************** End of Test: runScenario *****************
2020-04-01 17:20:08,032 [TestNG-PoolService-0] INFO  log - ***************** Starting Test: runScenario *****************
2020-04-01 17:20:12,881 [TestNG-PoolService-0] INFO  log - ***************** Starting Scenario: As a user I want to Login and verify TransferFund Tab *****************
2020-04-01 17:20:12,917 [TestNG-PoolService-0] INFO  log - Method - parseJsonTestData -  : Loaded test data from file: TransferFundTabData.json : {"Description":"Selected Default From and To Accounts","Amount":"100"}
2020-04-01 17:20:13,053 [TestNG-PoolService-0] INFO  log - Method - reportPass - Extered Username
2020-04-01 17:20:13,468 [TestNG-PoolService-0] INFO  log - Method - reportPass - Extered password
2020-04-01 17:20:16,691 [TestNG-PoolService-0] INFO  log - Method - reportPass - Clicked on Signin Page
2020-04-01 17:20:17,104 [TestNG-PoolService-0] INFO  log - Method - reportPass - Verified Account Summary tab text
2020-04-01 17:20:17,970 [TestNG-PoolService-0] INFO  log - Method - reportPass - Clicked on TransferFundsTab
2020-04-01 17:20:18,363 [TestNG-PoolService-0] INFO  log - Method - reportPass - Entered Amount
2020-04-01 17:20:18,837 [TestNG-PoolService-0] INFO  log - Method - reportPass - Entered description
2020-04-01 17:20:19,519 [TestNG-PoolService-0] INFO  log - Method - reportPass - Clicked on Continue Button
2020-04-01 17:20:20,138 [TestNG-PoolService-0] INFO  log - Method - reportPass - Clicked on Submit Button
2020-04-01 17:20:20,479 [TestNG-PoolService-0] INFO  log - Method - reportPass - Verified Transfer Success message
2020-04-01 17:20:20,756 [TestNG-PoolService-0] INFO  log - Method - testPass - Test Passed: As a user I want to Login and verify TransferFund Tab
2020-04-01 17:20:20,756 [TestNG-PoolService-0] INFO  log - ***************** End of Scenario: As a user I want to Login and verify TransferFund Tab *****************
2020-04-01 17:20:21,566 [TestNG-PoolService-0] INFO  log - ***************** End of Test: runScenario *****************
2020-04-01 18:29:16,079 [TestNG-PoolService-0] INFO  log - ***************** Starting Test: runScenario *****************
2020-04-01 18:29:55,139 [TestNG-PoolService-0] INFO  log - ***************** Starting Scenario: As a user verify Balances for IM & ST3 accounts in summary page *****************
2020-04-01 18:29:55,197 [TestNG-PoolService-0] INFO  log - Method - testFail - Test Failed in: As a user verify Balances for IM & ST3 accounts in summary page
2020-04-01 18:29:55,346 [TestNG-PoolService-0] INFO  log - ***************** End of Scenario: As a user verify Balances for IM & ST3 accounts in summary page *****************
2020-04-01 18:29:55,348 [TestNG-PoolService-0] ERROR log - Failure in method: runScenario occurred There was an issue with the test run. Exception: org.testng.SkipException: There are undefined steps
2020-04-01 18:29:58,512 [TestNG-PoolService-0] INFO  log - ***************** End of Test: runScenario *****************
2020-04-01 18:29:58,513 [TestNG-PoolService-0] INFO  log - ***************** Starting Test: runScenario *****************
2020-04-01 18:30:06,887 [TestNG-PoolService-0] INFO  log - ***************** Starting Scenario: As a user I logged into ZeroBank *****************
2020-04-01 18:30:07,761 [TestNG-PoolService-0] INFO  log - Method - reportPass - Navigate to URL
2020-04-01 18:30:08,763 [TestNG-PoolService-0] INFO  log - Method - testFail - Test Failed in: As a user I logged into ZeroBank
2020-04-01 18:30:08,763 [TestNG-PoolService-0] INFO  log - ***************** End of Scenario: As a user I logged into ZeroBank *****************
2020-04-01 18:30:08,764 [TestNG-PoolService-0] ERROR log - Failure in method: runScenario occurred There was an issue with the test run. Exception: org.openqa.selenium.NoSuchElementException: no such element: Unable to locate element: {"method":"id","selector":"submit"}
  (Session info: chrome=80.0.3987.149)
  (Driver info: chromedriver=2.38.552522 (437e6fbedfa8762dec75e2c5b3ddb86763dc9dcb),platform=Windows NT 10.0.14393 x86_64) (WARNING: The server did not provide any stacktrace information)
Command duration or timeout: 0 milliseconds
For documentation on this error, please visit: http://seleniumhq.org/exceptions/no_such_element.html
Build info: version: '3.14.0', revision: 'aacccce0', time: '2018-08-02T20:19:58.91Z'
System info: host: 'VMT3441', ip: '192.168.0.5', os.name: 'Windows 10', os.arch: 'amd64', os.version: '10.0', java.version: '1.8.0_144'
Driver info: org.openqa.selenium.chrome.ChromeDriver
Capabilities {acceptInsecureCerts: false, acceptSslCerts: false, applicationCacheEnabled: false, browserConnectionEnabled: false, browserName: chrome, chrome: {chromedriverVersion: 2.38.552522 (437e6fbedfa876..., userDataDir: C:\Users\SATISH~2\AppData\L...}, cssSelectorsEnabled: true, databaseEnabled: false, handlesAlerts: true, hasTouchScreen: false, javascriptEnabled: true, locationContextEnabled: true, mobileEmulationEnabled: false, nativeEvents: true, networkConnectionEnabled: false, pageLoadStrategy: normal, platform: XP, platformName: XP, rotatable: false, setWindowRect: true, takesHeapSnapshot: true, takesScreenshot: true, unexpectedAlertBehaviour: , unhandledPromptBehavior: , version: 80.0.3987.149, webStorageEnabled: true}
Session ID: 171e67dc7d772ee081c92601539078ef
*** Element info: {Using=id, value=submit}
2020-04-01 18:30:09,959 [TestNG-PoolService-0] INFO  log - ***************** End of Test: runScenario *****************
2020-04-01 18:31:54,986 [TestNG-PoolService-0] INFO  log - ***************** Starting Test: runScenario *****************
2020-04-01 18:32:04,846 [TestNG-PoolService-0] INFO  log - ***************** Starting Scenario: As a user I logged into ZeroBank *****************
2020-04-01 18:32:04,872 [TestNG-PoolService-0] INFO  log - Method - reportPass - Navigate to URL
2020-04-01 18:32:05,670 [TestNG-PoolService-0] INFO  log - Method - testFail - Test Failed in: As a user I logged into ZeroBank
2020-04-01 18:32:05,671 [TestNG-PoolService-0] INFO  log - ***************** End of Scenario: As a user I logged into ZeroBank *****************
2020-04-01 18:32:05,673 [TestNG-PoolService-0] ERROR log - Failure in method: runScenario occurred There was an issue with the test run. Exception: org.openqa.selenium.NoSuchElementException: no such element: Unable to locate element: {"method":"id","selector":"submit"}
  (Session info: chrome=80.0.3987.149)
  (Driver info: chromedriver=2.38.552522 (437e6fbedfa8762dec75e2c5b3ddb86763dc9dcb),platform=Windows NT 10.0.14393 x86_64) (WARNING: The server did not provide any stacktrace information)
Command duration or timeout: 0 milliseconds
For documentation on this error, please visit: http://seleniumhq.org/exceptions/no_such_element.html
Build info: version: '3.14.0', revision: 'aacccce0', time: '2018-08-02T20:19:58.91Z'
System info: host: 'VMT3441', ip: '192.168.0.5', os.name: 'Windows 10', os.arch: 'amd64', os.version: '10.0', java.version: '1.8.0_144'
Driver info: org.openqa.selenium.chrome.ChromeDriver
Capabilities {acceptInsecureCerts: false, acceptSslCerts: false, applicationCacheEnabled: false, browserConnectionEnabled: false, browserName: chrome, chrome: {chromedriverVersion: 2.38.552522 (437e6fbedfa876..., userDataDir: C:\Users\SATISH~2\AppData\L...}, cssSelectorsEnabled: true, databaseEnabled: false, handlesAlerts: true, hasTouchScreen: false, javascriptEnabled: true, locationContextEnabled: true, mobileEmulationEnabled: false, nativeEvents: true, networkConnectionEnabled: false, pageLoadStrategy: normal, platform: XP, platformName: XP, rotatable: false, setWindowRect: true, takesHeapSnapshot: true, takesScreenshot: true, unexpectedAlertBehaviour: , unhandledPromptBehavior: , version: 80.0.3987.149, webStorageEnabled: true}
Session ID: 5af8ebec2e7733ea3fe04d7bb22151b5
*** Element info: {Using=id, value=submit}
2020-04-01 18:32:06,878 [TestNG-PoolService-0] INFO  log - ***************** End of Test: runScenario *****************
2020-04-01 18:36:16,098 [TestNG-PoolService-0] INFO  log - ***************** Starting Test: runScenario *****************
2020-04-01 18:36:27,892 [TestNG-PoolService-0] INFO  log - ***************** Starting Scenario: As a user I logged into ZeroBank *****************
2020-04-01 18:36:27,928 [TestNG-PoolService-0] INFO  log - Method - reportPass - Navigate to URL
2020-04-01 18:36:30,260 [TestNG-PoolService-0] INFO  log - Method - testFail - Test Failed in: As a user I logged into ZeroBank
2020-04-01 18:36:30,262 [TestNG-PoolService-0] INFO  log - ***************** End of Scenario: As a user I logged into ZeroBank *****************
2020-04-01 18:36:30,264 [TestNG-PoolService-0] ERROR log - Failure in method: runScenario occurred There was an issue with the test run. Exception: org.openqa.selenium.NoSuchElementException: no such element: Unable to locate element: {"method":"id","selector":"submit"}
  (Session info: chrome=80.0.3987.149)
  (Driver info: chromedriver=2.38.552522 (437e6fbedfa8762dec75e2c5b3ddb86763dc9dcb),platform=Windows NT 10.0.14393 x86_64) (WARNING: The server did not provide any stacktrace information)
Command duration or timeout: 0 milliseconds
For documentation on this error, please visit: http://seleniumhq.org/exceptions/no_such_element.html
Build info: version: '3.14.0', revision: 'aacccce0', time: '2018-08-02T20:19:58.91Z'
System info: host: 'VMT3441', ip: '192.168.0.5', os.name: 'Windows 10', os.arch: 'amd64', os.version: '10.0', java.version: '1.8.0_144'
Driver info: org.openqa.selenium.chrome.ChromeDriver
Capabilities {acceptInsecureCerts: false, acceptSslCerts: false, applicationCacheEnabled: false, browserConnectionEnabled: false, browserName: chrome, chrome: {chromedriverVersion: 2.38.552522 (437e6fbedfa876..., userDataDir: C:\Users\SATISH~2\AppData\L...}, cssSelectorsEnabled: true, databaseEnabled: false, handlesAlerts: true, hasTouchScreen: false, javascriptEnabled: true, locationContextEnabled: true, mobileEmulationEnabled: false, nativeEvents: true, networkConnectionEnabled: false, pageLoadStrategy: normal, platform: XP, platformName: XP, rotatable: false, setWindowRect: true, takesHeapSnapshot: true, takesScreenshot: true, unexpectedAlertBehaviour: , unhandledPromptBehavior: , version: 80.0.3987.149, webStorageEnabled: true}
Session ID: f800b01fac437296141f8bc51e72dc1a
*** Element info: {Using=id, value=submit}
2020-04-01 18:36:31,835 [TestNG-PoolService-0] INFO  log - ***************** End of Test: runScenario *****************
2020-04-01 18:37:20,483 [TestNG-PoolService-0] INFO  log - ***************** Starting Test: runScenario *****************
2020-04-01 18:37:28,834 [TestNG-PoolService-0] INFO  log - ***************** Starting Scenario: As a user I logged into ZeroBank *****************
2020-04-01 18:37:28,875 [TestNG-PoolService-0] INFO  log - Method - reportPass - Navigate to URL
2020-04-01 18:39:56,606 [TestNG-PoolService-0] INFO  log - ***************** Starting Test: runScenario *****************
2020-04-01 18:40:07,034 [TestNG-PoolService-0] INFO  log - ***************** Starting Scenario: As a user I logged into ZeroBank *****************
2020-04-01 18:40:07,169 [TestNG-PoolService-0] INFO  log - Method - reportPass - Navigate to URL
2020-04-01 18:40:07,827 [TestNG-PoolService-0] INFO  log - Method - testFail - Test Failed in: As a user I logged into ZeroBank
2020-04-01 18:40:07,829 [TestNG-PoolService-0] INFO  log - ***************** End of Scenario: As a user I logged into ZeroBank *****************
2020-04-01 18:40:07,831 [TestNG-PoolService-0] ERROR log - Failure in method: runScenario occurred There was an issue with the test run. Exception: org.openqa.selenium.NoSuchElementException: no such element: Unable to locate element: {"method":"id","selector":"submit"}
  (Session info: chrome=80.0.3987.149)
  (Driver info: chromedriver=2.38.552522 (437e6fbedfa8762dec75e2c5b3ddb86763dc9dcb),platform=Windows NT 10.0.14393 x86_64) (WARNING: The server did not provide any stacktrace information)
Command duration or timeout: 0 milliseconds
For documentation on this error, please visit: http://seleniumhq.org/exceptions/no_such_element.html
Build info: version: '3.14.0', revision: 'aacccce0', time: '2018-08-02T20:19:58.91Z'
System info: host: 'VMT3441', ip: '192.168.0.5', os.name: 'Windows 10', os.arch: 'amd64', os.version: '10.0', java.version: '1.8.0_144'
Driver info: org.openqa.selenium.chrome.ChromeDriver
Capabilities {acceptInsecureCerts: false, acceptSslCerts: false, applicationCacheEnabled: false, browserConnectionEnabled: false, browserName: chrome, chrome: {chromedriverVersion: 2.38.552522 (437e6fbedfa876..., userDataDir: C:\Users\SATISH~2\AppData\L...}, cssSelectorsEnabled: true, databaseEnabled: false, handlesAlerts: true, hasTouchScreen: false, javascriptEnabled: true, locationContextEnabled: true, mobileEmulationEnabled: false, nativeEvents: true, networkConnectionEnabled: false, pageLoadStrategy: normal, platform: XP, platformName: XP, rotatable: false, setWindowRect: true, takesHeapSnapshot: true, takesScreenshot: true, unexpectedAlertBehaviour: , unhandledPromptBehavior: , version: 80.0.3987.149, webStorageEnabled: true}
Session ID: 0bcb56af3280b41044ed1c761b731494
*** Element info: {Using=id, value=submit}
2020-04-01 18:40:09,983 [TestNG-PoolService-0] INFO  log - ***************** End of Test: runScenario *****************
2020-04-01 18:40:50,363 [TestNG-PoolService-0] INFO  log - ***************** Starting Test: runScenario *****************
2020-04-01 18:40:56,808 [TestNG-PoolService-0] INFO  log - ***************** Starting Scenario: As a user I logged into ZeroBank *****************
2020-04-01 18:40:56,893 [TestNG-PoolService-0] INFO  log - Method - reportPass - Navigate to URL
2020-04-01 18:41:01,515 [TestNG-PoolService-0] INFO  log - Method - reportPass - validation for the user get success
2020-04-01 18:41:01,968 [TestNG-PoolService-0] INFO  log - Method - testPass - Test Passed: As a user I logged into ZeroBank
2020-04-01 18:41:01,968 [TestNG-PoolService-0] INFO  log - ***************** End of Scenario: As a user I logged into ZeroBank *****************
2020-04-01 18:41:03,081 [TestNG-PoolService-0] INFO  log - ***************** End of Test: runScenario *****************
2020-04-01 18:42:03,116 [TestNG-PoolService-0] INFO  log - ***************** Starting Test: runScenario *****************
2020-04-01 18:42:11,490 [TestNG-PoolService-0] INFO  log - ***************** Starting Scenario: Successfully transfer funds from one account to another account *****************
2020-04-01 18:42:11,520 [TestNG-PoolService-0] INFO  log - Method - reportPass - Navigate to URL
2020-04-01 18:42:14,734 [TestNG-PoolService-0] INFO  log - Method - reportPass - validation for the user get success
2020-04-01 18:42:16,867 [TestNG-PoolService-0] INFO  log - Method - reportPass - Click on the PayBills in Account summary Page
2020-04-01 18:42:17,238 [TestNG-PoolService-0] INFO  log - Method - reportPass - validation for the PayBill get success
2020-04-01 18:42:18,867 [TestNG-PoolService-0] INFO  log - Method - testPass - Test Passed: Successfully transfer funds from one account to another account
2020-04-01 18:42:18,868 [TestNG-PoolService-0] INFO  log - ***************** End of Scenario: Successfully transfer funds from one account to another account *****************
2020-04-01 18:42:20,545 [TestNG-PoolService-0] INFO  log - ***************** End of Test: runScenario *****************
2020-04-01 18:42:20,601 [TestNG-PoolService-0] INFO  log - ***************** Starting Test: runScenario *****************
2020-04-01 18:42:28,012 [TestNG-PoolService-0] INFO  log - ***************** Starting Scenario: Successfully transfer funds from one account to another account *****************
2020-04-01 18:42:28,039 [TestNG-PoolService-0] INFO  log - Method - reportPass - Navigate to URL
2020-04-01 18:42:31,188 [TestNG-PoolService-0] INFO  log - Method - reportPass - validation for the user get success
2020-04-01 18:42:33,098 [TestNG-PoolService-0] INFO  log - Method - reportPass - Click on the PayBills in Account summary Page
2020-04-01 18:42:33,489 [TestNG-PoolService-0] INFO  log - Method - reportPass - validation for the PayBill get success
2020-04-01 18:42:34,880 [TestNG-PoolService-0] INFO  log - Method - testPass - Test Passed: Successfully transfer funds from one account to another account
2020-04-01 18:42:34,880 [TestNG-PoolService-0] INFO  log - ***************** End of Scenario: Successfully transfer funds from one account to another account *****************
2020-04-01 18:42:35,928 [TestNG-PoolService-0] INFO  log - ***************** End of Test: runScenario *****************
2020-04-01 18:43:48,520 [TestNG-PoolService-0] INFO  log - ***************** Starting Test: runScenario *****************
2020-04-01 18:43:56,811 [TestNG-PoolService-0] INFO  log - ***************** Starting Scenario: As a user I logged into ZeroBank *****************
2020-04-01 18:43:56,848 [TestNG-PoolService-0] INFO  log - Method - reportPass - Navigate to URL
2020-04-01 18:44:00,137 [TestNG-PoolService-0] INFO  log - Method - reportPass - validation for the user get success
2020-04-01 18:44:00,484 [TestNG-PoolService-0] INFO  log - Method - testPass - Test Passed: As a user I logged into ZeroBank
2020-04-01 18:44:00,485 [TestNG-PoolService-0] INFO  log - ***************** End of Scenario: As a user I logged into ZeroBank *****************
2020-04-01 18:44:02,171 [TestNG-PoolService-0] INFO  log - ***************** End of Test: runScenario *****************
2020-04-01 18:44:02,200 [TestNG-PoolService-0] INFO  log - ***************** Starting Test: runScenario *****************
2020-04-01 18:44:09,776 [TestNG-PoolService-0] INFO  log - ***************** Starting Scenario: Successfully transfer funds from one account to another account *****************
2020-04-01 18:44:09,806 [TestNG-PoolService-0] INFO  log - Method - reportPass - Navigate to URL
2020-04-01 18:44:12,685 [TestNG-PoolService-0] INFO  log - Method - reportPass - validation for the user get success
2020-04-01 18:44:14,880 [TestNG-PoolService-0] INFO  log - Method - reportPass - Click on the PayBills in Account summary Page
2020-04-01 18:44:15,287 [TestNG-PoolService-0] INFO  log - Method - reportPass - validation for the PayBill get success
2020-04-01 18:44:16,863 [TestNG-PoolService-0] INFO  log - Method - testPass - Test Passed: Successfully transfer funds from one account to another account
2020-04-01 18:44:16,864 [TestNG-PoolService-0] INFO  log - ***************** End of Scenario: Successfully transfer funds from one account to another account *****************
2020-04-01 18:44:17,825 [TestNG-PoolService-0] INFO  log - ***************** End of Test: runScenario *****************
2020-04-01 18:44:17,826 [TestNG-PoolService-0] INFO  log - ***************** Starting Test: runScenario *****************
2020-04-01 18:44:26,119 [TestNG-PoolService-0] INFO  log - ***************** Starting Scenario: Successfully transfer funds from one account to another account *****************
2020-04-01 18:44:26,167 [TestNG-PoolService-0] INFO  log - Method - reportPass - Navigate to URL
2020-04-01 18:44:29,245 [TestNG-PoolService-0] INFO  log - Method - reportPass - validation for the user get success
2020-04-01 18:44:31,415 [TestNG-PoolService-0] INFO  log - Method - reportPass - Click on the PayBills in Account summary Page
2020-04-01 18:44:31,774 [TestNG-PoolService-0] INFO  log - Method - reportPass - validation for the PayBill get success
2020-04-01 18:44:33,312 [TestNG-PoolService-0] INFO  log - Method - testPass - Test Passed: Successfully transfer funds from one account to another account
2020-04-01 18:44:33,320 [TestNG-PoolService-0] INFO  log - ***************** End of Scenario: Successfully transfer funds from one account to another account *****************
2020-04-01 18:44:34,333 [TestNG-PoolService-0] INFO  log - ***************** End of Test: runScenario *****************
2020-04-01 18:44:34,335 [TestNG-PoolService-0] INFO  log - ***************** Starting Test: runScenario *****************
2020-04-01 18:44:45,994 [TestNG-PoolService-0] INFO  log - ***************** Starting Scenario: As a user I want to Login and verify TransferFund Tab *****************
2020-04-01 18:44:46,128 [TestNG-PoolService-0] INFO  log - Method - parseJsonTestData -  : Loaded test data from file: TransferFundTabData.json : {"Description":"Selected Default From and To Accounts","Amount":"100"}
2020-04-01 18:44:46,268 [TestNG-PoolService-0] INFO  log - Method - reportPass - Extered Username
2020-04-01 18:44:46,699 [TestNG-PoolService-0] INFO  log - Method - reportPass - Extered password
2020-04-01 18:44:49,478 [TestNG-PoolService-0] INFO  log - Method - reportPass - Clicked on Signin Page
2020-04-01 18:44:49,825 [TestNG-PoolService-0] INFO  log - Method - reportPass - Verified Account Summary tab text
2020-04-01 18:44:50,665 [TestNG-PoolService-0] INFO  log - Method - reportPass - Clicked on TransferFundsTab
2020-04-01 18:44:51,050 [TestNG-PoolService-0] INFO  log - Method - reportPass - Entered Amount
2020-04-01 18:44:51,706 [TestNG-PoolService-0] INFO  log - Method - reportPass - Entered description
2020-04-01 18:44:52,440 [TestNG-PoolService-0] INFO  log - Method - reportPass - Clicked on Continue Button
2020-04-01 18:44:53,089 [TestNG-PoolService-0] INFO  log - Method - reportPass - Clicked on Submit Button
2020-04-01 18:44:53,431 [TestNG-PoolService-0] INFO  log - Method - reportPass - Verified Transfer Success message
2020-04-01 18:44:53,715 [TestNG-PoolService-0] INFO  log - Method - testPass - Test Passed: As a user I want to Login and verify TransferFund Tab
2020-04-01 18:44:53,715 [TestNG-PoolService-0] INFO  log - ***************** End of Scenario: As a user I want to Login and verify TransferFund Tab *****************
2020-04-01 18:44:55,075 [TestNG-PoolService-0] INFO  log - ***************** End of Test: runScenario *****************
2020-04-01 19:19:21,349 [TestNG-PoolService-0] INFO  log - ***************** Starting Test: runScenario *****************
2020-04-01 19:19:37,680 [TestNG-PoolService-0] INFO  log - ***************** Starting Scenario: As a user I logged into ZeroBank *****************
2020-04-01 19:19:38,765 [TestNG-PoolService-0] INFO  log - Method - reportPass - Navigate to URL
2020-04-01 19:19:42,358 [TestNG-PoolService-0] INFO  log - Method - reportPass - validation for the user get success
2020-04-01 19:19:42,736 [TestNG-PoolService-0] INFO  log - Method - testPass - Test Passed: As a user I logged into ZeroBank
2020-04-01 19:19:42,738 [TestNG-PoolService-0] INFO  log - ***************** End of Scenario: As a user I logged into ZeroBank *****************
2020-04-01 19:19:44,763 [TestNG-PoolService-0] INFO  log - ***************** End of Test: runScenario *****************
2020-04-01 19:19:44,930 [TestNG-PoolService-0] INFO  log - ***************** Starting Test: runScenario *****************
2020-04-01 19:19:54,484 [TestNG-PoolService-0] INFO  log - ***************** Starting Scenario: Successfully transfer funds from one account to another account *****************
2020-04-01 19:19:54,496 [TestNG-PoolService-0] INFO  log - Method - reportPass - Navigate to URL
2020-04-01 19:19:57,540 [TestNG-PoolService-0] INFO  log - Method - reportPass - validation for the user get success
2020-04-01 19:20:01,587 [TestNG-PoolService-0] INFO  log - Method - reportPass - Click on the PayBills in Account summary Page
2020-04-01 19:20:02,330 [TestNG-PoolService-0] INFO  log - Method - reportPass - validation for the PayBill get success
2020-04-01 19:20:06,921 [TestNG-PoolService-0] INFO  log - Method - testPass - Test Passed: Successfully transfer funds from one account to another account
2020-04-01 19:20:06,922 [TestNG-PoolService-0] INFO  log - ***************** End of Scenario: Successfully transfer funds from one account to another account *****************
2020-04-01 19:20:08,306 [TestNG-PoolService-0] INFO  log - ***************** End of Test: runScenario *****************
2020-04-01 19:20:08,307 [TestNG-PoolService-0] INFO  log - ***************** Starting Test: runScenario *****************
2020-04-01 19:20:16,418 [TestNG-PoolService-0] INFO  log - ***************** Starting Scenario: Successfully transfer funds from one account to another account *****************
2020-04-01 19:20:16,431 [TestNG-PoolService-0] INFO  log - Method - reportPass - Navigate to URL
2020-04-01 19:20:19,501 [TestNG-PoolService-0] INFO  log - Method - reportPass - validation for the user get success
2020-04-01 19:20:21,481 [TestNG-PoolService-0] INFO  log - Method - reportPass - Click on the PayBills in Account summary Page
2020-04-01 19:20:21,828 [TestNG-PoolService-0] INFO  log - Method - reportPass - validation for the PayBill get success
2020-04-01 19:20:23,406 [TestNG-PoolService-0] INFO  log - Method - testPass - Test Passed: Successfully transfer funds from one account to another account
2020-04-01 19:20:23,407 [TestNG-PoolService-0] INFO  log - ***************** End of Scenario: Successfully transfer funds from one account to another account *****************
2020-04-01 19:20:24,501 [TestNG-PoolService-0] INFO  log - ***************** End of Test: runScenario *****************
2020-04-01 19:20:24,502 [TestNG-PoolService-0] INFO  log - ***************** Starting Test: runScenario *****************
2020-04-01 19:20:33,366 [TestNG-PoolService-0] INFO  log - ***************** Starting Scenario: As a user I want to Login and verify TransferFund Tab *****************
2020-04-01 19:20:33,387 [TestNG-PoolService-0] INFO  log - Method - parseJsonTestData -  : Loaded test data from file: TransferFundTabData.json : {"Description":"Selected Default From and To Accounts","Amount":"100"}
2020-04-01 19:20:33,546 [TestNG-PoolService-0] INFO  log - Method - reportPass - Extered Username
2020-04-01 19:20:33,971 [TestNG-PoolService-0] INFO  log - Method - reportPass - Extered password
2020-04-01 19:20:36,951 [TestNG-PoolService-0] INFO  log - Method - reportPass - Clicked on Signin Page
2020-04-01 19:20:37,341 [TestNG-PoolService-0] INFO  log - Method - reportPass - Verified Account Summary tab text
2020-04-01 19:20:38,251 [TestNG-PoolService-0] INFO  log - Method - reportPass - Clicked on TransferFundsTab
2020-04-01 19:20:38,635 [TestNG-PoolService-0] INFO  log - Method - reportPass - Entered Amount
2020-04-01 19:20:39,190 [TestNG-PoolService-0] INFO  log - Method - reportPass - Entered description
2020-04-01 19:20:39,976 [TestNG-PoolService-0] INFO  log - Method - reportPass - Clicked on Continue Button
2020-04-01 19:20:40,759 [TestNG-PoolService-0] INFO  log - Method - reportPass - Clicked on Submit Button
2020-04-01 19:20:41,083 [TestNG-PoolService-0] INFO  log - Method - reportPass - Verified Transfer Success message
2020-04-01 19:20:41,417 [TestNG-PoolService-0] INFO  log - Method - testPass - Test Passed: As a user I want to Login and verify TransferFund Tab
2020-04-01 19:20:41,417 [TestNG-PoolService-0] INFO  log - ***************** End of Scenario: As a user I want to Login and verify TransferFund Tab *****************
2020-04-01 19:20:42,530 [TestNG-PoolService-0] INFO  log - ***************** End of Test: runScenario *****************
2020-04-01 21:17:05,065 [TestNG-PoolService-0] INFO  log - ***************** Starting Test: runScenario *****************
2020-04-01 21:17:18,201 [TestNG-PoolService-0] INFO  log - ***************** Starting Scenario: As a user I logged into ZeroBank *****************
2020-04-01 21:17:18,462 [TestNG-PoolService-0] INFO  log - Method - reportPass - Navigate to URL
2020-04-01 21:17:21,645 [TestNG-PoolService-0] INFO  log - Method - reportPass - validation for the user get success
2020-04-01 21:17:21,982 [TestNG-PoolService-0] INFO  log - Method - testPass - Test Passed: As a user I logged into ZeroBank
2020-04-01 21:17:21,983 [TestNG-PoolService-0] INFO  log - ***************** End of Scenario: As a user I logged into ZeroBank *****************
2020-04-01 21:17:23,764 [TestNG-PoolService-0] INFO  log - ***************** End of Test: runScenario *****************
2020-04-01 21:17:23,891 [TestNG-PoolService-0] INFO  log - ***************** Starting Test: runScenario *****************
2020-04-01 21:17:31,018 [TestNG-PoolService-0] INFO  log - ***************** Starting Scenario: Successfully transfer funds from one account to another account *****************
2020-04-01 21:17:31,026 [TestNG-PoolService-0] INFO  log - Method - reportPass - Navigate to URL
2020-04-01 21:17:33,710 [TestNG-PoolService-0] INFO  log - Method - reportPass - validation for the user get success
2020-04-01 21:17:35,535 [TestNG-PoolService-0] INFO  log - Method - reportPass - Click on the PayBills in Account summary Page
2020-04-01 21:17:35,876 [TestNG-PoolService-0] INFO  log - Method - reportPass - validation for the PayBill get success
2020-04-01 21:17:37,558 [TestNG-PoolService-0] INFO  log - Method - testPass - Test Passed: Successfully transfer funds from one account to another account
2020-04-01 21:17:37,578 [TestNG-PoolService-0] INFO  log - ***************** End of Scenario: Successfully transfer funds from one account to another account *****************
2020-04-01 21:17:38,404 [TestNG-PoolService-0] INFO  log - ***************** End of Test: runScenario *****************
2020-04-01 21:17:38,405 [TestNG-PoolService-0] INFO  log - ***************** Starting Test: runScenario *****************
2020-04-01 21:17:45,560 [TestNG-PoolService-0] INFO  log - ***************** Starting Scenario: Successfully transfer funds from one account to another account *****************
2020-04-01 21:17:45,570 [TestNG-PoolService-0] INFO  log - Method - reportPass - Navigate to URL
2020-04-01 21:17:48,553 [TestNG-PoolService-0] INFO  log - Method - reportPass - validation for the user get success
2020-04-01 21:17:50,795 [TestNG-PoolService-0] INFO  log - Method - reportPass - Click on the PayBills in Account summary Page
2020-04-01 21:17:51,176 [TestNG-PoolService-0] INFO  log - Method - reportPass - validation for the PayBill get success
2020-04-01 21:17:52,979 [TestNG-PoolService-0] INFO  log - Method - testPass - Test Passed: Successfully transfer funds from one account to another account
2020-04-01 21:17:52,980 [TestNG-PoolService-0] INFO  log - ***************** End of Scenario: Successfully transfer funds from one account to another account *****************
2020-04-01 21:17:53,946 [TestNG-PoolService-0] INFO  log - ***************** End of Test: runScenario *****************
2020-04-01 21:17:53,948 [TestNG-PoolService-0] INFO  log - ***************** Starting Test: runScenario *****************
2020-04-01 21:18:01,350 [TestNG-PoolService-0] INFO  log - ***************** Starting Scenario: As a user I want to Login and verify TransferFund Tab *****************
2020-04-01 21:18:01,428 [TestNG-PoolService-0] INFO  log - Method - parseJsonTestData -  : Loaded test data from file: TransferFundTabData.json : {"Description":"Selected Default From and To Accounts","Amount":"100"}
2020-04-01 21:18:01,516 [TestNG-PoolService-0] INFO  log - Method - reportPass - Extered Username
2020-04-01 21:18:02,059 [TestNG-PoolService-0] INFO  log - Method - reportPass - Extered password
2020-04-01 21:18:04,652 [TestNG-PoolService-0] INFO  log - Method - reportPass - Clicked on Signin Page
2020-04-01 21:18:05,061 [TestNG-PoolService-0] INFO  log - Method - reportPass - Verified Account Summary tab text
2020-04-01 21:18:06,530 [TestNG-PoolService-0] INFO  log - Method - reportPass - Clicked on TransferFundsTab
2020-04-01 21:18:07,416 [TestNG-PoolService-0] INFO  log - Method - reportPass - Entered Amount
2020-04-01 21:18:07,860 [TestNG-PoolService-0] INFO  log - Method - reportPass - Entered description
2020-04-01 21:18:08,572 [TestNG-PoolService-0] INFO  log - Method - reportPass - Clicked on Continue Button
2020-04-01 21:18:09,253 [TestNG-PoolService-0] INFO  log - Method - reportPass - Clicked on Submit Button
2020-04-01 21:18:19,432 [TestNG-PoolService-0] INFO  log - Method - reportPass - Verified Transfer Success message
2020-04-01 21:18:19,718 [TestNG-PoolService-0] INFO  log - Method - testPass - Test Passed: As a user I want to Login and verify TransferFund Tab
2020-04-01 21:18:19,718 [TestNG-PoolService-0] INFO  log - ***************** End of Scenario: As a user I want to Login and verify TransferFund Tab *****************
2020-04-01 21:18:20,810 [TestNG-PoolService-0] INFO  log - ***************** End of Test: runScenario *****************
2020-04-01 21:20:51,223 [TestNG-PoolService-0] INFO  log - ***************** Starting Test: runScenario *****************
2020-04-01 21:21:00,035 [TestNG-PoolService-0] INFO  log - ***************** Starting Scenario: As a user I logged into ZeroBank *****************
2020-04-01 21:21:00,297 [TestNG-PoolService-0] INFO  log - Method - reportPass - Navigate to URL
2020-04-01 21:21:03,311 [TestNG-PoolService-0] INFO  log - Method - reportPass - validation for the user get success
2020-04-01 21:21:03,783 [TestNG-PoolService-0] INFO  log - Method - testPass - Test Passed: As a user I logged into ZeroBank
2020-04-01 21:21:03,783 [TestNG-PoolService-0] INFO  log - ***************** End of Scenario: As a user I logged into ZeroBank *****************
2020-04-01 21:21:08,083 [TestNG-PoolService-0] INFO  log - ***************** End of Test: runScenario *****************
2020-04-01 21:21:08,105 [TestNG-PoolService-0] INFO  log - ***************** Starting Test: runScenario *****************
2020-04-01 21:21:17,476 [TestNG-PoolService-0] INFO  log - ***************** Starting Scenario: Successfully transfer funds from one account to another account *****************
2020-04-01 21:21:17,490 [TestNG-PoolService-0] INFO  log - Method - reportPass - Navigate to URL
2020-04-01 21:21:20,474 [TestNG-PoolService-0] INFO  log - Method - reportPass - validation for the user get success
2020-04-01 21:21:22,715 [TestNG-PoolService-0] INFO  log - Method - reportPass - Click on the PayBills in Account summary Page
2020-04-01 21:21:23,159 [TestNG-PoolService-0] INFO  log - Method - reportPass - validation for the PayBill get success
2020-04-01 21:21:25,181 [TestNG-PoolService-0] INFO  log - Method - testPass - Test Passed: Successfully transfer funds from one account to another account
2020-04-01 21:21:25,184 [TestNG-PoolService-0] INFO  log - ***************** End of Scenario: Successfully transfer funds from one account to another account *****************
2020-04-01 21:21:26,138 [TestNG-PoolService-0] INFO  log - ***************** End of Test: runScenario *****************
2020-04-01 21:21:26,139 [TestNG-PoolService-0] INFO  log - ***************** Starting Test: runScenario *****************
2020-04-01 21:21:33,281 [TestNG-PoolService-0] INFO  log - ***************** Starting Scenario: Successfully transfer funds from one account to another account *****************
2020-04-01 21:21:33,290 [TestNG-PoolService-0] INFO  log - Method - reportPass - Navigate to URL
2020-04-01 21:21:36,176 [TestNG-PoolService-0] INFO  log - Method - reportPass - validation for the user get success
2020-04-01 21:21:38,761 [TestNG-PoolService-0] INFO  log - Method - reportPass - Click on the PayBills in Account summary Page
2020-04-01 21:21:39,112 [TestNG-PoolService-0] INFO  log - Method - reportPass - validation for the PayBill get success
2020-04-01 21:21:40,536 [TestNG-PoolService-0] INFO  log - Method - testPass - Test Passed: Successfully transfer funds from one account to another account
2020-04-01 21:21:40,537 [TestNG-PoolService-0] INFO  log - ***************** End of Scenario: Successfully transfer funds from one account to another account *****************
2020-04-01 21:21:42,042 [TestNG-PoolService-0] INFO  log - ***************** End of Test: runScenario *****************
2020-04-01 21:21:42,044 [TestNG-PoolService-0] INFO  log - ***************** Starting Test: runScenario *****************
2020-04-01 21:21:49,745 [TestNG-PoolService-0] INFO  log - ***************** Starting Scenario: As a user I want to Login and verify TransferFund Tab *****************
2020-04-01 21:21:49,801 [TestNG-PoolService-0] INFO  log - Method - parseJsonTestData -  : Loaded test data from file: TransferFundTabData.json : {"Description":"Selected Default From and To Accounts","Amount":"100"}
2020-04-01 21:21:49,932 [TestNG-PoolService-0] INFO  log - Method - reportPass - Extered Username
2020-04-01 21:21:50,296 [TestNG-PoolService-0] INFO  log - Method - reportPass - Extered password
2020-04-01 21:21:53,171 [TestNG-PoolService-0] INFO  log - Method - reportPass - Clicked on Signin Page
2020-04-01 21:21:53,529 [TestNG-PoolService-0] INFO  log - Method - reportPass - Verified Account Summary tab text
2020-04-01 21:21:54,358 [TestNG-PoolService-0] INFO  log - Method - reportPass - Clicked on TransferFundsTab
2020-04-01 21:21:54,721 [TestNG-PoolService-0] INFO  log - Method - reportPass - Entered Amount
2020-04-01 21:21:55,169 [TestNG-PoolService-0] INFO  log - Method - reportPass - Entered description
2020-04-01 21:21:55,827 [TestNG-PoolService-0] INFO  log - Method - reportPass - Clicked on Continue Button
2020-04-01 21:21:56,531 [TestNG-PoolService-0] INFO  log - Method - reportPass - Clicked on Submit Button
2020-04-01 21:21:56,929 [TestNG-PoolService-0] INFO  log - Method - reportPass - Verified Transfer Success message
2020-04-01 21:21:57,219 [TestNG-PoolService-0] INFO  log - Method - testPass - Test Passed: As a user I want to Login and verify TransferFund Tab
2020-04-01 21:21:57,220 [TestNG-PoolService-0] INFO  log - ***************** End of Scenario: As a user I want to Login and verify TransferFund Tab *****************
2020-04-01 21:21:58,251 [TestNG-PoolService-0] INFO  log - ***************** End of Test: runScenario *****************
