2020-03-31 12:22:31,887 [TestNG-PoolService-0] ERROR log - Failure in method: runScenario occurred There was an issue with the test run. Exception: org.testng.SkipException: cucumber.api.PendingException: TODO: implement me
	at com.cl.borrower_web.steps.TransferFundTabSteps.click_on_Signin_button(TransferFundTabSteps.java:49)
	at ?.click on Signin button(file:src/test/resources/features/web/transferFunds/TransferFundTab.feature:13)

2020-03-31 12:22:35,026 [TestNG-PoolService-0] INFO log - ***************** End of Test: runScenario *****************
2020-03-31 12:30:49,595 [TestNG-PoolService-0] ERROR log - Failure in method: runScenario occurred There was an issue with the test run. Exception: org.testng.SkipException: cucumber.api.PendingException: TODO: implement me
	at com.cl.borrower_web.steps.TransferFundTabSteps.click_on_Signin_button(TransferFundTabSteps.java:49)
	at ?.click on Signin button(file:src/test/resources/features/web/transferFunds/TransferFundTab.feature:12)

2020-03-31 12:30:53,769 [TestNG-PoolService-0] INFO log - ***************** End of Test: runScenario *****************
2020-03-31 12:41:39,033 [TestNG-PoolService-0] INFO log - ***************** End of Test: runScenario *****************
2020-03-31 12:54:47,044 [TestNG-PoolService-0] INFO log - ***************** End of Test: runScenario *****************
2020-03-31 13:16:48,072 [TestNG-PoolService-0] INFO log - ***************** End of Test: runScenario *****************
2020-03-31 13:26:26,958 [TestNG-PoolService-0] INFO log - ***************** End of Test: runScenario *****************
2020-03-31 13:44:59,342 [TestNG-PoolService-0] INFO log - ***************** End of Test: runScenario *****************
2020-03-31 13:57:38,479 [TestNG-PoolService-0] INFO log - ***************** End of Test: runScenario *****************
2020-03-31 14:14:12,503 [TestNG-PoolService-0] INFO log - ***************** End of Test: runScenario *****************
2020-03-31 16:35:27,602 [TestNG-PoolService-0] INFO log - ***************** End of Test: runScenario *****************
2020-03-31 16:52:53,526 [TestNG-PoolService-0] INFO log - ***************** End of Test: runScenario *****************
2020-03-31 17:02:19,241 [TestNG-PoolService-0] INFO log - ***************** End of Test: runScenario *****************
2020-03-31 17:11:15,903 [TestNG-PoolService-0] INFO log - ***************** End of Test: runScenario *****************
2020-04-01 15:15:03,039 [TestNG-PoolService-0] INFO log - ***************** End of Test: runScenario *****************
2020-04-01 16:29:29,540 [TestNG-PoolService-0] INFO log - ***************** End of Test: runScenario *****************
2020-04-01 16:30:16,806 [TestNG-PoolService-0] INFO log - ***************** End of Test: runScenario *****************
2020-04-01 16:32:18,478 [TestNG-PoolService-0] INFO log - ***************** End of Test: runScenario *****************
2020-04-01 16:34:29,352 [TestNG-PoolService-0] INFO log - ***************** End of Test: runScenario *****************
2020-04-01 17:08:45,921 [TestNG-PoolService-0] ERROR log - Failure in method: runScenario occurred There was an issue with the test run. Exception: org.testng.SkipException: There are undefined steps
2020-04-01 17:08:49,299 [TestNG-PoolService-0] INFO log - ***************** End of Test: runScenario *****************
2020-04-01 17:08:56,293 [TestNG-PoolService-0] ERROR log - Failure in method: runScenario occurred There was an issue with the test run. Exception: org.testng.SkipException: There are undefined steps
2020-04-01 17:08:57,045 [TestNG-PoolService-0] INFO log - ***************** End of Test: runScenario *****************
2020-04-01 17:18:49,306 [TestNG-PoolService-0] ERROR log - Failure in method: runScenario occurred There was an issue with the test run. Exception: org.openqa.selenium.NoSuchElementException: no such element: Unable to locate element: {"method":"id","selector":"submit"}
  (Session info: chrome=80.0.3987.149)
  (Driver info: chromedriver=2.38.552522 (437e6fbedfa8762dec75e2c5b3ddb86763dc9dcb),platform=Windows NT 10.0.14393 x86_64) (WARNING: The server did not provide any stacktrace information)
Command duration or timeout: 0 milliseconds
For documentation on this error, please visit: http://seleniumhq.org/exceptions/no_such_element.html
Build info: version: '3.14.0', revision: 'aacccce0', time: '2018-08-02T20:19:58.91Z'
System info: host: 'VMT3441', ip: '192.168.0.5', os.name: 'Windows 10', os.arch: 'amd64', os.version: '10.0', java.version: '1.8.0_144'
Driver info: org.openqa.selenium.chrome.ChromeDriver
Capabilities {acceptInsecureCerts: false, acceptSslCerts: false, applicationCacheEnabled: false, browserConnectionEnabled: false, browserName: chrome, chrome: {chromedriverVersion: 2.38.552522 (437e6fbedfa876..., userDataDir: C:\Users\SATISH~2\AppData\L...}, cssSelectorsEnabled: true, databaseEnabled: false, handlesAlerts: true, hasTouchScreen: false, javascriptEnabled: true, locationContextEnabled: true, mobileEmulationEnabled: false, nativeEvents: true, networkConnectionEnabled: false, pageLoadStrategy: normal, platform: XP, platformName: XP, rotatable: false, setWindowRect: true, takesHeapSnapshot: true, takesScreenshot: true, unexpectedAlertBehaviour: , unhandledPromptBehavior: , version: 80.0.3987.149, webStorageEnabled: true}
Session ID: a82d840f2f412d7e788c9868ac46a0c9
*** Element info: {Using=id, value=submit}
2020-04-01 17:18:50,760 [TestNG-PoolService-0] INFO log - ***************** End of Test: runScenario *****************
2020-04-01 17:18:57,252 [TestNG-PoolService-0] ERROR log - Failure in method: runScenario occurred There was an issue with the test run. Exception: org.openqa.selenium.NoSuchElementException: no such element: Unable to locate element: {"method":"id","selector":"submit"}
  (Session info: chrome=80.0.3987.149)
  (Driver info: chromedriver=2.38.552522 (437e6fbedfa8762dec75e2c5b3ddb86763dc9dcb),platform=Windows NT 10.0.14393 x86_64) (WARNING: The server did not provide any stacktrace information)
Command duration or timeout: 0 milliseconds
For documentation on this error, please visit: http://seleniumhq.org/exceptions/no_such_element.html
Build info: version: '3.14.0', revision: 'aacccce0', time: '2018-08-02T20:19:58.91Z'
System info: host: 'VMT3441', ip: '192.168.0.5', os.name: 'Windows 10', os.arch: 'amd64', os.version: '10.0', java.version: '1.8.0_144'
Driver info: org.openqa.selenium.chrome.ChromeDriver
Capabilities {acceptInsecureCerts: false, acceptSslCerts: false, applicationCacheEnabled: false, browserConnectionEnabled: false, browserName: chrome, chrome: {chromedriverVersion: 2.38.552522 (437e6fbedfa876..., userDataDir: C:\Users\SATISH~2\AppData\L...}, cssSelectorsEnabled: true, databaseEnabled: false, handlesAlerts: true, hasTouchScreen: false, javascriptEnabled: true, locationContextEnabled: true, mobileEmulationEnabled: false, nativeEvents: true, networkConnectionEnabled: false, pageLoadStrategy: normal, platform: XP, platformName: XP, rotatable: false, setWindowRect: true, takesHeapSnapshot: true, takesScreenshot: true, unexpectedAlertBehaviour: , unhandledPromptBehavior: , version: 80.0.3987.149, webStorageEnabled: true}
Session ID: 0d68976f287ff6b3371564ff7dee17f7
*** Element info: {Using=id, value=submit}
2020-04-01 17:18:58,058 [TestNG-PoolService-0] INFO log - ***************** End of Test: runScenario *****************
2020-04-01 17:19:45,060 [TestNG-PoolService-0] ERROR log - Failure in method: runScenario occurred There was an issue with the test run. Exception: org.testng.SkipException: There are undefined steps
2020-04-01 17:19:46,074 [TestNG-PoolService-0] INFO log - ***************** End of Test: runScenario *****************
2020-04-01 17:19:51,980 [TestNG-PoolService-0] ERROR log - Failure in method: runScenario occurred There was an issue with the test run. Exception: org.openqa.selenium.NoSuchElementException: no such element: Unable to locate element: {"method":"id","selector":"submit"}
  (Session info: chrome=80.0.3987.149)
  (Driver info: chromedriver=2.38.552522 (437e6fbedfa8762dec75e2c5b3ddb86763dc9dcb),platform=Windows NT 10.0.14393 x86_64) (WARNING: The server did not provide any stacktrace information)
Command duration or timeout: 0 milliseconds
For documentation on this error, please visit: http://seleniumhq.org/exceptions/no_such_element.html
Build info: version: '3.14.0', revision: 'aacccce0', time: '2018-08-02T20:19:58.91Z'
System info: host: 'VMT3441', ip: '192.168.0.5', os.name: 'Windows 10', os.arch: 'amd64', os.version: '10.0', java.version: '1.8.0_144'
Driver info: org.openqa.selenium.chrome.ChromeDriver
Capabilities {acceptInsecureCerts: false, acceptSslCerts: false, applicationCacheEnabled: false, browserConnectionEnabled: false, browserName: chrome, chrome: {chromedriverVersion: 2.38.552522 (437e6fbedfa876..., userDataDir: C:\Users\SATISH~2\AppData\L...}, cssSelectorsEnabled: true, databaseEnabled: false, handlesAlerts: true, hasTouchScreen: false, javascriptEnabled: true, locationContextEnabled: true, mobileEmulationEnabled: false, nativeEvents: true, networkConnectionEnabled: false, pageLoadStrategy: normal, platform: XP, platformName: XP, rotatable: false, setWindowRect: true, takesHeapSnapshot: true, takesScreenshot: true, unexpectedAlertBehaviour: , unhandledPromptBehavior: , version: 80.0.3987.149, webStorageEnabled: true}
Session ID: 61d1d4c2d469003d46f9e8e1ce4a2cd8
*** Element info: {Using=id, value=submit}
2020-04-01 17:19:53,339 [TestNG-PoolService-0] INFO log - ***************** End of Test: runScenario *****************
2020-04-01 17:20:00,828 [TestNG-PoolService-0] ERROR log - Failure in method: runScenario occurred There was an issue with the test run. Exception: org.openqa.selenium.NoSuchElementException: no such element: Unable to locate element: {"method":"id","selector":"submit"}
  (Session info: chrome=80.0.3987.149)
  (Driver info: chromedriver=2.38.552522 (437e6fbedfa8762dec75e2c5b3ddb86763dc9dcb),platform=Windows NT 10.0.14393 x86_64) (WARNING: The server did not provide any stacktrace information)
Command duration or timeout: 0 milliseconds
For documentation on this error, please visit: http://seleniumhq.org/exceptions/no_such_element.html
Build info: version: '3.14.0', revision: 'aacccce0', time: '2018-08-02T20:19:58.91Z'
System info: host: 'VMT3441', ip: '192.168.0.5', os.name: 'Windows 10', os.arch: 'amd64', os.version: '10.0', java.version: '1.8.0_144'
Driver info: org.openqa.selenium.chrome.ChromeDriver
Capabilities {acceptInsecureCerts: false, acceptSslCerts: false, applicationCacheEnabled: false, browserConnectionEnabled: false, browserName: chrome, chrome: {chromedriverVersion: 2.38.552522 (437e6fbedfa876..., userDataDir: C:\Users\SATISH~2\AppData\L...}, cssSelectorsEnabled: true, databaseEnabled: false, handlesAlerts: true, hasTouchScreen: false, javascriptEnabled: true, locationContextEnabled: true, mobileEmulationEnabled: false, nativeEvents: true, networkConnectionEnabled: false, pageLoadStrategy: normal, platform: XP, platformName: XP, rotatable: false, setWindowRect: true, takesHeapSnapshot: true, takesScreenshot: true, unexpectedAlertBehaviour: , unhandledPromptBehavior: , version: 80.0.3987.149, webStorageEnabled: true}
Session ID: 5bfd09aa6595552746e744174060f8e7
*** Element info: {Using=id, value=submit}
2020-04-01 17:20:02,227 [TestNG-PoolService-0] INFO log - ***************** End of Test: runScenario *****************
2020-04-01 17:20:07,278 [TestNG-PoolService-0] ERROR log - Failure in method: runScenario occurred There was an issue with the test run. Exception: org.openqa.selenium.NoSuchElementException: no such element: Unable to locate element: {"method":"id","selector":"submit"}
  (Session info: chrome=80.0.3987.149)
  (Driver info: chromedriver=2.38.552522 (437e6fbedfa8762dec75e2c5b3ddb86763dc9dcb),platform=Windows NT 10.0.14393 x86_64) (WARNING: The server did not provide any stacktrace information)
Command duration or timeout: 0 milliseconds
For documentation on this error, please visit: http://seleniumhq.org/exceptions/no_such_element.html
Build info: version: '3.14.0', revision: 'aacccce0', time: '2018-08-02T20:19:58.91Z'
System info: host: 'VMT3441', ip: '192.168.0.5', os.name: 'Windows 10', os.arch: 'amd64', os.version: '10.0', java.version: '1.8.0_144'
Driver info: org.openqa.selenium.chrome.ChromeDriver
Capabilities {acceptInsecureCerts: false, acceptSslCerts: false, applicationCacheEnabled: false, browserConnectionEnabled: false, browserName: chrome, chrome: {chromedriverVersion: 2.38.552522 (437e6fbedfa876..., userDataDir: C:\Users\SATISH~2\AppData\L...}, cssSelectorsEnabled: true, databaseEnabled: false, handlesAlerts: true, hasTouchScreen: false, javascriptEnabled: true, locationContextEnabled: true, mobileEmulationEnabled: false, nativeEvents: true, networkConnectionEnabled: false, pageLoadStrategy: normal, platform: XP, platformName: XP, rotatable: false, setWindowRect: true, takesHeapSnapshot: true, takesScreenshot: true, unexpectedAlertBehaviour: , unhandledPromptBehavior: , version: 80.0.3987.149, webStorageEnabled: true}
Session ID: 5d80df152d7da1d494d12a9c67dadcad
*** Element info: {Using=id, value=submit}
2020-04-01 17:20:08,032 [TestNG-PoolService-0] INFO log - ***************** End of Test: runScenario *****************
2020-04-01 17:20:21,566 [TestNG-PoolService-0] INFO log - ***************** End of Test: runScenario *****************
2020-04-01 18:29:55,348 [TestNG-PoolService-0] ERROR log - Failure in method: runScenario occurred There was an issue with the test run. Exception: org.testng.SkipException: There are undefined steps
2020-04-01 18:29:58,512 [TestNG-PoolService-0] INFO log - ***************** End of Test: runScenario *****************
2020-04-01 18:30:08,764 [TestNG-PoolService-0] ERROR log - Failure in method: runScenario occurred There was an issue with the test run. Exception: org.openqa.selenium.NoSuchElementException: no such element: Unable to locate element: {"method":"id","selector":"submit"}
  (Session info: chrome=80.0.3987.149)
  (Driver info: chromedriver=2.38.552522 (437e6fbedfa8762dec75e2c5b3ddb86763dc9dcb),platform=Windows NT 10.0.14393 x86_64) (WARNING: The server did not provide any stacktrace information)
Command duration or timeout: 0 milliseconds
For documentation on this error, please visit: http://seleniumhq.org/exceptions/no_such_element.html
Build info: version: '3.14.0', revision: 'aacccce0', time: '2018-08-02T20:19:58.91Z'
System info: host: 'VMT3441', ip: '192.168.0.5', os.name: 'Windows 10', os.arch: 'amd64', os.version: '10.0', java.version: '1.8.0_144'
Driver info: org.openqa.selenium.chrome.ChromeDriver
Capabilities {acceptInsecureCerts: false, acceptSslCerts: false, applicationCacheEnabled: false, browserConnectionEnabled: false, browserName: chrome, chrome: {chromedriverVersion: 2.38.552522 (437e6fbedfa876..., userDataDir: C:\Users\SATISH~2\AppData\L...}, cssSelectorsEnabled: true, databaseEnabled: false, handlesAlerts: true, hasTouchScreen: false, javascriptEnabled: true, locationContextEnabled: true, mobileEmulationEnabled: false, nativeEvents: true, networkConnectionEnabled: false, pageLoadStrategy: normal, platform: XP, platformName: XP, rotatable: false, setWindowRect: true, takesHeapSnapshot: true, takesScreenshot: true, unexpectedAlertBehaviour: , unhandledPromptBehavior: , version: 80.0.3987.149, webStorageEnabled: true}
Session ID: 171e67dc7d772ee081c92601539078ef
*** Element info: {Using=id, value=submit}
2020-04-01 18:30:09,959 [TestNG-PoolService-0] INFO log - ***************** End of Test: runScenario *****************
2020-04-01 18:32:05,673 [TestNG-PoolService-0] ERROR log - Failure in method: runScenario occurred There was an issue with the test run. Exception: org.openqa.selenium.NoSuchElementException: no such element: Unable to locate element: {"method":"id","selector":"submit"}
  (Session info: chrome=80.0.3987.149)
  (Driver info: chromedriver=2.38.552522 (437e6fbedfa8762dec75e2c5b3ddb86763dc9dcb),platform=Windows NT 10.0.14393 x86_64) (WARNING: The server did not provide any stacktrace information)
Command duration or timeout: 0 milliseconds
For documentation on this error, please visit: http://seleniumhq.org/exceptions/no_such_element.html
Build info: version: '3.14.0', revision: 'aacccce0', time: '2018-08-02T20:19:58.91Z'
System info: host: 'VMT3441', ip: '192.168.0.5', os.name: 'Windows 10', os.arch: 'amd64', os.version: '10.0', java.version: '1.8.0_144'
Driver info: org.openqa.selenium.chrome.ChromeDriver
Capabilities {acceptInsecureCerts: false, acceptSslCerts: false, applicationCacheEnabled: false, browserConnectionEnabled: false, browserName: chrome, chrome: {chromedriverVersion: 2.38.552522 (437e6fbedfa876..., userDataDir: C:\Users\SATISH~2\AppData\L...}, cssSelectorsEnabled: true, databaseEnabled: false, handlesAlerts: true, hasTouchScreen: false, javascriptEnabled: true, locationContextEnabled: true, mobileEmulationEnabled: false, nativeEvents: true, networkConnectionEnabled: false, pageLoadStrategy: normal, platform: XP, platformName: XP, rotatable: false, setWindowRect: true, takesHeapSnapshot: true, takesScreenshot: true, unexpectedAlertBehaviour: , unhandledPromptBehavior: , version: 80.0.3987.149, webStorageEnabled: true}
Session ID: 5af8ebec2e7733ea3fe04d7bb22151b5
*** Element info: {Using=id, value=submit}
2020-04-01 18:32:06,878 [TestNG-PoolService-0] INFO log - ***************** End of Test: runScenario *****************
2020-04-01 18:36:30,264 [TestNG-PoolService-0] ERROR log - Failure in method: runScenario occurred There was an issue with the test run. Exception: org.openqa.selenium.NoSuchElementException: no such element: Unable to locate element: {"method":"id","selector":"submit"}
  (Session info: chrome=80.0.3987.149)
  (Driver info: chromedriver=2.38.552522 (437e6fbedfa8762dec75e2c5b3ddb86763dc9dcb),platform=Windows NT 10.0.14393 x86_64) (WARNING: The server did not provide any stacktrace information)
Command duration or timeout: 0 milliseconds
For documentation on this error, please visit: http://seleniumhq.org/exceptions/no_such_element.html
Build info: version: '3.14.0', revision: 'aacccce0', time: '2018-08-02T20:19:58.91Z'
System info: host: 'VMT3441', ip: '192.168.0.5', os.name: 'Windows 10', os.arch: 'amd64', os.version: '10.0', java.version: '1.8.0_144'
Driver info: org.openqa.selenium.chrome.ChromeDriver
Capabilities {acceptInsecureCerts: false, acceptSslCerts: false, applicationCacheEnabled: false, browserConnectionEnabled: false, browserName: chrome, chrome: {chromedriverVersion: 2.38.552522 (437e6fbedfa876..., userDataDir: C:\Users\SATISH~2\AppData\L...}, cssSelectorsEnabled: true, databaseEnabled: false, handlesAlerts: true, hasTouchScreen: false, javascriptEnabled: true, locationContextEnabled: true, mobileEmulationEnabled: false, nativeEvents: true, networkConnectionEnabled: false, pageLoadStrategy: normal, platform: XP, platformName: XP, rotatable: false, setWindowRect: true, takesHeapSnapshot: true, takesScreenshot: true, unexpectedAlertBehaviour: , unhandledPromptBehavior: , version: 80.0.3987.149, webStorageEnabled: true}
Session ID: f800b01fac437296141f8bc51e72dc1a
*** Element info: {Using=id, value=submit}
2020-04-01 18:36:31,835 [TestNG-PoolService-0] INFO log - ***************** End of Test: runScenario *****************
2020-04-01 18:40:07,831 [TestNG-PoolService-0] ERROR log - Failure in method: runScenario occurred There was an issue with the test run. Exception: org.openqa.selenium.NoSuchElementException: no such element: Unable to locate element: {"method":"id","selector":"submit"}
  (Session info: chrome=80.0.3987.149)
  (Driver info: chromedriver=2.38.552522 (437e6fbedfa8762dec75e2c5b3ddb86763dc9dcb),platform=Windows NT 10.0.14393 x86_64) (WARNING: The server did not provide any stacktrace information)
Command duration or timeout: 0 milliseconds
For documentation on this error, please visit: http://seleniumhq.org/exceptions/no_such_element.html
Build info: version: '3.14.0', revision: 'aacccce0', time: '2018-08-02T20:19:58.91Z'
System info: host: 'VMT3441', ip: '192.168.0.5', os.name: 'Windows 10', os.arch: 'amd64', os.version: '10.0', java.version: '1.8.0_144'
Driver info: org.openqa.selenium.chrome.ChromeDriver
Capabilities {acceptInsecureCerts: false, acceptSslCerts: false, applicationCacheEnabled: false, browserConnectionEnabled: false, browserName: chrome, chrome: {chromedriverVersion: 2.38.552522 (437e6fbedfa876..., userDataDir: C:\Users\SATISH~2\AppData\L...}, cssSelectorsEnabled: true, databaseEnabled: false, handlesAlerts: true, hasTouchScreen: false, javascriptEnabled: true, locationContextEnabled: true, mobileEmulationEnabled: false, nativeEvents: true, networkConnectionEnabled: false, pageLoadStrategy: normal, platform: XP, platformName: XP, rotatable: false, setWindowRect: true, takesHeapSnapshot: true, takesScreenshot: true, unexpectedAlertBehaviour: , unhandledPromptBehavior: , version: 80.0.3987.149, webStorageEnabled: true}
Session ID: 0bcb56af3280b41044ed1c761b731494
*** Element info: {Using=id, value=submit}
2020-04-01 18:40:09,983 [TestNG-PoolService-0] INFO log - ***************** End of Test: runScenario *****************
2020-04-01 18:41:03,081 [TestNG-PoolService-0] INFO log - ***************** End of Test: runScenario *****************
2020-04-01 18:42:20,545 [TestNG-PoolService-0] INFO log - ***************** End of Test: runScenario *****************
2020-04-01 18:42:35,928 [TestNG-PoolService-0] INFO log - ***************** End of Test: runScenario *****************
2020-04-01 18:44:02,171 [TestNG-PoolService-0] INFO log - ***************** End of Test: runScenario *****************
2020-04-01 18:44:17,825 [TestNG-PoolService-0] INFO log - ***************** End of Test: runScenario *****************
2020-04-01 18:44:34,333 [TestNG-PoolService-0] INFO log - ***************** End of Test: runScenario *****************
2020-04-01 18:44:55,075 [TestNG-PoolService-0] INFO log - ***************** End of Test: runScenario *****************
2020-04-01 19:19:44,763 [TestNG-PoolService-0] INFO log - ***************** End of Test: runScenario *****************
2020-04-01 19:20:08,306 [TestNG-PoolService-0] INFO log - ***************** End of Test: runScenario *****************
2020-04-01 19:20:24,501 [TestNG-PoolService-0] INFO log - ***************** End of Test: runScenario *****************
2020-04-01 19:20:42,530 [TestNG-PoolService-0] INFO log - ***************** End of Test: runScenario *****************
2020-04-01 21:17:23,764 [TestNG-PoolService-0] INFO log - ***************** End of Test: runScenario *****************
2020-04-01 21:17:38,404 [TestNG-PoolService-0] INFO log - ***************** End of Test: runScenario *****************
2020-04-01 21:17:53,946 [TestNG-PoolService-0] INFO log - ***************** End of Test: runScenario *****************
2020-04-01 21:18:20,810 [TestNG-PoolService-0] INFO log - ***************** End of Test: runScenario *****************
2020-04-01 21:21:08,083 [TestNG-PoolService-0] INFO log - ***************** End of Test: runScenario *****************
2020-04-01 21:21:26,138 [TestNG-PoolService-0] INFO log - ***************** End of Test: runScenario *****************
2020-04-01 21:21:42,042 [TestNG-PoolService-0] INFO log - ***************** End of Test: runScenario *****************
2020-04-01 21:21:58,251 [TestNG-PoolService-0] INFO log - ***************** End of Test: runScenario *****************
2020-04-03 16:26:56,800 [TestNG-PoolService-0] INFO log - ***************** End of Test: runScenario *****************
2020-04-03 16:27:12,608 [TestNG-PoolService-0] INFO log - ***************** End of Test: runScenario *****************
2020-04-03 16:27:29,353 [TestNG-PoolService-0] INFO log - ***************** End of Test: runScenario *****************
2020-04-03 16:27:46,199 [TestNG-PoolService-0] INFO log - ***************** End of Test: runScenario *****************
2020-04-06 12:59:06,259 [TestNG-PoolService-0] INFO log - ***************** End of Test: runScenario *****************
2020-04-06 12:59:14,262 [TestNG-PoolService-0] ERROR log - Failure in method: runScenario occurred There was an issue with the test run. Exception: org.testng.SkipException: There are undefined steps
2020-04-06 12:59:15,399 [TestNG-PoolService-0] INFO log - ***************** End of Test: runScenario *****************
2020-04-06 12:59:32,307 [TestNG-PoolService-0] INFO log - ***************** End of Test: runScenario *****************
2020-04-06 12:59:47,545 [TestNG-PoolService-0] INFO log - ***************** End of Test: runScenario *****************
2020-04-06 12:59:55,046 [TestNG-PoolService-0] ERROR log - Failure in method: runScenario occurred There was an issue with the test run. Exception: org.testng.SkipException: There are undefined steps
2020-04-06 12:59:55,811 [TestNG-PoolService-0] INFO log - ***************** End of Test: runScenario *****************
2020-04-06 13:00:09,593 [TestNG-PoolService-0] INFO log - ***************** End of Test: runScenario *****************
2020-04-06 13:02:52,653 [TestNG-PoolService-0] INFO log - ***************** End of Test: runScenario *****************
2020-04-06 13:02:57,088 [TestNG-PoolService-0] ERROR log - Failure in method: runScenario occurred There was an issue with the test run. Exception: org.testng.SkipException: There are undefined steps
2020-04-06 13:02:57,866 [TestNG-PoolService-0] INFO log - ***************** End of Test: runScenario *****************
2020-04-06 13:03:10,086 [TestNG-PoolService-0] INFO log - ***************** End of Test: runScenario *****************
2020-04-06 13:03:22,765 [TestNG-PoolService-0] INFO log - ***************** End of Test: runScenario *****************
2020-04-06 13:03:39,185 [TestNG-PoolService-0] INFO log - ***************** End of Test: runScenario *****************
2020-04-06 13:18:53,779 [TestNG-PoolService-0] INFO log - ***************** End of Test: runScenario *****************
2020-04-06 13:19:19,587 [TestNG-PoolService-0] INFO log - ***************** End of Test: runScenario *****************
2020-04-06 13:19:37,023 [TestNG-PoolService-0] INFO log - ***************** End of Test: runScenario *****************
2020-04-06 13:19:51,844 [TestNG-PoolService-0] INFO log - ***************** End of Test: runScenario *****************
2020-04-06 13:20:52,926 [TestNG-PoolService-0] INFO log - ***************** End of Test: runScenario *****************
2020-04-06 13:21:06,117 [TestNG-PoolService-0] INFO log - ***************** End of Test: runScenario *****************
2020-04-06 13:21:20,113 [TestNG-PoolService-0] INFO log - ***************** End of Test: runScenario *****************
2020-04-06 13:21:34,374 [TestNG-PoolService-0] INFO log - ***************** End of Test: runScenario *****************
2020-04-06 13:39:12,140 [TestNG-PoolService-0] ERROR log - Failure in method: runScenario occurred There was an issue with the test run. Exception: org.testng.SkipException: There are undefined steps
2020-04-06 13:39:13,441 [TestNG-PoolService-0] INFO log - ***************** End of Test: runScenario *****************
2020-04-06 13:39:21,944 [TestNG-PoolService-0] INFO log - ***************** End of Test: runScenario *****************
2020-04-06 13:42:35,751 [TestNG-PoolService-0] ERROR log - Failure in method: runScenario occurred There was an issue with the test run. Exception: org.testng.SkipException: There are undefined steps
2020-04-06 13:42:36,945 [TestNG-PoolService-0] INFO log - ***************** End of Test: runScenario *****************
2020-04-06 13:44:19,580 [TestNG-PoolService-0] INFO log - ***************** End of Test: runScenario *****************
2020-04-06 13:50:13,770 [TestNG-PoolService-0] INFO log - ***************** End of Test: runScenario *****************
2020-04-06 13:56:49,691 [TestNG-PoolService-0] INFO log - ***************** End of Test: runScenario *****************
2020-04-06 14:07:38,742 [TestNG-PoolService-0] ERROR log - Failure in method: runScenario occurred There was an issue with the test run. Exception: org.testng.SkipException: There are undefined steps
2020-04-06 14:07:41,574 [TestNG-PoolService-0] INFO log - ***************** End of Test: runScenario *****************
2020-04-06 15:20:23,409 [TestNG-PoolService-0] ERROR log - Failure in method: runScenario occurred There was an issue with the test run. Exception: org.testng.SkipException: There are undefined steps
2020-04-06 15:20:28,735 [TestNG-PoolService-0] INFO log - ***************** End of Test: runScenario *****************
2020-04-06 15:27:42,455 [TestNG-PoolService-0] INFO log - ***************** End of Test: runScenario *****************
2020-04-06 15:28:18,944 [TestNG-PoolService-0] INFO log - ***************** End of Test: runScenario *****************
2020-04-06 15:31:02,230 [TestNG-PoolService-0] INFO log - ***************** End of Test: runScenario *****************
2020-04-06 15:58:12,490 [TestNG-PoolService-0] INFO log - ***************** End of Test: runScenario *****************
2020-04-06 16:29:37,893 [TestNG-PoolService-0] INFO log - ***************** End of Test: runScenario *****************
2020-04-06 16:29:48,730 [TestNG-PoolService-0] INFO log - ***************** End of Test: runScenario *****************
2020-04-06 16:31:29,852 [TestNG-PoolService-0] INFO log - ***************** End of Test: runScenario *****************
2020-04-06 16:37:15,511 [TestNG-PoolService-0] INFO log - ***************** End of Test: runScenario *****************
2020-04-06 16:37:25,897 [TestNG-PoolService-0] INFO log - ***************** End of Test: runScenario *****************
2020-04-06 16:49:17,869 [TestNG-PoolService-0] INFO log - ***************** End of Test: runScenario *****************
2020-04-06 16:55:01,196 [TestNG-PoolService-0] INFO log - ***************** End of Test: runScenario *****************
2020-04-06 17:14:13,480 [TestNG-PoolService-0] INFO log - ***************** End of Test: runScenario *****************
2020-04-06 17:17:47,625 [TestNG-PoolService-0] INFO log - ***************** End of Test: runScenario *****************
2020-04-06 17:26:47,868 [TestNG-PoolService-0] INFO log - ***************** End of Test: runScenario *****************
2020-04-06 17:28:15,887 [TestNG-PoolService-0] INFO log - ***************** End of Test: runScenario *****************
2020-04-06 17:30:00,125 [TestNG-PoolService-0] INFO log - ***************** End of Test: runScenario *****************
2020-04-06 17:36:55,826 [TestNG-PoolService-0] INFO log - ***************** End of Test: runScenario *****************
2020-04-06 17:38:35,338 [TestNG-PoolService-0] INFO log - ***************** End of Test: runScenario *****************
2020-04-06 17:39:54,013 [TestNG-PoolService-0] INFO log - ***************** End of Test: runScenario *****************
2020-04-06 17:40:39,919 [TestNG-PoolService-0] INFO log - ***************** End of Test: runScenario *****************
2020-04-06 17:41:54,831 [TestNG-PoolService-0] INFO log - ***************** End of Test: runScenario *****************
2020-04-06 18:27:12,728 [TestNG-PoolService-0] INFO log - ***************** End of Test: runScenario *****************
2020-04-06 18:27:49,630 [TestNG-PoolService-0] INFO log - ***************** End of Test: runScenario *****************
2020-04-06 18:28:27,019 [TestNG-PoolService-0] INFO log - ***************** End of Test: runScenario *****************
2020-04-06 18:32:30,860 [TestNG-PoolService-0] INFO log - ***************** End of Test: runScenario *****************
2020-04-06 18:33:08,731 [TestNG-PoolService-0] INFO log - ***************** End of Test: runScenario *****************
2020-04-06 18:33:44,702 [TestNG-PoolService-0] INFO log - ***************** End of Test: runScenario *****************
2020-04-06 18:35:36,340 [TestNG-PoolService-0] INFO log - ***************** End of Test: runScenario *****************
2020-04-06 18:36:12,940 [TestNG-PoolService-0] INFO log - ***************** End of Test: runScenario *****************
2020-04-06 18:37:07,561 [TestNG-PoolService-0] INFO log - ***************** End of Test: runScenario *****************
2020-04-07 12:41:02,967 [TestNG-PoolService-0] INFO log - ***************** End of Test: runScenario *****************
2020-04-07 12:41:45,354 [TestNG-PoolService-0] INFO log - ***************** End of Test: runScenario *****************
2020-04-07 12:42:19,984 [TestNG-PoolService-0] INFO log - ***************** End of Test: runScenario *****************
2020-04-07 12:45:49,992 [TestNG-PoolService-0] INFO log - ***************** End of Test: runScenario *****************
2020-04-07 12:46:28,856 [TestNG-PoolService-0] INFO log - ***************** End of Test: runScenario *****************
2020-04-07 12:47:03,307 [TestNG-PoolService-0] INFO log - ***************** End of Test: runScenario *****************
2020-04-07 13:18:31,303 [TestNG-PoolService-0] INFO log - ***************** End of Test: runScenario *****************
2020-04-07 13:18:42,510 [TestNG-PoolService-0] INFO log - ***************** End of Test: runScenario *****************
2020-04-07 13:41:48,394 [TestNG-PoolService-0] INFO log - ***************** End of Test: runScenario *****************
2020-04-07 13:52:55,476 [TestNG-PoolService-0] INFO log - ***************** End of Test: runScenario *****************
2020-04-07 13:53:31,691 [TestNG-PoolService-0] INFO log - ***************** End of Test: runScenario *****************
2020-04-07 13:54:10,498 [TestNG-PoolService-0] INFO log - ***************** End of Test: runScenario *****************
2020-04-07 13:54:45,994 [TestNG-PoolService-0] INFO log - ***************** End of Test: runScenario *****************
2020-04-07 13:55:22,313 [TestNG-PoolService-0] INFO log - ***************** End of Test: runScenario *****************
2020-04-07 14:01:20,088 [TestNG-PoolService-0] INFO log - ***************** End of Test: runScenario *****************
2020-04-07 14:01:59,373 [TestNG-PoolService-0] INFO log - ***************** End of Test: runScenario *****************
2020-04-07 14:02:35,364 [TestNG-PoolService-0] INFO log - ***************** End of Test: runScenario *****************
2020-04-07 14:03:11,160 [TestNG-PoolService-0] INFO log - ***************** End of Test: runScenario *****************
2020-04-07 14:03:47,166 [TestNG-PoolService-0] INFO log - ***************** End of Test: runScenario *****************
2020-04-07 14:06:39,517 [TestNG-PoolService-0] INFO log - ***************** End of Test: runScenario *****************
2020-04-07 14:07:18,380 [TestNG-PoolService-0] INFO log - ***************** End of Test: runScenario *****************
2020-04-07 14:08:05,962 [TestNG-PoolService-0] INFO log - ***************** End of Test: runScenario *****************
2020-04-07 14:08:39,707 [TestNG-PoolService-0] INFO log - ***************** End of Test: runScenario *****************
2020-04-07 14:09:13,441 [TestNG-PoolService-0] INFO log - ***************** End of Test: runScenario *****************
2020-04-07 14:28:46,376 [TestNG-PoolService-0] ERROR log - Failure in method: runScenario occurred There was an issue with the test run. Exception: java.io.FileNotFoundException: src\main\resources\data\BorrowerPortalVerifyData.json (The system cannot find the file specified)
2020-04-07 14:28:48,707 [TestNG-PoolService-0] INFO log - ***************** End of Test: runScenario *****************
2020-04-07 14:28:59,253 [TestNG-PoolService-0] INFO log - ***************** End of Test: runScenario *****************
2020-04-07 14:31:15,217 [TestNG-PoolService-0] ERROR log - Failure in method: runScenario occurred There was an issue with the test run. Exception: java.io.FileNotFoundException: src\main\resources\data\BorrowerPortalVerifyData.json (The system cannot find the file specified)
2020-04-07 14:31:16,315 [TestNG-PoolService-0] INFO log - ***************** End of Test: runScenario *****************
2020-04-07 14:31:29,449 [TestNG-PoolService-0] INFO log - ***************** End of Test: runScenario *****************
2020-04-07 14:32:19,791 [TestNG-PoolService-0] ERROR log - Failure in method: runScenario occurred There was an issue with the test run. Exception: java.io.FileNotFoundException: src\main\resources\data\BorrowerPortalVerifyData.json (The system cannot find the file specified)
2020-04-07 14:32:21,329 [TestNG-PoolService-0] INFO log - ***************** End of Test: runScenario *****************
2020-04-07 14:33:10,036 [TestNG-PoolService-0] ERROR log - Failure in method: runScenario occurred There was an issue with the test run. Exception: java.io.FileNotFoundException: src\main\resources\data\BorrowerPortalVerifyData.json (The system cannot find the file specified)
2020-04-07 14:33:11,141 [TestNG-PoolService-0] INFO log - ***************** End of Test: runScenario *****************
2020-04-07 14:34:26,392 [TestNG-PoolService-0] INFO log - ***************** End of Test: runScenario *****************
2020-04-07 14:37:54,346 [TestNG-PoolService-0] INFO log - ***************** End of Test: runScenario *****************
2020-04-07 15:49:58,265 [TestNG-PoolService-0] INFO log - ***************** End of Test: runScenario *****************
2020-04-07 15:59:08,161 [TestNG-PoolService-0] INFO log - ***************** End of Test: runScenario *****************
2020-04-07 15:59:46,246 [TestNG-PoolService-0] INFO log - ***************** End of Test: runScenario *****************
2020-04-07 16:08:51,366 [TestNG-PoolService-0] INFO log - ***************** End of Test: runScenario *****************
2020-04-07 16:09:29,807 [TestNG-PoolService-0] INFO log - ***************** End of Test: runScenario *****************
2020-04-07 16:10:06,007 [TestNG-PoolService-0] INFO log - ***************** End of Test: runScenario *****************
2020-04-07 16:19:44,874 [TestNG-PoolService-0] INFO log - ***************** End of Test: runScenario *****************
2020-04-07 16:20:21,034 [TestNG-PoolService-0] INFO log - ***************** End of Test: runScenario *****************
2020-04-07 16:20:58,177 [TestNG-PoolService-0] INFO log - ***************** End of Test: runScenario *****************
2020-04-07 16:21:31,482 [TestNG-PoolService-0] INFO log - ***************** End of Test: runScenario *****************
2020-04-07 16:22:06,410 [TestNG-PoolService-0] INFO log - ***************** End of Test: runScenario *****************
2020-04-07 16:37:52,442 [TestNG-PoolService-0] INFO log - ***************** End of Test: runScenario *****************
2020-04-07 16:38:30,213 [TestNG-PoolService-0] INFO log - ***************** End of Test: runScenario *****************
2020-04-07 16:39:06,785 [TestNG-PoolService-0] INFO log - ***************** End of Test: runScenario *****************
2020-04-07 16:39:43,588 [TestNG-PoolService-0] INFO log - ***************** End of Test: runScenario *****************
2020-04-07 16:40:19,074 [TestNG-PoolService-0] INFO log - ***************** End of Test: runScenario *****************
2020-04-07 16:55:40,611 [TestNG-PoolService-0] INFO log - ***************** End of Test: runScenario *****************
2020-04-07 16:56:17,327 [TestNG-PoolService-0] INFO log - ***************** End of Test: runScenario *****************
2020-04-07 16:56:53,096 [TestNG-PoolService-0] INFO log - ***************** End of Test: runScenario *****************
2020-04-07 16:57:28,937 [TestNG-PoolService-0] INFO log - ***************** End of Test: runScenario *****************
2020-04-07 16:58:03,435 [TestNG-PoolService-0] INFO log - ***************** End of Test: runScenario *****************
2020-04-07 17:05:37,763 [TestNG-PoolService-0] INFO log - ***************** End of Test: runScenario *****************
2020-04-07 17:06:16,442 [TestNG-PoolService-0] INFO log - ***************** End of Test: runScenario *****************
2020-04-07 17:06:53,937 [TestNG-PoolService-0] INFO log - ***************** End of Test: runScenario *****************
2020-04-07 17:07:30,379 [TestNG-PoolService-0] INFO log - ***************** End of Test: runScenario *****************
2020-04-07 17:08:05,924 [TestNG-PoolService-0] INFO log - ***************** End of Test: runScenario *****************
2020-04-07 17:13:59,256 [TestNG-PoolService-0] INFO log - ***************** End of Test: runScenario *****************
2020-04-07 17:14:34,612 [TestNG-PoolService-0] INFO log - ***************** End of Test: runScenario *****************
2020-04-07 17:15:12,818 [TestNG-PoolService-0] INFO log - ***************** End of Test: runScenario *****************
2020-04-07 17:15:47,487 [TestNG-PoolService-0] INFO log - ***************** End of Test: runScenario *****************
2020-04-07 17:16:21,662 [TestNG-PoolService-0] INFO log - ***************** End of Test: runScenario *****************
2020-04-07 17:36:29,184 [TestNG-PoolService-0] INFO log - ***************** End of Test: runScenario *****************
2020-04-07 17:36:29,201 [TestNG-PoolService-0] INFO log - ***************** End of Test: runScenario *****************
2020-04-07 17:36:29,209 [TestNG-PoolService-0] INFO log - ***************** End of Test: runScenario *****************
2020-04-07 17:36:29,213 [TestNG-PoolService-0] INFO log - ***************** End of Test: runScenario *****************
2020-04-07 17:40:09,203 [TestNG-PoolService-0] ERROR log - Failure in method: runScenario occurred There was an issue with the test run. Exception: java.lang.NullPointerException
2020-04-07 17:40:12,619 [TestNG-PoolService-0] INFO log - ***************** End of Test: runScenario *****************
2020-04-07 17:40:44,662 [TestNG-PoolService-0] ERROR log - Failure in method: runScenario occurred There was an issue with the test run. Exception: java.lang.NullPointerException
2020-04-07 17:40:45,288 [TestNG-PoolService-0] INFO log - ***************** End of Test: runScenario *****************
2020-04-07 17:41:15,915 [TestNG-PoolService-0] ERROR log - Failure in method: runScenario occurred There was an issue with the test run. Exception: java.lang.NullPointerException
2020-04-07 17:41:16,748 [TestNG-PoolService-0] INFO log - ***************** End of Test: runScenario *****************
2020-04-07 17:48:17,799 [TestNG-PoolService-0] ERROR log - Failure in method: runScenario occurred There was an issue with the test run. Exception: java.lang.NullPointerException
2020-04-07 17:48:18,727 [TestNG-PoolService-0] INFO log - ***************** End of Test: runScenario *****************
2020-04-07 17:49:38,006 [TestNG-PoolService-0] INFO log - ***************** End of Test: runScenario *****************
2020-04-07 17:50:13,242 [TestNG-PoolService-0] INFO log - ***************** End of Test: runScenario *****************
2020-04-07 17:50:51,438 [TestNG-PoolService-0] INFO log - ***************** End of Test: runScenario *****************
2020-04-07 17:51:27,910 [TestNG-PoolService-0] INFO log - ***************** End of Test: runScenario *****************
2020-04-07 17:52:01,832 [TestNG-PoolService-0] INFO log - ***************** End of Test: runScenario *****************
2020-04-07 19:06:57,007 [TestNG-PoolService-0] INFO log - ***************** End of Test: runScenario *****************
2020-04-07 19:06:57,125 [TestNG-PoolService-0] INFO log - ***************** End of Test: runScenario *****************
2020-04-07 19:06:57,135 [TestNG-PoolService-0] INFO log - ***************** End of Test: runScenario *****************
2020-04-07 19:06:57,139 [TestNG-PoolService-0] INFO log - ***************** End of Test: runScenario *****************
2020-04-07 19:08:48,935 [TestNG-PoolService-0] INFO log - ***************** End of Test: runScenario *****************
2020-04-07 19:09:36,051 [TestNG-PoolService-0] INFO log - ***************** End of Test: runScenario *****************
2020-04-07 19:10:20,528 [TestNG-PoolService-0] INFO log - ***************** End of Test: runScenario *****************
2020-04-07 19:11:35,978 [TestNG-PoolService-0] INFO log - ***************** End of Test: runScenario *****************
2020-04-07 19:12:20,706 [TestNG-PoolService-0] INFO log - ***************** End of Test: runScenario *****************
2020-04-07 20:19:23,447 [TestNG-PoolService-0] INFO log - ***************** End of Test: runScenario *****************
2020-04-07 20:21:20,375 [TestNG-PoolService-0] INFO log - ***************** End of Test: runScenario *****************
2020-04-07 20:23:28,729 [TestNG-PoolService-0] INFO log - ***************** End of Test: runScenario *****************
2020-04-07 20:24:03,236 [TestNG-PoolService-0] INFO log - ***************** End of Test: runScenario *****************
2020-04-07 20:24:39,053 [TestNG-PoolService-0] INFO log - ***************** End of Test: runScenario *****************
2020-04-07 20:25:07,932 [TestNG-PoolService-0] INFO log - ***************** End of Test: runScenario *****************
2020-04-07 20:25:38,546 [TestNG-PoolService-0] INFO log - ***************** End of Test: runScenario *****************
2020-04-07 20:39:24,311 [TestNG-PoolService-0] INFO log - ***************** End of Test: runScenario *****************
2020-04-07 21:01:13,599 [TestNG-PoolService-0] INFO log - ***************** End of Test: runScenario *****************
2020-04-07 21:01:54,456 [TestNG-PoolService-0] INFO log - ***************** End of Test: runScenario *****************
2020-04-07 21:02:23,997 [TestNG-PoolService-0] INFO log - ***************** End of Test: runScenario *****************
2020-04-07 21:03:02,705 [TestNG-PoolService-0] INFO log - ***************** End of Test: runScenario *****************
2020-04-07 21:03:35,481 [TestNG-PoolService-0] INFO log - ***************** End of Test: runScenario *****************
2020-04-07 21:08:12,781 [TestNG-PoolService-0] INFO log - ***************** End of Test: runScenario *****************
2020-04-07 21:09:31,280 [TestNG-PoolService-0] INFO log - ***************** End of Test: runScenario *****************
2020-04-07 21:16:24,248 [TestNG-PoolService-0] INFO log - ***************** End of Test: runScenario *****************
2020-04-07 21:16:59,618 [TestNG-PoolService-0] INFO log - ***************** End of Test: runScenario *****************
2020-04-07 21:17:44,064 [TestNG-PoolService-0] INFO log - ***************** End of Test: runScenario *****************
2020-04-07 21:18:25,991 [TestNG-PoolService-0] INFO log - ***************** End of Test: runScenario *****************
2020-04-07 21:19:06,996 [TestNG-PoolService-0] INFO log - ***************** End of Test: runScenario *****************
2020-04-08 13:31:06,167 [TestNG-PoolService-0] INFO log - ***************** End of Test: runScenario *****************
2020-04-08 13:31:44,499 [TestNG-PoolService-0] INFO log - ***************** End of Test: runScenario *****************
2020-04-08 13:32:28,148 [TestNG-PoolService-0] INFO log - ***************** End of Test: runScenario *****************
2020-04-08 13:33:10,428 [TestNG-PoolService-0] INFO log - ***************** End of Test: runScenario *****************
2020-04-08 13:33:52,335 [TestNG-PoolService-0] INFO log - ***************** End of Test: runScenario *****************
2020-04-08 13:35:34,274 [TestNG-PoolService-0] INFO log - ***************** End of Test: runScenario *****************
2020-04-08 13:36:03,781 [TestNG-PoolService-0] INFO log - ***************** End of Test: runScenario *****************
2020-04-08 13:36:46,358 [TestNG-PoolService-0] INFO log - ***************** End of Test: runScenario *****************
2020-04-08 13:37:26,948 [TestNG-PoolService-0] INFO log - ***************** End of Test: runScenario *****************
2020-04-08 13:38:07,621 [TestNG-PoolService-0] INFO log - ***************** End of Test: runScenario *****************
2020-04-08 16:37:58,961 [TestNG-PoolService-0] INFO log - ***************** End of Test: runScenario *****************
2020-04-08 16:38:29,764 [TestNG-PoolService-0] INFO log - ***************** End of Test: runScenario *****************
2020-04-08 16:39:11,974 [TestNG-PoolService-0] INFO log - ***************** End of Test: runScenario *****************
2020-04-08 16:39:53,865 [TestNG-PoolService-0] INFO log - ***************** End of Test: runScenario *****************
2020-04-08 16:40:36,138 [TestNG-PoolService-0] INFO log - ***************** End of Test: runScenario *****************
2020-04-08 16:42:31,840 [TestNG-PoolService-0] INFO log - ***************** End of Test: runScenario *****************
2020-04-08 16:43:06,807 [TestNG-PoolService-0] INFO log - ***************** End of Test: runScenario *****************
2020-04-08 16:43:47,832 [TestNG-PoolService-0] INFO log - ***************** End of Test: runScenario *****************
2020-04-08 16:44:26,410 [TestNG-PoolService-0] INFO log - ***************** End of Test: runScenario *****************
2020-04-08 16:45:08,031 [TestNG-PoolService-0] INFO log - ***************** End of Test: runScenario *****************
2020-04-08 18:05:31,447 [TestNG-PoolService-0] INFO log - ***************** End of Test: runScenario *****************
2020-04-08 18:06:01,121 [TestNG-PoolService-0] INFO log - ***************** End of Test: runScenario *****************
2020-04-08 18:06:41,549 [TestNG-PoolService-0] INFO log - ***************** End of Test: runScenario *****************
2020-04-08 18:07:15,008 [TestNG-PoolService-0] INFO log - ***************** End of Test: runScenario *****************
2020-04-08 18:07:41,675 [TestNG-PoolService-0] INFO log - ***************** End of Test: runScenario *****************
2020-04-08 18:15:18,516 [TestNG-PoolService-0] INFO log - ***************** End of Test: runScenario *****************
2020-04-08 18:15:44,908 [TestNG-PoolService-0] INFO log - ***************** End of Test: runScenario *****************
2020-04-08 18:16:20,971 [TestNG-PoolService-0] INFO log - ***************** End of Test: runScenario *****************
2020-04-08 18:16:55,232 [TestNG-PoolService-0] INFO log - ***************** End of Test: runScenario *****************
2020-04-08 18:17:31,824 [TestNG-PoolService-0] INFO log - ***************** End of Test: runScenario *****************
2020-04-08 18:20:02,525 [TestNG-PoolService-0] INFO log - ***************** End of Test: runScenario *****************
2020-04-08 18:20:23,330 [TestNG-PoolService-0] INFO log - ***************** End of Test: runScenario *****************
2020-04-08 18:20:55,089 [TestNG-PoolService-0] INFO log - ***************** End of Test: runScenario *****************
2020-04-08 18:21:18,179 [TestNG-PoolService-0] INFO log - ***************** End of Test: runScenario *****************
2020-04-08 18:21:42,519 [TestNG-PoolService-0] INFO log - ***************** End of Test: runScenario *****************
2020-04-08 18:23:52,090 [TestNG-PoolService-0] INFO log - ***************** End of Test: runScenario *****************
2020-04-08 18:24:18,151 [TestNG-PoolService-0] INFO log - ***************** End of Test: runScenario *****************
2020-04-08 18:24:54,401 [TestNG-PoolService-0] INFO log - ***************** End of Test: runScenario *****************
2020-04-08 18:25:27,395 [TestNG-PoolService-0] INFO log - ***************** End of Test: runScenario *****************
2020-04-08 18:26:01,631 [TestNG-PoolService-0] INFO log - ***************** End of Test: runScenario *****************
2020-04-08 18:39:33,884 [TestNG-PoolService-0] INFO log - ***************** End of Test: runScenario *****************
2020-04-08 18:57:53,952 [TestNG-PoolService-0] INFO log - ***************** End of Test: runScenario *****************
2020-04-08 18:58:37,222 [TestNG-PoolService-0] INFO log - ***************** End of Test: runScenario *****************
2020-04-08 18:59:21,053 [TestNG-PoolService-0] INFO log - ***************** End of Test: runScenario *****************
2020-04-08 18:59:58,039 [TestNG-PoolService-0] INFO log - ***************** End of Test: runScenario *****************
2020-04-08 19:00:34,001 [TestNG-PoolService-0] INFO log - ***************** End of Test: runScenario *****************
